#
# A fatal error has been detected by the Java Runtime Environment:
#
#  EXCEPTION_ACCESS_VIOLATION (0xc0000005) at pc=0x00007ffe7d796185, pid=1396, tid=3764
#
# JRE version: Java(TM) SE Runtime Environment (17.0.5+9) (build 17.0.5+9-LTS-191)
# Java VM: Java HotSpot(TM) 64-Bit Server VM (17.0.5+9-LTS-191, mixed mode, sharing, tiered, compressed oops, compressed class ptrs, g1 gc, windows-amd64)
# Problematic frame:
# C  [dll64.dll+0x6185]
#
# No core dump will be written. Minidumps are not enabled by default on client versions of Windows
#
# If you would like to submit a bug report, please visit:
#   https://bugreport.java.com/bugreport/crash.jsp
# The crash happened outside the Java Virtual Machine in native code.
# See problematic frame for where to report the bug.
#

---------------  S U M M A R Y ------------

Command Line: -javaagent:D:\IntelliJ IDEA 2022.3\lib\idea_rt.jar=52679:D:\IntelliJ IDEA 2022.3\bin -Dfile.encoding=UTF-8 com.yt.server.Test

Host: 12th Gen Intel(R) Core(TM) i5-12400, 12 cores, 31G,  Windows 10 , 64 bit Build 19041 (10.0.19041.1348)
Time: Mon Aug 26 08:57:58 2024  Windows 10 , 64 bit Build 19041 (10.0.19041.1348) elapsed time: 0.347715 seconds (0d 0h 0m 0s)

---------------  T H R E A D  ---------------

Current thread (0x000001d1d38c1390):  JavaThread "main" [_thread_in_native, id=3764, stack(0x0000009a4d300000,0x0000009a4d400000)]

Stack: [0x0000009a4d300000,0x0000009a4d400000],  sp=0x0000009a4d3feab0,  free space=1018k
Native frames: (J=compiled Java code, j=interpreted, Vv=VM code, C=native code)
C  [dll64.dll+0x6185]

Java frames: (J=compiled Java code, j=interpreted, Vv=VM code)
j  com.sun.jna.Function.invokeInt(I[Ljava/lang/Object;)I+0
j  com.sun.jna.Function.invoke([Ljava/lang/Object;Ljava/lang/Class;)Ljava/lang/Object;+309
j  com.sun.jna.Function.invoke(Ljava/lang/Class;[Ljava/lang/Object;Ljava/util/Map;)Ljava/lang/Object;+194
j  com.sun.jna.Library$Handler.invoke(Ljava/lang/Object;Ljava/lang/reflect/Method;[Ljava/lang/Object;)Ljava/lang/Object;+344
j  com.yt.server.$Proxy0.GetIDCode(Ljava/lang/String;S)I+23
j  com.yt.server.Test.main([Ljava/lang/String;)V+23
v  ~StubRoutines::call_stub

siginfo: EXCEPTION_ACCESS_VIOLATION (0xc0000005), writing address 0x0000000000000001


Register to memory mapping:

RIP=0x00007ffe7d796185 dll64.dll
RAX=0x000001d1fefa1c70 points into unknown readable memory: 0x0000363534333200 | 00 32 33 34 35 36 00 00
RBX=0x0000009a4d3fec08 is pointing into the stack for thread: 0x000001d1d38c1390
RCX=0xffff81d3816fb6ea is an unknown value
RDX=0x00007ffe7d8a6586 dll64.dll
RSP=0x0000009a4d3feab0 is pointing into the stack for thread: 0x000001d1d38c1390
RBP=0x00007ffe7d8a6586 dll64.dll
RSI=0x0000009a4d3febe8 is pointing into the stack for thread: 0x000001d1d38c1390
RDI=0x0000009a4d3febc8 is pointing into the stack for thread: 0x000001d1d38c1390
R8 =0x0000000000000001 is an unknown value
R9 =0x0000009a4d3fea50 is pointing into the stack for thread: 0x000001d1d38c1390
R10=0x0 is NULL
R11=0x000001d1fefa1c70 points into unknown readable memory: 0x0000363534333200 | 00 32 33 34 35 36 00 00
R12=0x0000009a4d3feba8 is pointing into the stack for thread: 0x000001d1d38c1390
R13=0x0000000000000001 is an unknown value
R14=0x000001d1fefa1c70 points into unknown readable memory: 0x0000363534333200 | 00 32 33 34 35 36 00 00
R15=0x0000009a4d3feb88 is pointing into the stack for thread: 0x000001d1d38c1390


Registers:
RAX=0x000001d1fefa1c70, RBX=0x0000009a4d3fec08, RCX=0xffff81d3816fb6ea, RDX=0x00007ffe7d8a6586
RSP=0x0000009a4d3feab0, RBP=0x00007ffe7d8a6586, RSI=0x0000009a4d3febe8, RDI=0x0000009a4d3febc8
R8 =0x0000000000000001, R9 =0x0000009a4d3fea50, R10=0x0000000000000000, R11=0x000001d1fefa1c70
R12=0x0000009a4d3feba8, R13=0x0000000000000001, R14=0x000001d1fefa1c70, R15=0x0000009a4d3feb88
RIP=0x00007ffe7d796185, EFLAGS=0x0000000000010246

Top of Stack: (sp=0x0000009a4d3feab0)
0x0000009a4d3feab0:   0000009a4d3fec08 00007ffe7d8a75c0
0x0000009a4d3feac0:   0000000000000000 0000000000000000
0x0000009a4d3fead0:   0000000000000000 00007ffe30f6efa0
0x0000009a4d3feae0:   0000009a4d3fec28 0000009a4d3feb68
0x0000009a4d3feaf0:   0000009a4d3feb48 0000009a4d3feb30
0x0000009a4d3feb00:   0000000000000000 00007ffe307edd3c
0x0000009a4d3feb10:   0000000000000000 0000000000000000
0x0000009a4d3feb20:   000001d1d38c1300 00007ffe30f6efa0
0x0000009a4d3feb30:   0000000000000000 0000000000000000
0x0000009a4d3feb40:   0000000000000000 000001d182087260
0x0000009a4d3feb50:   000000000000005a 000000000000009c
0x0000009a4d3feb60:   000000000000000e 000001d1820874c0
0x0000009a4d3feb70:   000000000000005d 000000000000009c
0x0000009a4d3feb80:   0000000000000000 000001d1820876d0
0x0000009a4d3feb90:   00000000000000ea 0000000000000168
0x0000009a4d3feba0:   000001d1d38c1300 0000009a4d3febb8 

Instructions: (pc=0x00007ffe7d796185)
0x00007ffe7d796085:   4c 24 30 e8 13 b2 03 00 89 c5 48 89 d9 e8 49 00
0x00007ffe7d796095:   0e 00 85 ed 74 67 e8 80 97 04 00 31 d2 45 31 c0
0x00007ffe7d7960a5:   45 31 c9 48 89 c1 48 89 94 24 58 01 00 00 45 31
0x00007ffe7d7960b5:   d2 48 8d 05 e1 14 11 00 48 8d 54 24 60 44 89 84
0x00007ffe7d7960c5:   24 60 01 00 00 0f 10 84 24 58 01 00 00 41 b8 04
0x00007ffe7d7960d5:   00 00 00 4c 89 8c 24 68 01 00 00 4c 8d 4c 24 50
0x00007ffe7d7960e5:   4c 89 54 24 70 48 89 44 24 50 48 c7 44 24 58 15
0x00007ffe7d7960f5:   00 00 00 0f 11 44 24 60 e8 be a6 04 00 31 c0 48
0x00007ffe7d796105:   8b 4c 24 30 4c 8d 0d 76 04 11 00 4c 8d 05 9d 14
0x00007ffe7d796115:   11 00 48 89 44 24 20 48 8d 15 98 14 11 00 e8 a8
0x00007ffe7d796125:   1b 05 00 48 89 c2 48 89 f9 48 89 c5 e8 92 bb ff
0x00007ffe7d796135:   ff 49 89 f8 48 8d 15 80 14 11 00 48 89 f1 e8 e8
0x00007ffe7d796145:   6f 10 00 4c 8d 05 e1 0b 11 00 48 89 f2 48 89 d9
0x00007ffe7d796155:   e8 f6 6e 10 00 48 89 d9 e8 ae 98 04 00 48 89 d9
0x00007ffe7d796165:   e8 76 ff 0d 00 48 89 f1 e8 6e ff 0d 00 48 89 f9
0x00007ffe7d796175:   e8 66 ff 0d 00 48 89 ea 4c 89 f1 e8 63 33 03 00
0x00007ffe7d796185:   66 41 c7 45 00 01 00 48 8b 4c 24 30 e8 2a b6 03
0x00007ffe7d796195:   00 4c 89 e1 e8 42 ff 0d 00 4c 89 f9 e8 3a ff 0d
0x00007ffe7d7961a5:   00 48 8b 4c 24 38 e8 80 40 0e 00 48 8b 4c 24 40
0x00007ffe7d7961b5:   e8 76 40 0e 00 48 8b 4c 24 48 e8 6c ee 0d 00 b8
0x00007ffe7d7961c5:   01 00 00 00 48 81 c4 f8 01 00 00 5b 5e 5f 5d 41
0x00007ffe7d7961d5:   5c 41 5d 41 5e 41 5f c3 48 8b 4c 24 30 48 89 c7
0x00007ffe7d7961e5:   e8 f6 fe 0d 00 eb 03 48 89 c7 48 89 d9 e8 e9 fe
0x00007ffe7d7961f5:   0d 00 eb 03 48 89 c7 48 89 f1 e8 dc fe 0d 00 48
0x00007ffe7d796205:   89 f9 e9 eb 00 00 00 48 8b 4c 24 30 48 89 c3 e8
0x00007ffe7d796215:   17 ee 0d 00 e9 cc 00 00 00 48 89 c5 48 89 d9 e8
0x00007ffe7d796225:   b7 fe 0d 00 48 89 eb eb 03 48 89 c3 48 89 f1 e8
0x00007ffe7d796235:   a7 fe 0d 00 eb 03 48 89 c3 48 89 f9 e8 9a fe 0d
0x00007ffe7d796245:   00 eb 03 48 89 c3 48 8b 4c 24 30 eb 70 48 8b 4c
0x00007ffe7d796255:   24 30 48 89 c3 eb 59 48 8b 4c 24 30 48 89 c3 e8
0x00007ffe7d796265:   c7 3f 0e 00 eb 54 48 89 c5 48 89 d9 e8 6a fe 0d
0x00007ffe7d796275:   00 48 89 eb eb 2d 48 89 c5 48 89 d9 e8 5a fe 0d 


Stack slot to memory mapping:
stack at sp + 0 slots: 0x0000009a4d3fec08 is pointing into the stack for thread: 0x000001d1d38c1390
stack at sp + 1 slots: 0x00007ffe7d8a75c0 dll64.dll
stack at sp + 2 slots: 0x0 is NULL
stack at sp + 3 slots: 0x0 is NULL
stack at sp + 4 slots: 0x0 is NULL
stack at sp + 5 slots: 0x00007ffe30f6efa0 jvm.dll
stack at sp + 6 slots: 0x0000009a4d3fec28 is pointing into the stack for thread: 0x000001d1d38c1390
stack at sp + 7 slots: 0x0000009a4d3feb68 is pointing into the stack for thread: 0x000001d1d38c1390


---------------  P R O C E S S  ---------------

Threads class SMR info:
_java_thread_list=0x000001d1fedbcbc0, length=14, elements={
0x000001d1d38c1390, 0x000001d1fe039db0, 0x000001d1fe03ac20, 0x000001d1fe04ee60,
0x000001d1fe050a20, 0x000001d1fe0537e0, 0x000001d1fe054930, 0x000001d1fe061670,
0x000001d1fe072ea0, 0x000001d1fe068da0, 0x000001d1febb05c0, 0x000001d1fecb3de0,
0x000001d1fef28ac0, 0x000001d1feec4fe0
}

Java Threads: ( => current thread )
=>0x000001d1d38c1390 JavaThread "main" [_thread_in_native, id=3764, stack(0x0000009a4d300000,0x0000009a4d400000)]
  0x000001d1fe039db0 JavaThread "Reference Handler" daemon [_thread_blocked, id=4160, stack(0x0000009a4da00000,0x0000009a4db00000)]
  0x000001d1fe03ac20 JavaThread "Finalizer" daemon [_thread_blocked, id=1248, stack(0x0000009a4db00000,0x0000009a4dc00000)]
  0x000001d1fe04ee60 JavaThread "Signal Dispatcher" daemon [_thread_blocked, id=8336, stack(0x0000009a4dc00000,0x0000009a4dd00000)]
  0x000001d1fe050a20 JavaThread "Attach Listener" daemon [_thread_blocked, id=13184, stack(0x0000009a4dd00000,0x0000009a4de00000)]
  0x000001d1fe0537e0 JavaThread "Service Thread" daemon [_thread_blocked, id=13020, stack(0x0000009a4de00000,0x0000009a4df00000)]
  0x000001d1fe054930 JavaThread "Monitor Deflation Thread" daemon [_thread_blocked, id=13352, stack(0x0000009a4df00000,0x0000009a4e000000)]
  0x000001d1fe061670 JavaThread "C2 CompilerThread0" daemon [_thread_blocked, id=1888, stack(0x0000009a4e000000,0x0000009a4e100000)]
  0x000001d1fe072ea0 JavaThread "C1 CompilerThread0" daemon [_thread_blocked, id=13628, stack(0x0000009a4e100000,0x0000009a4e200000)]
  0x000001d1fe068da0 JavaThread "Sweeper thread" daemon [_thread_blocked, id=228, stack(0x0000009a4e200000,0x0000009a4e300000)]
  0x000001d1febb05c0 JavaThread "Common-Cleaner" daemon [_thread_blocked, id=7688, stack(0x0000009a4e300000,0x0000009a4e400000)]
  0x000001d1fecb3de0 JavaThread "C2 CompilerThread1" daemon [_thread_blocked, id=6928, stack(0x0000009a4e400000,0x0000009a4e500000)]
  0x000001d1fef28ac0 JavaThread "Monitor Ctrl-Break" daemon [_thread_in_native, id=10184, stack(0x0000009a4e500000,0x0000009a4e600000)]
  0x000001d1feec4fe0 JavaThread "Notification Thread" daemon [_thread_blocked, id=7636, stack(0x0000009a4e600000,0x0000009a4e700000)]

Other Threads:
  0x000001d1fe033720 VMThread "VM Thread" [stack: 0x0000009a4d900000,0x0000009a4da00000] [id=1404]
  0x000001d1ffb6da70 WatcherThread [stack: 0x0000009a4e700000,0x0000009a4e800000] [id=5288]
  0x000001d1fdec0900 GCTaskThread "GC Thread#0" [stack: 0x0000009a4d400000,0x0000009a4d500000] [id=8980]
  0x000001d1d393d9c0 ConcurrentGCThread "G1 Main Marker" [stack: 0x0000009a4d500000,0x0000009a4d600000] [id=13960]
  0x000001d1d393e3d0 ConcurrentGCThread "G1 Conc#0" [stack: 0x0000009a4d600000,0x0000009a4d700000] [id=9048]
  0x000001d1d396e870 ConcurrentGCThread "G1 Refine#0" [stack: 0x0000009a4d700000,0x0000009a4d800000] [id=6120]
  0x000001d1fdf6c480 ConcurrentGCThread "G1 Service" [stack: 0x0000009a4d800000,0x0000009a4d900000] [id=13856]

Threads with active compile tasks:

VM state: not at safepoint (normal execution)

VM Mutex/Monitor currently owned by a thread: None

Heap address: 0x0000000604000000, size: 8128 MB, Compressed Oops mode: Zero based, Oop shift amount: 3

CDS archive(s) mapped at: [0x0000000800000000-0x0000000800bd0000-0x0000000800bd0000), size 12386304, SharedBaseAddress: 0x0000000800000000, ArchiveRelocationMode: 0.
Compressed class space mapped at: 0x0000000800c00000-0x0000000840c00000, reserved size: 1073741824
Narrow klass base: 0x0000000800000000, Narrow klass shift: 0, Narrow klass range: 0x100000000

GC Precious Log:
 CPUs: 12 total, 12 available
 Memory: 32509M
 Large Page Support: Disabled
 NUMA Support: Disabled
 Compressed Oops: Enabled (Zero based)
 Heap Region Size: 4M
 Heap Min Capacity: 8M
 Heap Initial Capacity: 508M
 Heap Max Capacity: 8128M
 Pre-touch: Disabled
 Parallel Workers: 10
 Concurrent Workers: 3
 Concurrent Refinement Workers: 10
 Periodic GC: Disabled

Heap:
 garbage-first heap   total 520192K, used 8192K [0x0000000604000000, 0x0000000800000000)
  region size 4096K, 3 young (12288K), 0 survivors (0K)
 Metaspace       used 2392K, committed 2496K, reserved 1056768K
  class space    used 208K, committed 256K, reserved 1048576K

Heap Regions: E=young(eden), S=young(survivor), O=old, HS=humongous(starts), HC=humongous(continues), CS=collection set, F=free, OA=open archive, CA=closed archive, TAMS=top-at-mark-start (previous, next)
|   0|0x0000000604000000, 0x0000000604000000, 0x0000000604400000|  0%| F|  |TAMS 0x0000000604000000, 0x0000000604000000| Untracked 
|   1|0x0000000604400000, 0x0000000604400000, 0x0000000604800000|  0%| F|  |TAMS 0x0000000604400000, 0x0000000604400000| Untracked 
|   2|0x0000000604800000, 0x0000000604800000, 0x0000000604c00000|  0%| F|  |TAMS 0x0000000604800000, 0x0000000604800000| Untracked 
|   3|0x0000000604c00000, 0x0000000604c00000, 0x0000000605000000|  0%| F|  |TAMS 0x0000000604c00000, 0x0000000604c00000| Untracked 
|   4|0x0000000605000000, 0x0000000605000000, 0x0000000605400000|  0%| F|  |TAMS 0x0000000605000000, 0x0000000605000000| Untracked 
|   5|0x0000000605400000, 0x0000000605400000, 0x0000000605800000|  0%| F|  |TAMS 0x0000000605400000, 0x0000000605400000| Untracked 
|   6|0x0000000605800000, 0x0000000605800000, 0x0000000605c00000|  0%| F|  |TAMS 0x0000000605800000, 0x0000000605800000| Untracked 
|   7|0x0000000605c00000, 0x0000000605c00000, 0x0000000606000000|  0%| F|  |TAMS 0x0000000605c00000, 0x0000000605c00000| Untracked 
|   8|0x0000000606000000, 0x0000000606000000, 0x0000000606400000|  0%| F|  |TAMS 0x0000000606000000, 0x0000000606000000| Untracked 
|   9|0x0000000606400000, 0x0000000606400000, 0x0000000606800000|  0%| F|  |TAMS 0x0000000606400000, 0x0000000606400000| Untracked 
|  10|0x0000000606800000, 0x0000000606800000, 0x0000000606c00000|  0%| F|  |TAMS 0x0000000606800000, 0x0000000606800000| Untracked 
|  11|0x0000000606c00000, 0x0000000606c00000, 0x0000000607000000|  0%| F|  |TAMS 0x0000000606c00000, 0x0000000606c00000| Untracked 
|  12|0x0000000607000000, 0x0000000607000000, 0x0000000607400000|  0%| F|  |TAMS 0x0000000607000000, 0x0000000607000000| Untracked 
|  13|0x0000000607400000, 0x0000000607400000, 0x0000000607800000|  0%| F|  |TAMS 0x0000000607400000, 0x0000000607400000| Untracked 
|  14|0x0000000607800000, 0x0000000607800000, 0x0000000607c00000|  0%| F|  |TAMS 0x0000000607800000, 0x0000000607800000| Untracked 
|  15|0x0000000607c00000, 0x0000000607c00000, 0x0000000608000000|  0%| F|  |TAMS 0x0000000607c00000, 0x0000000607c00000| Untracked 
|  16|0x0000000608000000, 0x0000000608000000, 0x0000000608400000|  0%| F|  |TAMS 0x0000000608000000, 0x0000000608000000| Untracked 
|  17|0x0000000608400000, 0x0000000608400000, 0x0000000608800000|  0%| F|  |TAMS 0x0000000608400000, 0x0000000608400000| Untracked 
|  18|0x0000000608800000, 0x0000000608800000, 0x0000000608c00000|  0%| F|  |TAMS 0x0000000608800000, 0x0000000608800000| Untracked 
|  19|0x0000000608c00000, 0x0000000608c00000, 0x0000000609000000|  0%| F|  |TAMS 0x0000000608c00000, 0x0000000608c00000| Untracked 
|  20|0x0000000609000000, 0x0000000609000000, 0x0000000609400000|  0%| F|  |TAMS 0x0000000609000000, 0x0000000609000000| Untracked 
|  21|0x0000000609400000, 0x0000000609400000, 0x0000000609800000|  0%| F|  |TAMS 0x0000000609400000, 0x0000000609400000| Untracked 
|  22|0x0000000609800000, 0x0000000609800000, 0x0000000609c00000|  0%| F|  |TAMS 0x0000000609800000, 0x0000000609800000| Untracked 
|  23|0x0000000609c00000, 0x0000000609c00000, 0x000000060a000000|  0%| F|  |TAMS 0x0000000609c00000, 0x0000000609c00000| Untracked 
|  24|0x000000060a000000, 0x000000060a000000, 0x000000060a400000|  0%| F|  |TAMS 0x000000060a000000, 0x000000060a000000| Untracked 
|  25|0x000000060a400000, 0x000000060a400000, 0x000000060a800000|  0%| F|  |TAMS 0x000000060a400000, 0x000000060a400000| Untracked 
|  26|0x000000060a800000, 0x000000060a800000, 0x000000060ac00000|  0%| F|  |TAMS 0x000000060a800000, 0x000000060a800000| Untracked 
|  27|0x000000060ac00000, 0x000000060ac00000, 0x000000060b000000|  0%| F|  |TAMS 0x000000060ac00000, 0x000000060ac00000| Untracked 
|  28|0x000000060b000000, 0x000000060b000000, 0x000000060b400000|  0%| F|  |TAMS 0x000000060b000000, 0x000000060b000000| Untracked 
|  29|0x000000060b400000, 0x000000060b400000, 0x000000060b800000|  0%| F|  |TAMS 0x000000060b400000, 0x000000060b400000| Untracked 
|  30|0x000000060b800000, 0x000000060b800000, 0x000000060bc00000|  0%| F|  |TAMS 0x000000060b800000, 0x000000060b800000| Untracked 
|  31|0x000000060bc00000, 0x000000060bc00000, 0x000000060c000000|  0%| F|  |TAMS 0x000000060bc00000, 0x000000060bc00000| Untracked 
|  32|0x000000060c000000, 0x000000060c000000, 0x000000060c400000|  0%| F|  |TAMS 0x000000060c000000, 0x000000060c000000| Untracked 
|  33|0x000000060c400000, 0x000000060c400000, 0x000000060c800000|  0%| F|  |TAMS 0x000000060c400000, 0x000000060c400000| Untracked 
|  34|0x000000060c800000, 0x000000060c800000, 0x000000060cc00000|  0%| F|  |TAMS 0x000000060c800000, 0x000000060c800000| Untracked 
|  35|0x000000060cc00000, 0x000000060cc00000, 0x000000060d000000|  0%| F|  |TAMS 0x000000060cc00000, 0x000000060cc00000| Untracked 
|  36|0x000000060d000000, 0x000000060d000000, 0x000000060d400000|  0%| F|  |TAMS 0x000000060d000000, 0x000000060d000000| Untracked 
|  37|0x000000060d400000, 0x000000060d400000, 0x000000060d800000|  0%| F|  |TAMS 0x000000060d400000, 0x000000060d400000| Untracked 
|  38|0x000000060d800000, 0x000000060d800000, 0x000000060dc00000|  0%| F|  |TAMS 0x000000060d800000, 0x000000060d800000| Untracked 
|  39|0x000000060dc00000, 0x000000060dc00000, 0x000000060e000000|  0%| F|  |TAMS 0x000000060dc00000, 0x000000060dc00000| Untracked 
|  40|0x000000060e000000, 0x000000060e000000, 0x000000060e400000|  0%| F|  |TAMS 0x000000060e000000, 0x000000060e000000| Untracked 
|  41|0x000000060e400000, 0x000000060e400000, 0x000000060e800000|  0%| F|  |TAMS 0x000000060e400000, 0x000000060e400000| Untracked 
|  42|0x000000060e800000, 0x000000060e800000, 0x000000060ec00000|  0%| F|  |TAMS 0x000000060e800000, 0x000000060e800000| Untracked 
|  43|0x000000060ec00000, 0x000000060ec00000, 0x000000060f000000|  0%| F|  |TAMS 0x000000060ec00000, 0x000000060ec00000| Untracked 
|  44|0x000000060f000000, 0x000000060f000000, 0x000000060f400000|  0%| F|  |TAMS 0x000000060f000000, 0x000000060f000000| Untracked 
|  45|0x000000060f400000, 0x000000060f400000, 0x000000060f800000|  0%| F|  |TAMS 0x000000060f400000, 0x000000060f400000| Untracked 
|  46|0x000000060f800000, 0x000000060f800000, 0x000000060fc00000|  0%| F|  |TAMS 0x000000060f800000, 0x000000060f800000| Untracked 
|  47|0x000000060fc00000, 0x000000060fc00000, 0x0000000610000000|  0%| F|  |TAMS 0x000000060fc00000, 0x000000060fc00000| Untracked 
|  48|0x0000000610000000, 0x0000000610000000, 0x0000000610400000|  0%| F|  |TAMS 0x0000000610000000, 0x0000000610000000| Untracked 
|  49|0x0000000610400000, 0x0000000610400000, 0x0000000610800000|  0%| F|  |TAMS 0x0000000610400000, 0x0000000610400000| Untracked 
|  50|0x0000000610800000, 0x0000000610800000, 0x0000000610c00000|  0%| F|  |TAMS 0x0000000610800000, 0x0000000610800000| Untracked 
|  51|0x0000000610c00000, 0x0000000610c00000, 0x0000000611000000|  0%| F|  |TAMS 0x0000000610c00000, 0x0000000610c00000| Untracked 
|  52|0x0000000611000000, 0x0000000611000000, 0x0000000611400000|  0%| F|  |TAMS 0x0000000611000000, 0x0000000611000000| Untracked 
|  53|0x0000000611400000, 0x0000000611400000, 0x0000000611800000|  0%| F|  |TAMS 0x0000000611400000, 0x0000000611400000| Untracked 
|  54|0x0000000611800000, 0x0000000611800000, 0x0000000611c00000|  0%| F|  |TAMS 0x0000000611800000, 0x0000000611800000| Untracked 
|  55|0x0000000611c00000, 0x0000000611c00000, 0x0000000612000000|  0%| F|  |TAMS 0x0000000611c00000, 0x0000000611c00000| Untracked 
|  56|0x0000000612000000, 0x0000000612000000, 0x0000000612400000|  0%| F|  |TAMS 0x0000000612000000, 0x0000000612000000| Untracked 
|  57|0x0000000612400000, 0x0000000612400000, 0x0000000612800000|  0%| F|  |TAMS 0x0000000612400000, 0x0000000612400000| Untracked 
|  58|0x0000000612800000, 0x0000000612800000, 0x0000000612c00000|  0%| F|  |TAMS 0x0000000612800000, 0x0000000612800000| Untracked 
|  59|0x0000000612c00000, 0x0000000612c00000, 0x0000000613000000|  0%| F|  |TAMS 0x0000000612c00000, 0x0000000612c00000| Untracked 
|  60|0x0000000613000000, 0x0000000613000000, 0x0000000613400000|  0%| F|  |TAMS 0x0000000613000000, 0x0000000613000000| Untracked 
|  61|0x0000000613400000, 0x0000000613400000, 0x0000000613800000|  0%| F|  |TAMS 0x0000000613400000, 0x0000000613400000| Untracked 
|  62|0x0000000613800000, 0x0000000613800000, 0x0000000613c00000|  0%| F|  |TAMS 0x0000000613800000, 0x0000000613800000| Untracked 
|  63|0x0000000613c00000, 0x0000000613c00000, 0x0000000614000000|  0%| F|  |TAMS 0x0000000613c00000, 0x0000000613c00000| Untracked 
|  64|0x0000000614000000, 0x0000000614000000, 0x0000000614400000|  0%| F|  |TAMS 0x0000000614000000, 0x0000000614000000| Untracked 
|  65|0x0000000614400000, 0x0000000614400000, 0x0000000614800000|  0%| F|  |TAMS 0x0000000614400000, 0x0000000614400000| Untracked 
|  66|0x0000000614800000, 0x0000000614800000, 0x0000000614c00000|  0%| F|  |TAMS 0x0000000614800000, 0x0000000614800000| Untracked 
|  67|0x0000000614c00000, 0x0000000614c00000, 0x0000000615000000|  0%| F|  |TAMS 0x0000000614c00000, 0x0000000614c00000| Untracked 
|  68|0x0000000615000000, 0x0000000615000000, 0x0000000615400000|  0%| F|  |TAMS 0x0000000615000000, 0x0000000615000000| Untracked 
|  69|0x0000000615400000, 0x0000000615400000, 0x0000000615800000|  0%| F|  |TAMS 0x0000000615400000, 0x0000000615400000| Untracked 
|  70|0x0000000615800000, 0x0000000615800000, 0x0000000615c00000|  0%| F|  |TAMS 0x0000000615800000, 0x0000000615800000| Untracked 
|  71|0x0000000615c00000, 0x0000000615c00000, 0x0000000616000000|  0%| F|  |TAMS 0x0000000615c00000, 0x0000000615c00000| Untracked 
|  72|0x0000000616000000, 0x0000000616000000, 0x0000000616400000|  0%| F|  |TAMS 0x0000000616000000, 0x0000000616000000| Untracked 
|  73|0x0000000616400000, 0x0000000616400000, 0x0000000616800000|  0%| F|  |TAMS 0x0000000616400000, 0x0000000616400000| Untracked 
|  74|0x0000000616800000, 0x0000000616800000, 0x0000000616c00000|  0%| F|  |TAMS 0x0000000616800000, 0x0000000616800000| Untracked 
|  75|0x0000000616c00000, 0x0000000616c00000, 0x0000000617000000|  0%| F|  |TAMS 0x0000000616c00000, 0x0000000616c00000| Untracked 
|  76|0x0000000617000000, 0x0000000617000000, 0x0000000617400000|  0%| F|  |TAMS 0x0000000617000000, 0x0000000617000000| Untracked 
|  77|0x0000000617400000, 0x0000000617400000, 0x0000000617800000|  0%| F|  |TAMS 0x0000000617400000, 0x0000000617400000| Untracked 
|  78|0x0000000617800000, 0x0000000617800000, 0x0000000617c00000|  0%| F|  |TAMS 0x0000000617800000, 0x0000000617800000| Untracked 
|  79|0x0000000617c00000, 0x0000000617c00000, 0x0000000618000000|  0%| F|  |TAMS 0x0000000617c00000, 0x0000000617c00000| Untracked 
|  80|0x0000000618000000, 0x0000000618000000, 0x0000000618400000|  0%| F|  |TAMS 0x0000000618000000, 0x0000000618000000| Untracked 
|  81|0x0000000618400000, 0x0000000618400000, 0x0000000618800000|  0%| F|  |TAMS 0x0000000618400000, 0x0000000618400000| Untracked 
|  82|0x0000000618800000, 0x0000000618800000, 0x0000000618c00000|  0%| F|  |TAMS 0x0000000618800000, 0x0000000618800000| Untracked 
|  83|0x0000000618c00000, 0x0000000618c00000, 0x0000000619000000|  0%| F|  |TAMS 0x0000000618c00000, 0x0000000618c00000| Untracked 
|  84|0x0000000619000000, 0x0000000619000000, 0x0000000619400000|  0%| F|  |TAMS 0x0000000619000000, 0x0000000619000000| Untracked 
|  85|0x0000000619400000, 0x0000000619400000, 0x0000000619800000|  0%| F|  |TAMS 0x0000000619400000, 0x0000000619400000| Untracked 
|  86|0x0000000619800000, 0x0000000619800000, 0x0000000619c00000|  0%| F|  |TAMS 0x0000000619800000, 0x0000000619800000| Untracked 
|  87|0x0000000619c00000, 0x0000000619c00000, 0x000000061a000000|  0%| F|  |TAMS 0x0000000619c00000, 0x0000000619c00000| Untracked 
|  88|0x000000061a000000, 0x000000061a000000, 0x000000061a400000|  0%| F|  |TAMS 0x000000061a000000, 0x000000061a000000| Untracked 
|  89|0x000000061a400000, 0x000000061a400000, 0x000000061a800000|  0%| F|  |TAMS 0x000000061a400000, 0x000000061a400000| Untracked 
|  90|0x000000061a800000, 0x000000061a800000, 0x000000061ac00000|  0%| F|  |TAMS 0x000000061a800000, 0x000000061a800000| Untracked 
|  91|0x000000061ac00000, 0x000000061ac00000, 0x000000061b000000|  0%| F|  |TAMS 0x000000061ac00000, 0x000000061ac00000| Untracked 
|  92|0x000000061b000000, 0x000000061b000000, 0x000000061b400000|  0%| F|  |TAMS 0x000000061b000000, 0x000000061b000000| Untracked 
|  93|0x000000061b400000, 0x000000061b400000, 0x000000061b800000|  0%| F|  |TAMS 0x000000061b400000, 0x000000061b400000| Untracked 
|  94|0x000000061b800000, 0x000000061b800000, 0x000000061bc00000|  0%| F|  |TAMS 0x000000061b800000, 0x000000061b800000| Untracked 
|  95|0x000000061bc00000, 0x000000061bc00000, 0x000000061c000000|  0%| F|  |TAMS 0x000000061bc00000, 0x000000061bc00000| Untracked 
|  96|0x000000061c000000, 0x000000061c000000, 0x000000061c400000|  0%| F|  |TAMS 0x000000061c000000, 0x000000061c000000| Untracked 
|  97|0x000000061c400000, 0x000000061c400000, 0x000000061c800000|  0%| F|  |TAMS 0x000000061c400000, 0x000000061c400000| Untracked 
|  98|0x000000061c800000, 0x000000061c800000, 0x000000061cc00000|  0%| F|  |TAMS 0x000000061c800000, 0x000000061c800000| Untracked 
|  99|0x000000061cc00000, 0x000000061cc00000, 0x000000061d000000|  0%| F|  |TAMS 0x000000061cc00000, 0x000000061cc00000| Untracked 
| 100|0x000000061d000000, 0x000000061d000000, 0x000000061d400000|  0%| F|  |TAMS 0x000000061d000000, 0x000000061d000000| Untracked 
| 101|0x000000061d400000, 0x000000061d400000, 0x000000061d800000|  0%| F|  |TAMS 0x000000061d400000, 0x000000061d400000| Untracked 
| 102|0x000000061d800000, 0x000000061d800000, 0x000000061dc00000|  0%| F|  |TAMS 0x000000061d800000, 0x000000061d800000| Untracked 
| 103|0x000000061dc00000, 0x000000061dc00000, 0x000000061e000000|  0%| F|  |TAMS 0x000000061dc00000, 0x000000061dc00000| Untracked 
| 104|0x000000061e000000, 0x000000061e000000, 0x000000061e400000|  0%| F|  |TAMS 0x000000061e000000, 0x000000061e000000| Untracked 
| 105|0x000000061e400000, 0x000000061e400000, 0x000000061e800000|  0%| F|  |TAMS 0x000000061e400000, 0x000000061e400000| Untracked 
| 106|0x000000061e800000, 0x000000061e800000, 0x000000061ec00000|  0%| F|  |TAMS 0x000000061e800000, 0x000000061e800000| Untracked 
| 107|0x000000061ec00000, 0x000000061ec00000, 0x000000061f000000|  0%| F|  |TAMS 0x000000061ec00000, 0x000000061ec00000| Untracked 
| 108|0x000000061f000000, 0x000000061f000000, 0x000000061f400000|  0%| F|  |TAMS 0x000000061f000000, 0x000000061f000000| Untracked 
| 109|0x000000061f400000, 0x000000061f400000, 0x000000061f800000|  0%| F|  |TAMS 0x000000061f400000, 0x000000061f400000| Untracked 
| 110|0x000000061f800000, 0x000000061f800000, 0x000000061fc00000|  0%| F|  |TAMS 0x000000061f800000, 0x000000061f800000| Untracked 
| 111|0x000000061fc00000, 0x000000061fc00000, 0x0000000620000000|  0%| F|  |TAMS 0x000000061fc00000, 0x000000061fc00000| Untracked 
| 112|0x0000000620000000, 0x0000000620000000, 0x0000000620400000|  0%| F|  |TAMS 0x0000000620000000, 0x0000000620000000| Untracked 
| 113|0x0000000620400000, 0x0000000620400000, 0x0000000620800000|  0%| F|  |TAMS 0x0000000620400000, 0x0000000620400000| Untracked 
| 114|0x0000000620800000, 0x0000000620800000, 0x0000000620c00000|  0%| F|  |TAMS 0x0000000620800000, 0x0000000620800000| Untracked 
| 115|0x0000000620c00000, 0x0000000620c00000, 0x0000000621000000|  0%| F|  |TAMS 0x0000000620c00000, 0x0000000620c00000| Untracked 
| 116|0x0000000621000000, 0x0000000621000000, 0x0000000621400000|  0%| F|  |TAMS 0x0000000621000000, 0x0000000621000000| Untracked 
| 117|0x0000000621400000, 0x0000000621400000, 0x0000000621800000|  0%| F|  |TAMS 0x0000000621400000, 0x0000000621400000| Untracked 
| 118|0x0000000621800000, 0x0000000621800000, 0x0000000621c00000|  0%| F|  |TAMS 0x0000000621800000, 0x0000000621800000| Untracked 
| 119|0x0000000621c00000, 0x0000000621c00000, 0x0000000622000000|  0%| F|  |TAMS 0x0000000621c00000, 0x0000000621c00000| Untracked 
| 120|0x0000000622000000, 0x0000000622000000, 0x0000000622400000|  0%| F|  |TAMS 0x0000000622000000, 0x0000000622000000| Untracked 
| 121|0x0000000622400000, 0x0000000622400000, 0x0000000622800000|  0%| F|  |TAMS 0x0000000622400000, 0x0000000622400000| Untracked 
| 122|0x0000000622800000, 0x0000000622800000, 0x0000000622c00000|  0%| F|  |TAMS 0x0000000622800000, 0x0000000622800000| Untracked 
| 123|0x0000000622c00000, 0x0000000622c00000, 0x0000000623000000|  0%| F|  |TAMS 0x0000000622c00000, 0x0000000622c00000| Untracked 
| 124|0x0000000623000000, 0x00000006232eed58, 0x0000000623400000| 73%| E|  |TAMS 0x0000000623000000, 0x0000000623000000| Complete 
| 125|0x0000000623400000, 0x0000000623800000, 0x0000000623800000|100%| E|CS|TAMS 0x0000000623400000, 0x0000000623400000| Complete 
| 126|0x0000000623800000, 0x0000000623c00000, 0x0000000623c00000|100%| E|CS|TAMS 0x0000000623800000, 0x0000000623800000| Complete 

Card table byte_map: [0x000001d1ec0c0000,0x000001d1ed0a0000] _byte_map_base: 0x000001d1e90a0000

Marking Bits (Prev, Next): (CMBitMap*) 0x000001d1d392c280, (CMBitMap*) 0x000001d1d392c2c0
 Prev Bits: [0x000001d1ee080000, 0x000001d1f5f80000)
 Next Bits: [0x000001d1f5f80000, 0x000001d1fde80000)

Polling page: 0x000001d1d1e10000

Metaspace:

Usage:
  Non-class:      2.13 MB used.
      Class:    208.12 KB used.
       Both:      2.34 MB used.

Virtual space:
  Non-class space:        8.00 MB reserved,       2.19 MB ( 27%) committed,  1 nodes.
      Class space:        1.00 GB reserved,     256.00 KB ( <1%) committed,  1 nodes.
             Both:        1.01 GB reserved,       2.44 MB ( <1%) committed. 

Chunk freelists:
   Non-Class:  3.77 MB
       Class:  3.70 MB
        Both:  7.47 MB

MaxMetaspaceSize: unlimited
CompressedClassSpaceSize: 1.00 GB
Initial GC threshold: 21.00 MB
Current GC threshold: 21.00 MB
CDS: on
MetaspaceReclaimPolicy: balanced
 - commit_granule_bytes: 65536.
 - commit_granule_words: 8192.
 - virtual_space_node_default_size: 1048576.
 - enlarge_chunks_in_place: 1.
 - new_chunks_are_fully_committed: 0.
 - uncommit_free_chunks: 1.
 - use_allocation_guard: 0.
 - handle_deallocations: 1.


Internal statistics:

num_allocs_failed_limit: 0.
num_arena_births: 18.
num_arena_deaths: 0.
num_vsnodes_births: 2.
num_vsnodes_deaths: 0.
num_space_committed: 39.
num_space_uncommitted: 0.
num_chunks_returned_to_freelist: 0.
num_chunks_taken_from_freelist: 39.
num_chunk_merges: 0.
num_chunk_splits: 21.
num_chunks_enlarged: 14.
num_purges: 0.
num_inconsistent_stats: 0.

CodeHeap 'non-profiled nmethods': size=120000Kb used=184Kb max_used=184Kb free=119815Kb
 bounds [0x000001d1e2f20000, 0x000001d1e3190000, 0x000001d1ea450000]
CodeHeap 'profiled nmethods': size=120000Kb used=986Kb max_used=986Kb free=119013Kb
 bounds [0x000001d1db9f0000, 0x000001d1dbc60000, 0x000001d1e2f20000]
CodeHeap 'non-nmethods': size=5760Kb used=1135Kb max_used=1151Kb free=4624Kb
 bounds [0x000001d1db450000, 0x000001d1db6c0000, 0x000001d1db9f0000]
 total_blobs=985 nmethods=565 adapters=333
 compilation: enabled
              stopped_count=0, restarted_count=0
 full_count=0

Compilation events (20 events):
Event: 0.204 Thread 0x000001d1fe072ea0 nmethod 556 0x000001d1dbad5090 code [0x000001d1dbad5260, 0x000001d1dbad55f8]
Event: 0.204 Thread 0x000001d1fe072ea0  557       3       java.util.Locale::getDefault (4 bytes)
Event: 0.204 Thread 0x000001d1fe072ea0 nmethod 557 0x000001d1dbad5710 code [0x000001d1dbad58a0, 0x000001d1dbad5998]
Event: 0.204 Thread 0x000001d1fe072ea0  555       3       java.lang.Short::<init> (10 bytes)
Event: 0.204 Thread 0x000001d1fe072ea0 nmethod 555 0x000001d1dbad5a10 code [0x000001d1dbad5bc0, 0x000001d1dbad5d98]
Event: 0.204 Thread 0x000001d1fe072ea0  559       3       sun.net.www.protocol.file.Handler::parseURL (18 bytes)
Event: 0.204 Thread 0x000001d1fe072ea0 nmethod 559 0x000001d1dbad5e90 code [0x000001d1dbad6040, 0x000001d1dbad61f8]
Event: 0.204 Thread 0x000001d1fe072ea0  560       3       java.net.URLStreamHandler::parseURL (1201 bytes)
Event: 0.206 Thread 0x000001d1fecb3de0 nmethod 558% 0x000001d1e2f4d490 code [0x000001d1e2f4d620, 0x000001d1e2f4d998]
Event: 0.213 Thread 0x000001d1fe072ea0 nmethod 560 0x000001d1dbad6310 code [0x000001d1dbad7440, 0x000001d1dbae1b08]
Event: 0.213 Thread 0x000001d1fe072ea0  564       3       java.lang.String::getChars (54 bytes)
Event: 0.213 Thread 0x000001d1fe072ea0 nmethod 564 0x000001d1dbae5a10 code [0x000001d1dbae5c00, 0x000001d1dbae6078]
Event: 0.213 Thread 0x000001d1fe072ea0  565       3       java.lang.StringLatin1::getChars (12 bytes)
Event: 0.213 Thread 0x000001d1fe072ea0 nmethod 565 0x000001d1dbae6290 code [0x000001d1dbae6420, 0x000001d1dbae6548]
Event: 0.213 Thread 0x000001d1fe072ea0  561       3       java.lang.String::toString (2 bytes)
Event: 0.213 Thread 0x000001d1fe072ea0 nmethod 561 0x000001d1dbae6610 code [0x000001d1dbae67a0, 0x000001d1dbae68b8]
Event: 0.213 Thread 0x000001d1fe072ea0  563       1       java.security.CodeSource::getLocationNoFragString (5 bytes)
Event: 0.213 Thread 0x000001d1fe072ea0 nmethod 563 0x000001d1e2f4dc10 code [0x000001d1e2f4dda0, 0x000001d1e2f4de78]
Event: 0.213 Thread 0x000001d1fe072ea0  562       1       java.lang.reflect.Method::getName (5 bytes)
Event: 0.213 Thread 0x000001d1fe072ea0 nmethod 562 0x000001d1e2f4df10 code [0x000001d1e2f4e0a0, 0x000001d1e2f4e178]

GC Heap History (0 events):
No events

Deoptimization events (20 events):
Event: 0.077 Thread 0x000001d1d38c1390 DEOPT PACKING pc=0x000001d1db9f7ad1 sp=0x0000009a4d3fdce0
Event: 0.077 Thread 0x000001d1d38c1390 DEOPT UNPACKING pc=0x000001d1db4a2b43 sp=0x0000009a4d3fd158 mode 0
Event: 0.079 Thread 0x000001d1d38c1390 Uncommon trap: trap_request=0xffffff45 fr.pc=0x000001d1e2f2f3a4 relative=0x0000000000000844
Event: 0.079 Thread 0x000001d1d38c1390 Uncommon trap: reason=unstable_if action=reinterpret pc=0x000001d1e2f2f3a4 method=java.util.HashMap.putVal(ILjava/lang/Object;Ljava/lang/Object;ZZ)Ljava/lang/Object; @ 181 c2
Event: 0.079 Thread 0x000001d1d38c1390 DEOPT PACKING pc=0x000001d1e2f2f3a4 sp=0x0000009a4d3fe860
Event: 0.079 Thread 0x000001d1d38c1390 DEOPT UNPACKING pc=0x000001d1db4a23a3 sp=0x0000009a4d3fe800 mode 2
Event: 0.093 Thread 0x000001d1d38c1390 Uncommon trap: trap_request=0xffffff45 fr.pc=0x000001d1e2f33e94 relative=0x0000000000000174
Event: 0.093 Thread 0x000001d1d38c1390 Uncommon trap: reason=unstable_if action=reinterpret pc=0x000001d1e2f33e94 method=java.util.zip.ZipFile$Source.isMetaName([BII)Z @ 43 c2
Event: 0.093 Thread 0x000001d1d38c1390 DEOPT PACKING pc=0x000001d1e2f33e94 sp=0x0000009a4d3fdfb0
Event: 0.093 Thread 0x000001d1d38c1390 DEOPT UNPACKING pc=0x000001d1db4a23a3 sp=0x0000009a4d3fdf58 mode 2
Event: 0.120 Thread 0x000001d1d38c1390 Uncommon trap: trap_request=0xffffff45 fr.pc=0x000001d1e2f3b598 relative=0x0000000000000178
Event: 0.120 Thread 0x000001d1d38c1390 Uncommon trap: reason=unstable_if action=reinterpret pc=0x000001d1e2f3b598 method=java.util.zip.ZipFile$Source.isMetaName([BII)Z @ 57 c2
Event: 0.120 Thread 0x000001d1d38c1390 DEOPT PACKING pc=0x000001d1e2f3b598 sp=0x0000009a4d3fdf90
Event: 0.120 Thread 0x000001d1d38c1390 DEOPT UNPACKING pc=0x000001d1db4a23a3 sp=0x0000009a4d3fdf38 mode 2
Event: 0.136 Thread 0x000001d1d38c1390 Uncommon trap: trap_request=0xffffff45 fr.pc=0x000001d1e2f32964 relative=0x0000000000000064
Event: 0.136 Thread 0x000001d1d38c1390 Uncommon trap: reason=unstable_if action=reinterpret pc=0x000001d1e2f32964 method=java.io.WinNTFileSystem.isSlash(C)Z @ 9 c2
Event: 0.136 Thread 0x000001d1d38c1390 DEOPT PACKING pc=0x000001d1e2f32964 sp=0x0000009a4d3fd1b0
Event: 0.136 Thread 0x000001d1d38c1390 DEOPT UNPACKING pc=0x000001d1db4a23a3 sp=0x0000009a4d3fd138 mode 2
Event: 0.197 Thread 0x000001d1d38c1390 DEOPT PACKING pc=0x000001d1db9fe83e sp=0x0000009a4d3fd780
Event: 0.197 Thread 0x000001d1d38c1390 DEOPT UNPACKING pc=0x000001d1db4a2b43 sp=0x0000009a4d3fcc20 mode 0

Classes unloaded (0 events):
No events

Classes redefined (0 events):
No events

Internal exceptions (4 events):
Event: 0.125 Thread 0x000001d1fef28ac0 Exception <a 'java/lang/NoSuchMethodError'{0x0000000623088038}: 'java.lang.Object java.lang.invoke.DirectMethodHandle$Holder.invokeStaticInit(java.lang.Object)'> (0x0000000623088038) 
thrown [s\open\src\hotspot\share\interpreter\linkResolver.cpp, line 759]
Event: 0.129 Thread 0x000001d1fef28ac0 Exception <a 'java/lang/NoSuchMethodError'{0x0000000623095f28}: 'void java.lang.invoke.DirectMethodHandle$Holder.invokeStatic(java.lang.Object, java.lang.Object)'> (0x0000000623095f28) 
thrown [s\open\src\hotspot\share\interpreter\linkResolver.cpp, line 759]
Event: 0.144 Thread 0x000001d1d38c1390 Exception <a 'java/lang/NoSuchMethodError'{0x0000000623163ff0}: 'java.lang.Object java.lang.invoke.DirectMethodHandle$Holder.invokeStaticInit(java.lang.Object, int, int, int, int)'> (0x0000000623163ff0) 
thrown [s\open\src\hotspot\share\interpreter\linkResolver.cpp, line 759]
Event: 0.178 Thread 0x000001d1d38c1390 Exception <a 'java/lang/NoSuchMethodError'{0x0000000623213658}: 'java.lang.Object java.lang.invoke.DirectMethodHandle$Holder.invokeStaticInit(java.lang.Object, java.lang.Object, int, int, int, int)'> (0x0000000623213658) 
thrown [s\open\src\hotspot\share\interpreter\linkResolver.cpp, line 759]

VM Operations (8 events):
Event: 0.063 Executing VM operation: HandshakeAllThreads
Event: 0.063 Executing VM operation: HandshakeAllThreads done
Event: 0.124 Executing VM operation: HandshakeAllThreads
Event: 0.124 Executing VM operation: HandshakeAllThreads done
Event: 0.127 Executing VM operation: HandshakeAllThreads
Event: 0.127 Executing VM operation: HandshakeAllThreads done
Event: 0.136 Executing VM operation: HandshakeAllThreads
Event: 0.136 Executing VM operation: HandshakeAllThreads done

Events (20 events):
Event: 0.199 loading class java/lang/reflect/ProxyGenerator
Event: 0.199 loading class java/lang/reflect/ProxyGenerator done
Event: 0.199 loading class java/lang/reflect/ProxyGenerator$ProxyMethod
Event: 0.199 loading class java/lang/reflect/ProxyGenerator$ProxyMethod done
Event: 0.200 loading class java/lang/reflect/ProxyGenerator$PrimitiveTypeInfo
Event: 0.200 loading class java/lang/reflect/ProxyGenerator$PrimitiveTypeInfo done
Event: 0.200 loading class jdk/internal/org/objectweb/asm/Edge
Event: 0.200 loading class jdk/internal/org/objectweb/asm/Edge done
Event: 0.201 loading class java/lang/reflect/UndeclaredThrowableException
Event: 0.201 loading class java/lang/reflect/UndeclaredThrowableException done
Event: 0.201 loading class java/lang/reflect/Proxy$ProxyBuilder$1
Event: 0.201 loading class java/lang/reflect/Proxy$ProxyBuilder$1 done
Event: 0.201 loading class java/lang/Short$ShortCache
Event: 0.201 loading class java/lang/Short$ShortCache done
Event: 0.204 loading class java/lang/SecurityException
Event: 0.204 loading class java/lang/SecurityException done
Event: 0.204 loading class java/lang/reflect/TypeVariable
Event: 0.204 loading class java/lang/reflect/TypeVariable done
Event: 0.204 loading class java/lang/reflect/AnnotatedType
Event: 0.204 loading class java/lang/reflect/AnnotatedType done


Dynamic libraries:
0x00007ff7fd8f0000 - 0x00007ff7fd900000 	E:\jdk-17.05\bin\java.exe
0x00007ffe983d0000 - 0x00007ffe985c5000 	C:\Windows\SYSTEM32\ntdll.dll
0x00007ffe96ab0000 - 0x00007ffe96b6e000 	C:\Windows\System32\KERNEL32.DLL
0x00007ffe95b50000 - 0x00007ffe95e18000 	C:\Windows\System32\KERNELBASE.dll
0x00007ffe95f40000 - 0x00007ffe96040000 	C:\Windows\System32\ucrtbase.dll
0x00007ffe7beb0000 - 0x00007ffe7beca000 	E:\jdk-17.05\bin\VCRUNTIME140.dll
0x00007ffe798e0000 - 0x00007ffe798f8000 	E:\jdk-17.05\bin\jli.dll
0x00007ffe962d0000 - 0x00007ffe9637c000 	C:\Windows\System32\ADVAPI32.dll
0x00007ffe96d60000 - 0x00007ffe96dfe000 	C:\Windows\System32\msvcrt.dll
0x00007ffe96b90000 - 0x00007ffe96c2b000 	C:\Windows\System32\sechost.dll
0x00007ffe97630000 - 0x00007ffe9775a000 	C:\Windows\System32\RPCRT4.dll
0x00007ffe96600000 - 0x00007ffe967a1000 	C:\Windows\System32\USER32.dll
0x00007ffe95e20000 - 0x00007ffe95e42000 	C:\Windows\System32\win32u.dll
0x00007ffe97760000 - 0x00007ffe9778b000 	C:\Windows\System32\GDI32.dll
0x00007ffe95a40000 - 0x00007ffe95b4d000 	C:\Windows\System32\gdi32full.dll
0x00007ffe957e0000 - 0x00007ffe9587d000 	C:\Windows\System32\msvcp_win.dll
0x00007ffe7fe40000 - 0x00007ffe800da000 	C:\Windows\WinSxS\amd64_microsoft.windows.common-controls_6595b64144ccf1df_6.0.19041.1110_none_60b5254171f9507e\COMCTL32.dll
0x00007ffe952f0000 - 0x00007ffe952fa000 	C:\Windows\SYSTEM32\VERSION.dll
0x00007ffe96280000 - 0x00007ffe962b0000 	C:\Windows\System32\IMM32.DLL
0x0000000072ca0000 - 0x0000000072cad000 	C:\Program Files (x86)\360\360Safe\safemon\SafeWrapper.dll
0x00007ffe83410000 - 0x00007ffe83513000 	C:\Program Files (x86)\360\360Safe\safemon\libzdtp64.dll
0x00007ffe96e00000 - 0x00007ffe97544000 	C:\Windows\System32\SHELL32.dll
0x00007ffe97800000 - 0x00007ffe97855000 	C:\Windows\System32\SHLWAPI.dll
0x00007ffe7e3f0000 - 0x00007ffe7e3fc000 	E:\jdk-17.05\bin\vcruntime140_1.dll
0x00007ffe6a950000 - 0x00007ffe6a9dd000 	E:\jdk-17.05\bin\msvcp140.dll
0x00007ffe30730000 - 0x00007ffe312f2000 	E:\jdk-17.05\bin\server\jvm.dll
0x00007ffe96250000 - 0x00007ffe96258000 	C:\Windows\System32\PSAPI.DLL
0x00007ffe82d70000 - 0x00007ffe82d97000 	C:\Windows\SYSTEM32\WINMM.dll
0x00007ffe82cf0000 - 0x00007ffe82cf9000 	C:\Windows\SYSTEM32\WSOCK32.dll
0x00007ffe97790000 - 0x00007ffe977fb000 	C:\Windows\System32\WS2_32.dll
0x00007ffe95f20000 - 0x00007ffe95f32000 	C:\Windows\System32\kernel.appcore.dll
0x00007ffe7c750000 - 0x00007ffe7c75a000 	E:\jdk-17.05\bin\jimage.dll
0x00007ffe93370000 - 0x00007ffe93554000 	C:\Windows\SYSTEM32\DBGHELP.DLL
0x00007ffe80a40000 - 0x00007ffe80a6c000 	C:\Windows\SYSTEM32\dbgcore.DLL
0x00007ffe959b0000 - 0x00007ffe95a32000 	C:\Windows\System32\bcryptPrimitives.dll
0x00007ffe920b0000 - 0x00007ffe920be000 	E:\jdk-17.05\bin\instrument.dll
0x00007ffe798b0000 - 0x00007ffe798d5000 	E:\jdk-17.05\bin\java.dll
0x00007ffe44cf0000 - 0x00007ffe44dc6000 	E:\jdk-17.05\bin\jsvml.dll
0x00007ffe93960000 - 0x00007ffe940f4000 	C:\Windows\SYSTEM32\windows.storage.dll
0x00007ffe97860000 - 0x00007ffe97bb5000 	C:\Windows\System32\combase.dll
0x00007ffe950d0000 - 0x00007ffe950fe000 	C:\Windows\SYSTEM32\Wldp.dll
0x00007ffe98040000 - 0x00007ffe980ed000 	C:\Windows\System32\SHCORE.dll
0x00007ffe956b0000 - 0x00007ffe956cf000 	C:\Windows\SYSTEM32\profapi.dll
0x00007ffe6ec30000 - 0x00007ffe6ec48000 	E:\jdk-17.05\bin\zip.dll
0x00007ffe722c0000 - 0x00007ffe722d9000 	E:\jdk-17.05\bin\net.dll
0x00007ffe91d90000 - 0x00007ffe91e9c000 	C:\Windows\SYSTEM32\WINHTTP.dll
0x00007ffe94e30000 - 0x00007ffe94e9a000 	C:\Windows\system32\mswsock.dll
0x00007ffe722a0000 - 0x00007ffe722b6000 	E:\jdk-17.05\bin\nio.dll
0x00007ffe90360000 - 0x00007ffe9037a000 	D:\IntelliJ IDEA 2022.3\bin\breakgen64.dll
0x00007ffe6eb90000 - 0x00007ffe6eba0000 	E:\jdk-17.05\bin\verify.dll
0x00007ffe95030000 - 0x00007ffe95048000 	C:\Windows\SYSTEM32\CRYPTSP.dll
0x00007ffe947b0000 - 0x00007ffe947e4000 	C:\Windows\system32\rsaenh.dll
0x00007ffe95ef0000 - 0x00007ffe95f17000 	C:\Windows\System32\bcrypt.dll
0x00007ffe95670000 - 0x00007ffe9569e000 	C:\Windows\SYSTEM32\USERENV.dll
0x00007ffe95020000 - 0x00007ffe9502c000 	C:\Windows\SYSTEM32\CRYPTBASE.dll
0x00007ffe94b20000 - 0x00007ffe94b5b000 	C:\Windows\SYSTEM32\IPHLPAPI.DLL
0x00007ffe962b0000 - 0x00007ffe962b8000 	C:\Windows\System32\NSI.dll
0x00007ffe903e0000 - 0x00007ffe903f7000 	C:\Windows\SYSTEM32\dhcpcsvc6.DLL
0x00007ffe903c0000 - 0x00007ffe903dd000 	C:\Windows\SYSTEM32\dhcpcsvc.DLL
0x00007ffe94b60000 - 0x00007ffe94c2b000 	C:\Windows\SYSTEM32\DNSAPI.dll
0x0000000180000000 - 0x0000000180031000 	C:\Users\Administrator\AppData\Local\Temp\jna14159456279480848209.tmp
0x00007ffe7d790000 - 0x00007ffe7d8f2000 	D:\Documents\WeChat Files\wxid_chyxeiwg3hv922\FileStorage\File\2024-08\testDll\dll64.dll

dbghelp: loaded successfully - version: 4.0.5 - missing functions: none
symbol engine: initialized successfully - sym options: 0x614 - pdb path: .;E:\jdk-17.05\bin;C:\Windows\SYSTEM32;C:\Windows\WinSxS\amd64_microsoft.windows.common-controls_6595b64144ccf1df_6.0.19041.1110_none_60b5254171f9507e;C:\Program Files (x86)\360\360Safe\safemon;E:\jdk-17.05\bin\server;D:\IntelliJ IDEA 2022.3\bin;C:\Users\Administrator\AppData\Local\Temp;D:\Documents\WeChat Files\wxid_chyxeiwg3hv922\FileStorage\File\2024-08\testDll

VM Arguments:
jvm_args: -javaagent:D:\IntelliJ IDEA 2022.3\lib\idea_rt.jar=52679:D:\IntelliJ IDEA 2022.3\bin -Dfile.encoding=UTF-8 
java_command: com.yt.server.Test
java_class_path (initial): E:\aaa\spring-native-ytserver-gradle-high\out\production\classes;E:\aaa\spring-native-ytserver-gradle-high\out\production\resources;E:\aaa\spring-native-ytserver-gradle-high\out\aot\classes;E:\aaa\spring-native-ytserver-gradle-high\out\aot\resources;D:\gradle\caches\modules-2\files-2.1\org.springframework.boot\spring-boot-starter-web\3.0.2\3f6a2cb4cb11bac3611f5a95e234589eb190dd29\spring-boot-starter-web-3.0.2.jar;D:\gradle\caches\modules-2\files-2.1\org.mybatis.spring.boot\mybatis-spring-boot-starter\3.0.1\24dc6d5ea60fe36c0310681c16a25e9c7d9c45ce\mybatis-spring-boot-starter-3.0.1.jar;D:\gradle\caches\modules-2\files-2.1\ch.qos.logback\logback-classic\1.4.5\28e7dc0b208d6c3f15beefd73976e064b4ecfa9b\logback-classic-1.4.5.jar;D:\gradle\caches\modules-2\files-2.1\org.javassist\javassist\3.29.2-GA\6c32028609e5dd4a1b78e10fbcd122b09b3928b1\javassist-3.29.2-GA.jar;D:\gradle\caches\modules-2\files-2.1\com.github.pagehelper\pagehelper\5.3.2\a6b2439ba65b849dda324268fa121fe3584dad59\pagehelper-5.3.2.jar;D:\gradle\caches\modules-2\files-2.1\com.github.ggalmazor\lt_downsampling_java8\0.0.7\2e4eb07d59e717664c128edad0b443aa8abe4365\lt_downsampling_java8-0.0.7.jar;D:\gradle\caches\modules-2\files-2.1\com.fasterxml.jackson.core\jackson-databind\2.14.1\268524b9056cae1211b9f1f52560ef19347f4d17\jackson-databind-2.14.1.jar;D:\gradle\caches\modules-2\files-2.1\com.zaxxer\HikariCP\5.0.1\a74c7f0a37046846e88d54f7cb6ea6d565c65f9c\HikariCP-5.0.1.jar;D:\gradle\caches\modules-2\files-2.1\commons-io\commons-io\2.11.0\a2503f302b11ebde7ebc3df41daebe0e4eea3689\commons-io-2.11.0.jar;D:\gradle\caches\modules-2\files-2.1\commons-codec\commons-codec\1.15\49d94806b6e3dc933dacbd8acb0fdbab8ebd1e5d\commons-codec-1.15.jar;D:\gradle\caches\modules-2\files-2.1\org.apache.commons\commons-lang3\3.12.0\c6842c86792ff03b9f1d1fe2aab8dc23aa6c6f0e\commons-lang3-3.12.0.jar;D:\gradle\caches\modules-2\files-2.1\com.google.code.gson\gson\2.9.1\2cc2131b98ebfb04e2b2c7dfb84431f4045096b\gson-2.9.1.
Launcher Type: SUN_STANDARD

[Global flags]
     intx CICompilerCount                          = 4                                         {product} {ergonomic}
     uint ConcGCThreads                            = 3                                         {product} {ergonomic}
     uint G1ConcRefinementThreads                  = 10                                        {product} {ergonomic}
   size_t G1HeapRegionSize                         = 4194304                                   {product} {ergonomic}
    uintx GCDrainStackTargetSize                   = 64                                        {product} {ergonomic}
   size_t InitialHeapSize                          = 532676608                                 {product} {ergonomic}
   size_t MarkStackSize                            = 4194304                                   {product} {ergonomic}
   size_t MaxHeapSize                              = 8522825728                                {product} {ergonomic}
   size_t MaxNewSize                               = 5112856576                                {product} {ergonomic}
   size_t MinHeapDeltaBytes                        = 4194304                                   {product} {ergonomic}
   size_t MinHeapSize                              = 8388608                                   {product} {ergonomic}
    uintx NonNMethodCodeHeapSize                   = 5839372                                {pd product} {ergonomic}
    uintx NonProfiledCodeHeapSize                  = 122909434                              {pd product} {ergonomic}
    uintx ProfiledCodeHeapSize                     = 122909434                              {pd product} {ergonomic}
    uintx ReservedCodeCacheSize                    = 251658240                              {pd product} {ergonomic}
     bool SegmentedCodeCache                       = true                                      {product} {ergonomic}
   size_t SoftMaxHeapSize                          = 8522825728                             {manageable} {ergonomic}
     bool UseCompressedClassPointers               = true                           {product lp64_product} {ergonomic}
     bool UseCompressedOops                        = true                           {product lp64_product} {ergonomic}
     bool UseG1GC                                  = true                                      {product} {ergonomic}
     bool UseLargePagesIndividualAllocation        = false                                  {pd product} {ergonomic}

Logging:
Log output configuration:
 #0: stdout all=warning uptime,level,tags
 #1: stderr all=off uptime,level,tags

Environment Variables:
JAVA_HOME=E:\jdk11\bin333
PATH=D:\vmware\bin\;C:\Windows\system32;C:\Windows;C:\Windows\System32\Wbem;C:\Windows\System32\WindowsPowerShell\v1.0\;C:\Windows\System32\OpenSSH\;C:\Program Files (x86)\Microsoft Visual Studio\2022\BuildTools\VC\Tools\MSVC\14.29.30133\bin\HostX64\x64;F:\xshell6\;G:\VMware Workstation\bin\;C:\Windows\system32;C:\Windows;C:\Windows\System32\Wbem;C:\Windows\System32\WindowsPowerShell\v1.0\;C:\Windows\System32\OpenSSH\;C:\Program Files (x86)\NVIDIA Corporation\PhysX\Common;C:\Program Files\NVIDIA Corporation\NVIDIA NvDLISR;E:\Git\cmd;C:\Program Files\TortoiseSVN\bin;E:\graalvm\graalvm-ce-java17-22.3.0\bin;C:\Program Files (x86)\Windows Kits\10\Include\10.0.18362.0\ucrt;C:\Program Files (x86)\Windows Kits\10\Include\10.0.18362.0\um;C:\Program Files (x86)\Windows Kits\10\Include\10.0.18362.0\shared;C:\Program Files (x86)\Windows Kits\10\Include\10.0.18362.0\cppwinrt;C:\Program Files (x86)\Windows Kits\10\Include\10.0.18362.0\winrt;C:\Program Files (x86)\Microsoft Visual Studio\2022\BuildTools\VC\Tools\MSVC\14.29.30133\include;C:\Program Files (x86)\Windows Kits\10\Lib\10.0.18362.0\um\x64;C:\Program Files (x86)\Windows Kits\10\Lib\10.0.18362.0\ucrt\x64;C:\Program Files (x86)\Microsoft Visual Studio\2022\BuildTools\VC\Tools\MSVC\14.29.30133\lib\x64;E:\apache-maven-3.8.4\bin;C:\Users\Administrator\AppData\Roaming\npm;D:\gradle\bin;C:\Program Files\Docker\Docker\resources\bin;C:\TDengine;D:\Git\cmd;E:\mingGw\mingw64\bin;E:\xtrabackup\xtrabackup-1.6.32bit;C:\Program Files\nodejs\;E:\jdk11\bin333;D:\xshell\;C:\Program Files (x86)\Windows Kits\10\Windows Performance Toolkit\;E:\adb\platform-tools;C:\Users\Administrator\AppData\Local\Programs\Python\Python311\Scripts\;C:\Users\Administrator\AppData\Local\Programs\Python\Python311\;C:\Users\Administrator\AppData\Local\Microsoft\WindowsApps;D:\IntelliJ IDEA 2022.3\bin;D:\Microsoft VS Code\bin
USERNAME=Administrator
OS=Windows_NT
PROCESSOR_IDENTIFIER=Intel64 Family 6 Model 151 Stepping 5, GenuineIntel



---------------  S Y S T E M  ---------------

OS:
 Windows 10 , 64 bit Build 19041 (10.0.19041.1348)
OS uptime: 0 days 0:30 hours

CPU: total 12 (initial active 12) (6 cores per cpu, 2 threads per core) family 6 model 151 stepping 5 microcode 0x1f, cx8, cmov, fxsr, ht, mmx, 3dnowpref, sse, sse2, sse3, ssse3, sse4.1, sse4.2, popcnt, lzcnt, tsc, tscinvbit, avx, avx2, aes, erms, clmul, bmi1, bmi2, adx, sha, fma, vzeroupper, clflush, clflushopt, clwb

Memory: 4k page, system-wide physical 32509M (21770M free)
TotalPageFile size 65277M (AvailPageFile size 52638M)
current process WorkingSet (physical memory assigned to process): 57M, peak: 57M
current process commit charge ("private bytes"): 621M, peak: 621M

vm_info: Java HotSpot(TM) 64-Bit Server VM (17.0.5+9-LTS-191) for windows-amd64 JRE (17.0.5+9-LTS-191), built on Sep 13 2022 17:31:43 by "mach5one" with MS VC++ 16.8 / 16.9 (VS2019)

END.
