#
# A fatal error has been detected by the Java Runtime Environment:
#
#  EXCEPTION_ACCESS_VIOLATION (0xc0000005) at pc=0x00007ffc22931afc, pid=7920, tid=14936
#
# JRE version: Java(TM) SE Runtime Environment (17.0.5+9) (build 17.0.5+9-LTS-191)
# Java VM: Java HotSpot(TM) 64-Bit Server VM (17.0.5+9-LTS-191, mixed mode, sharing, tiered, compressed oops, compressed class ptrs, g1 gc, windows-amd64)
# Problematic frame:
# C  [ntdll.dll+0x21afc]
#
# No core dump will be written. Minidumps are not enabled by default on client versions of Windows
#
# If you would like to submit a bug report, please visit:
#   https://bugreport.java.com/bugreport/crash.jsp
#

---------------  S U M M A R Y ------------

Command Line: -ea -Didea.test.cyclic.buffer.size=1048576 -javaagent:D:\IntelliJ IDEA 2022.3\lib\idea_rt.jar=53647:D:\IntelliJ IDEA 2022.3\bin -Dfile.encoding=UTF-8 com.intellij.rt.junit.JUnitStarter -ideVersion5 -junit5 com.yt.server.DllTest,testGetZFYInfo

Host: 12th Gen Intel(R) Core(TM) i5-12400, 12 cores, 31G,  Windows 10 , 64 bit Build 19041 (10.0.19041.1348)
Time: Thu Aug 29 15:21:02 2024  Windows 10 , 64 bit Build 19041 (10.0.19041.1348) elapsed time: 1.228280 seconds (0d 0h 0m 1s)

---------------  T H R E A D  ---------------

Current thread (0x0000023d91fa7640):  JavaThread "C1 CompilerThread0" daemon [_thread_in_vm, id=14936, stack(0x000000ec89000000,0x000000ec89100000)]


Current CompileTask:
C1:   1228 1310   !   3       java.lang.invoke.BootstrapMethodInvoker::invoke (974 bytes)

Stack: [0x000000ec89000000,0x000000ec89100000],  sp=0x000000ec890fe390,  free space=1016k
Native frames: (J=compiled Java code, j=interpreted, Vv=VM code, C=native code)
C  [ntdll.dll+0x21afc]
C  [ntdll.dll+0x238e3]
C  [ntdll.dll+0x236bd]
C  [ucrtbase.dll+0x11699]
V  [jvm.dll+0x666aaa]
V  [jvm.dll+0xa4cdc]
V  [jvm.dll+0x6745c8]
V  [jvm.dll+0x674016]
V  [jvm.dll+0x67530e]
V  [jvm.dll+0x740527]
V  [jvm.dll+0x62762e]
V  [jvm.dll+0x55ad6d]
V  [jvm.dll+0x5587a0]
V  [jvm.dll+0x558a07]
V  [jvm.dll+0x1c1f35]
V  [jvm.dll+0x1c1b90]
V  [jvm.dll+0x1d64d0]
V  [jvm.dll+0x1cab78]
V  [jvm.dll+0x149021]
V  [jvm.dll+0x16ac0b]
V  [jvm.dll+0x1617f9]
V  [jvm.dll+0x15baae]
V  [jvm.dll+0x149dc0]
V  [jvm.dll+0x132907]
V  [jvm.dll+0x13228f]
V  [jvm.dll+0x1324c6]
V  [jvm.dll+0x13195a]
V  [jvm.dll+0x133621]
V  [jvm.dll+0x22493a]
V  [jvm.dll+0x222aa5]
V  [jvm.dll+0x7885db]
V  [jvm.dll+0x782b4a]
V  [jvm.dll+0x671d75]
C  [ucrtbase.dll+0x21bb2]
C  [KERNEL32.DLL+0x17034]
C  [ntdll.dll+0x52651]


siginfo: EXCEPTION_ACCESS_VIOLATION (0xc0000005), reading address 0x0000000000000024


Register to memory mapping:

RIP=0x00007ffc22931afc ntdll.dll
RAX=0x0 is NULL
RBX=0x0000023d94168420 points into unknown readable memory: 0xffffffffffffffff | ff ff ff ff ff ff ff ff
RCX=0x0000000093a15e81 is an unknown value
RDX=0x0000023d94168428 points into unknown readable memory: 0x900038ff0208f1ce | ce f1 08 02 ff 38 00 90
RSP=0x000000ec890fe390 is pointing into the stack for thread: 0x0000023d91fa7640
RBP=0x0000023d94168430 points into unknown readable memory: 0x616c2e6176616a27 | 27 6a 61 76 61 2e 6c 61
RSI=0x0 is NULL
RDI=0x00000023d9416842 is an unknown value
R8 =0x0000023d94168420 points into unknown readable memory: 0xffffffffffffffff | ff ff ff ff ff ff ff ff
R9 =0x0000023d9416842f points into unknown readable memory: 90
R10=0x0 is NULL
R11=0x0000000000000001 is an unknown value
R12=0x00000000000000c0 is an unknown value
R13=0x00000000000000c0 is an unknown value
R14=0x0000023de2fd0000 points into unknown readable memory: 0x0000000000000000 | 00 00 00 00 00 00 00 00
R15=0x0000023de2fd0000 points into unknown readable memory: 0x0000000000000000 | 00 00 00 00 00 00 00 00


Registers:
RAX=0x0000000000000000, RBX=0x0000023d94168420, RCX=0x0000000093a15e81, RDX=0x0000023d94168428
RSP=0x000000ec890fe390, RBP=0x0000023d94168430, RSI=0x0000000000000000, RDI=0x00000023d9416842
R8 =0x0000023d94168420, R9 =0x0000023d9416842f, R10=0x0000000000000000, R11=0x0000000000000001
R12=0x00000000000000c0, R13=0x00000000000000c0, R14=0x0000023de2fd0000, R15=0x0000023de2fd0000
RIP=0x00007ffc22931afc, EFLAGS=0x0000000000010206

Top of Stack: (sp=0x000000ec890fe390)
0x000000ec890fe390:   0000023d92f8ded0 000000000000003e
0x000000ec890fe3a0:   0000000000000000 0000023d94167850
0x000000ec890fe3b0:   000000ec890fe429 00007ffbcc9113ef
0x000000ec890fe3c0:   0000000000000060 0000023d94167c40
0x000000ec890fe3d0:   0000000000000000 0000023d94168420
0x000000ec890fe3e0:   0000000000000000 0000023de2fd0000
0x000000ec890fe3f0:   0000023de2fd0000 0000023de2fd0000
0x000000ec890fe400:   00000000000000c0 00000000000000c0
0x000000ec890fe410:   0000000000000000 0000023de2fd0000
0x000000ec890fe420:   0000023de2fd0000 0000023de2fd0000
0x000000ec890fe430:   0000023d941686d0 0000000000000000
0x000000ec890fe440:   0000000000000000 0000000000000000
0x000000ec890fe450:   0000000000000060 00007ffc22931c4f
0x000000ec890fe460:   0000000000000002 0000000000000000
0x000000ec890fe470:   0000000000000002 0000000000000000
0x000000ec890fe480:   000000ec890fe4f9 00007ffbcc9113ef 

Instructions: (pc=0x00007ffc22931afc)
0x00007ffc229319fc:   55 41 56 41 57 48 81 ec 40 01 00 00 4d 8b e1 4c
0x00007ffc22931a0c:   8b f1 4c 8b f9 48 89 8c 24 88 00 00 00 33 f6 48
0x00007ffc22931a1c:   89 b0 08 ff ff ff 40 88 74 24 40 48 89 b0 60 ff
0x00007ffc22931a2c:   ff ff 4d 85 c0 75 38 65 48 8b 04 25 30 00 00 00
0x00007ffc22931a3c:   89 b0 50 12 00 00 33 c9 65 48 8b 3c 25 30 00 00
0x00007ffc22931a4c:   00 e8 9e ed 02 00 89 47 68 33 c0 48 81 c4 40 01
0x00007ffc22931a5c:   00 00 41 5f 41 5e 41 5d 41 5c 5f 5e 5b c3 cc 48
0x00007ffc22931a6c:   8b 9c 24 90 01 00 00 48 83 c3 f0 0f 0d 0b 4c 8b
0x00007ffc22931a7c:   c3 80 7b 0f 05 74 07 48 89 5c 24 48 eb 10 0f b6
0x00007ffc22931a8c:   43 0e 48 c1 e0 04 4c 2b c0 4c 89 44 24 48 80 b9
0x00007ffc22931a9c:   a2 01 00 00 02 75 09 48 8b 81 98 01 00 00 eb 03
0x00007ffc22931aac:   48 8b c6 48 85 c0 0f 84 1f 02 00 00 4d 8d 48 0f
0x00007ffc22931abc:   41 38 31 0f 8d 12 02 00 00 f6 84 24 88 01 00 00
0x00007ffc22931acc:   10 75 86 49 8d 50 08 49 8b f8 48 c1 ef 04 8b 0a
0x00007ffc22931adc:   41 33 ce 33 cf 33 0d 59 9c 14 00 66 85 c9 74 05
0x00007ffc22931aec:   48 8b c6 eb 0b c1 e9 0c 8b c1 4c 2b c0 49 8b 00
0x00007ffc22931afc:   44 0f b7 40 24 41 80 39 05 75 19 41 0f b7 96 8c
0x00007ffc22931b0c:   00 00 00 48 8b 44 24 48 0f b7 48 0c 48 33 d1 e9
0x00007ffc22931b1c:   a2 00 00 00 41 f6 01 40 74 19 41 0f b6 01 83 e0
0x00007ffc22931b2c:   3f 48 c1 e0 04 48 03 44 24 48 0f b7 50 0c e9 83
0x00007ffc22931b3c:   00 00 00 41 8a 01 24 3f 3c 3f 74 09 41 0f b6 11
0x00007ffc22931b4c:   83 e2 3f eb 71 41 38 31 7d 2d 8b 0a 41 33 ce 33
0x00007ffc22931b5c:   cf 33 0d dd 9b 14 00 66 85 c9 74 05 48 8b c6 eb
0x00007ffc22931b6c:   10 c1 e9 0c 8b c1 48 8b 4c 24 48 48 2b c8 48 8b
0x00007ffc22931b7c:   01 0f b7 40 24 eb 30 41 39 76 7c 74 27 8b 02 89
0x00007ffc22931b8c:   84 24 10 01 00 00 41 85 46 7c 74 0e 41 33 86 88
0x00007ffc22931b9c:   00 00 00 89 84 24 10 01 00 00 0f b7 84 24 10 01
0x00007ffc22931bac:   00 00 eb 03 0f b7 02 0f b7 c0 48 c1 e0 04 48 03
0x00007ffc22931bbc:   44 24 48 48 8b 10 49 8b f8 48 c1 e7 04 48 2b fa
0x00007ffc22931bcc:   48 89 7c 24 60 8b 9c 24 88 01 00 00 81 e3 ff ff
0x00007ffc22931bdc:   03 c0 89 9c 24 88 01 00 00 4d 8b c4 8b d3 49 8b
0x00007ffc22931bec:   ce e8 ae 8d 00 00 48 89 44 24 78 eb 25 33 c0 48 


Stack slot to memory mapping:
stack at sp + 0 slots: 0x0000023d92f8ded0 points into unknown readable memory: 0x0000023de31b15c0 | c0 15 1b e3 3d 02 00 00
stack at sp + 1 slots: 0x000000000000003e is an unknown value
stack at sp + 2 slots: 0x0 is NULL
stack at sp + 3 slots: 0x0000023d94167850 points into unknown readable memory: 0x2f6970612f726574 | 74 65 72 2f 61 70 69 2f
stack at sp + 4 slots: 0x000000ec890fe429 is pointing into the stack for thread: 0x0000023d91fa7640
stack at sp + 5 slots: 0x00007ffbcc9113ef jvm.dll
stack at sp + 6 slots: 0x0000000000000060 is an unknown value
stack at sp + 7 slots: 0x0000023d94167c40 points into unknown readable memory: 0x2f67726f4c284f00 | 00 4f 28 4c 6f 72 67 2f


---------------  P R O C E S S  ---------------

Threads class SMR info:
_java_thread_list=0x0000023d93054f50, length=14, elements={
0x0000023de4aef7a0, 0x0000023dff5bacd0, 0x0000023dff5bba50, 0x0000023d91f95200,
0x0000023d91f96bd0, 0x0000023d91f99590, 0x0000023d91f99f40, 0x0000023d91fa2c40,
0x0000023d91fa7640, 0x0000023d91faa040, 0x0000023d920d0a90, 0x0000023d92178390,
0x0000023d92178860, 0x0000023d946ab150
}

Java Threads: ( => current thread )
  0x0000023de4aef7a0 JavaThread "main" [_thread_blocked, id=17500, stack(0x000000ec88200000,0x000000ec88300000)]
  0x0000023dff5bacd0 JavaThread "Reference Handler" daemon [_thread_blocked, id=14976, stack(0x000000ec88900000,0x000000ec88a00000)]
  0x0000023dff5bba50 JavaThread "Finalizer" daemon [_thread_blocked, id=18252, stack(0x000000ec88a00000,0x000000ec88b00000)]
  0x0000023d91f95200 JavaThread "Signal Dispatcher" daemon [_thread_blocked, id=16348, stack(0x000000ec88b00000,0x000000ec88c00000)]
  0x0000023d91f96bd0 JavaThread "Attach Listener" daemon [_thread_blocked, id=17540, stack(0x000000ec88c00000,0x000000ec88d00000)]
  0x0000023d91f99590 JavaThread "Service Thread" daemon [_thread_blocked, id=16564, stack(0x000000ec88d00000,0x000000ec88e00000)]
  0x0000023d91f99f40 JavaThread "Monitor Deflation Thread" daemon [_thread_blocked, id=2528, stack(0x000000ec88e00000,0x000000ec88f00000)]
  0x0000023d91fa2c40 JavaThread "C2 CompilerThread0" daemon [_thread_blocked, id=17620, stack(0x000000ec88f00000,0x000000ec89000000)]
=>0x0000023d91fa7640 JavaThread "C1 CompilerThread0" daemon [_thread_in_vm, id=14936, stack(0x000000ec89000000,0x000000ec89100000)]
  0x0000023d91faa040 JavaThread "Sweeper thread" daemon [_thread_blocked, id=13860, stack(0x000000ec89100000,0x000000ec89200000)]
  0x0000023d920d0a90 JavaThread "Common-Cleaner" daemon [_thread_blocked, id=8820, stack(0x000000ec89200000,0x000000ec89300000)]
  0x0000023d92178390 JavaThread "Monitor Ctrl-Break" daemon [_thread_in_native, id=12436, stack(0x000000ec89400000,0x000000ec89500000)]
  0x0000023d92178860 JavaThread "Notification Thread" daemon [_thread_blocked, id=14484, stack(0x000000ec89500000,0x000000ec89600000)]
  0x0000023d946ab150 JavaThread "JNA Cleaner" daemon [_thread_blocked, id=10904, stack(0x000000ec8a200000,0x000000ec8a300000)]

Other Threads:
  0x0000023d91f91a50 VMThread "VM Thread" [stack: 0x000000ec88800000,0x000000ec88900000] [id=3712]
  0x0000023de4b769f0 WatcherThread [stack: 0x000000ec89600000,0x000000ec89700000] [id=18004]
  0x0000023dff410900 GCTaskThread "GC Thread#0" [stack: 0x000000ec88300000,0x000000ec88400000] [id=7500]
  0x0000023d942536d0 GCTaskThread "GC Thread#1" [stack: 0x000000ec89800000,0x000000ec89900000] [id=15712]
  0x0000023d9338ec30 GCTaskThread "GC Thread#2" [stack: 0x000000ec89900000,0x000000ec89a00000] [id=14912]
  0x0000023d942b3700 GCTaskThread "GC Thread#3" [stack: 0x000000ec89a00000,0x000000ec89b00000] [id=2396]
  0x0000023d93a2cbc0 GCTaskThread "GC Thread#4" [stack: 0x000000ec89b00000,0x000000ec89c00000] [id=3104]
  0x0000023d93f61ae0 GCTaskThread "GC Thread#5" [stack: 0x000000ec89c00000,0x000000ec89d00000] [id=14716]
  0x0000023d93fca6f0 GCTaskThread "GC Thread#6" [stack: 0x000000ec89d00000,0x000000ec89e00000] [id=15156]
  0x0000023d9227a600 GCTaskThread "GC Thread#7" [stack: 0x000000ec89e00000,0x000000ec89f00000] [id=7236]
  0x0000023d9227a8b0 GCTaskThread "GC Thread#8" [stack: 0x000000ec89f00000,0x000000ec8a000000] [id=17944]
  0x0000023d93c20640 GCTaskThread "GC Thread#9" [stack: 0x000000ec8a000000,0x000000ec8a100000] [id=3188]
  0x0000023de4b6ed20 ConcurrentGCThread "G1 Main Marker" [stack: 0x000000ec88400000,0x000000ec88500000] [id=12856]
  0x0000023de4b6fed0 ConcurrentGCThread "G1 Conc#0" [stack: 0x000000ec88500000,0x000000ec88600000] [id=7172]
  0x0000023dff4ead40 ConcurrentGCThread "G1 Refine#0" [stack: 0x000000ec88600000,0x000000ec88700000] [id=6472]
  0x0000023d93db94a0 ConcurrentGCThread "G1 Refine#1" [stack: 0x000000ec8a100000,0x000000ec8a200000] [id=7884]
  0x0000023dff4eb760 ConcurrentGCThread "G1 Service" [stack: 0x000000ec88700000,0x000000ec88800000] [id=2552]

Threads with active compile tasks:
C1 CompilerThread0     1265 1310   !   3       java.lang.invoke.BootstrapMethodInvoker::invoke (974 bytes)

VM state: not at safepoint (normal execution)

VM Mutex/Monitor currently owned by a thread: None

Heap address: 0x0000000604000000, size: 8128 MB, Compressed Oops mode: Zero based, Oop shift amount: 3

CDS archive(s) mapped at: [0x0000000800000000-0x0000000800bd0000-0x0000000800bd0000), size 12386304, SharedBaseAddress: 0x0000000800000000, ArchiveRelocationMode: 0.
Compressed class space mapped at: 0x0000000800c00000-0x0000000840c00000, reserved size: 1073741824
Narrow klass base: 0x0000000800000000, Narrow klass shift: 0, Narrow klass range: 0x100000000

GC Precious Log:
 CPUs: 12 total, 12 available
 Memory: 32509M
 Large Page Support: Disabled
 NUMA Support: Disabled
 Compressed Oops: Enabled (Zero based)
 Heap Region Size: 4M
 Heap Min Capacity: 8M
 Heap Initial Capacity: 508M
 Heap Max Capacity: 8128M
 Pre-touch: Disabled
 Parallel Workers: 10
 Concurrent Workers: 3
 Concurrent Refinement Workers: 10
 Periodic GC: Disabled

Heap:
 garbage-first heap   total 520192K, used 10829K [0x0000000604000000, 0x0000000800000000)
  region size 4096K, 3 young (12288K), 1 survivors (4096K)
 Metaspace       used 6176K, committed 6336K, reserved 1056768K
  class space    used 772K, committed 832K, reserved 1048576K

Heap Regions: E=young(eden), S=young(survivor), O=old, HS=humongous(starts), HC=humongous(continues), CS=collection set, F=free, OA=open archive, CA=closed archive, TAMS=top-at-mark-start (previous, next)
|   0|0x0000000604000000, 0x0000000604293600, 0x0000000604400000| 64%| O|  |TAMS 0x0000000604000000, 0x0000000604000000| Untracked 
|   1|0x0000000604400000, 0x0000000604400000, 0x0000000604800000|  0%| F|  |TAMS 0x0000000604400000, 0x0000000604400000| Untracked 
|   2|0x0000000604800000, 0x0000000604800000, 0x0000000604c00000|  0%| F|  |TAMS 0x0000000604800000, 0x0000000604800000| Untracked 
|   3|0x0000000604c00000, 0x0000000604c00000, 0x0000000605000000|  0%| F|  |TAMS 0x0000000604c00000, 0x0000000604c00000| Untracked 
|   4|0x0000000605000000, 0x0000000605000000, 0x0000000605400000|  0%| F|  |TAMS 0x0000000605000000, 0x0000000605000000| Untracked 
|   5|0x0000000605400000, 0x0000000605400000, 0x0000000605800000|  0%| F|  |TAMS 0x0000000605400000, 0x0000000605400000| Untracked 
|   6|0x0000000605800000, 0x0000000605800000, 0x0000000605c00000|  0%| F|  |TAMS 0x0000000605800000, 0x0000000605800000| Untracked 
|   7|0x0000000605c00000, 0x0000000605c00000, 0x0000000606000000|  0%| F|  |TAMS 0x0000000605c00000, 0x0000000605c00000| Untracked 
|   8|0x0000000606000000, 0x0000000606000000, 0x0000000606400000|  0%| F|  |TAMS 0x0000000606000000, 0x0000000606000000| Untracked 
|   9|0x0000000606400000, 0x0000000606400000, 0x0000000606800000|  0%| F|  |TAMS 0x0000000606400000, 0x0000000606400000| Untracked 
|  10|0x0000000606800000, 0x0000000606800000, 0x0000000606c00000|  0%| F|  |TAMS 0x0000000606800000, 0x0000000606800000| Untracked 
|  11|0x0000000606c00000, 0x0000000606c00000, 0x0000000607000000|  0%| F|  |TAMS 0x0000000606c00000, 0x0000000606c00000| Untracked 
|  12|0x0000000607000000, 0x0000000607000000, 0x0000000607400000|  0%| F|  |TAMS 0x0000000607000000, 0x0000000607000000| Untracked 
|  13|0x0000000607400000, 0x0000000607400000, 0x0000000607800000|  0%| F|  |TAMS 0x0000000607400000, 0x0000000607400000| Untracked 
|  14|0x0000000607800000, 0x0000000607800000, 0x0000000607c00000|  0%| F|  |TAMS 0x0000000607800000, 0x0000000607800000| Untracked 
|  15|0x0000000607c00000, 0x0000000607c00000, 0x0000000608000000|  0%| F|  |TAMS 0x0000000607c00000, 0x0000000607c00000| Untracked 
|  16|0x0000000608000000, 0x0000000608000000, 0x0000000608400000|  0%| F|  |TAMS 0x0000000608000000, 0x0000000608000000| Untracked 
|  17|0x0000000608400000, 0x0000000608400000, 0x0000000608800000|  0%| F|  |TAMS 0x0000000608400000, 0x0000000608400000| Untracked 
|  18|0x0000000608800000, 0x0000000608800000, 0x0000000608c00000|  0%| F|  |TAMS 0x0000000608800000, 0x0000000608800000| Untracked 
|  19|0x0000000608c00000, 0x0000000608c00000, 0x0000000609000000|  0%| F|  |TAMS 0x0000000608c00000, 0x0000000608c00000| Untracked 
|  20|0x0000000609000000, 0x0000000609000000, 0x0000000609400000|  0%| F|  |TAMS 0x0000000609000000, 0x0000000609000000| Untracked 
|  21|0x0000000609400000, 0x0000000609400000, 0x0000000609800000|  0%| F|  |TAMS 0x0000000609400000, 0x0000000609400000| Untracked 
|  22|0x0000000609800000, 0x0000000609800000, 0x0000000609c00000|  0%| F|  |TAMS 0x0000000609800000, 0x0000000609800000| Untracked 
|  23|0x0000000609c00000, 0x0000000609c00000, 0x000000060a000000|  0%| F|  |TAMS 0x0000000609c00000, 0x0000000609c00000| Untracked 
|  24|0x000000060a000000, 0x000000060a000000, 0x000000060a400000|  0%| F|  |TAMS 0x000000060a000000, 0x000000060a000000| Untracked 
|  25|0x000000060a400000, 0x000000060a400000, 0x000000060a800000|  0%| F|  |TAMS 0x000000060a400000, 0x000000060a400000| Untracked 
|  26|0x000000060a800000, 0x000000060a800000, 0x000000060ac00000|  0%| F|  |TAMS 0x000000060a800000, 0x000000060a800000| Untracked 
|  27|0x000000060ac00000, 0x000000060ac00000, 0x000000060b000000|  0%| F|  |TAMS 0x000000060ac00000, 0x000000060ac00000| Untracked 
|  28|0x000000060b000000, 0x000000060b000000, 0x000000060b400000|  0%| F|  |TAMS 0x000000060b000000, 0x000000060b000000| Untracked 
|  29|0x000000060b400000, 0x000000060b400000, 0x000000060b800000|  0%| F|  |TAMS 0x000000060b400000, 0x000000060b400000| Untracked 
|  30|0x000000060b800000, 0x000000060b800000, 0x000000060bc00000|  0%| F|  |TAMS 0x000000060b800000, 0x000000060b800000| Untracked 
|  31|0x000000060bc00000, 0x000000060bc00000, 0x000000060c000000|  0%| F|  |TAMS 0x000000060bc00000, 0x000000060bc00000| Untracked 
|  32|0x000000060c000000, 0x000000060c000000, 0x000000060c400000|  0%| F|  |TAMS 0x000000060c000000, 0x000000060c000000| Untracked 
|  33|0x000000060c400000, 0x000000060c400000, 0x000000060c800000|  0%| F|  |TAMS 0x000000060c400000, 0x000000060c400000| Untracked 
|  34|0x000000060c800000, 0x000000060c800000, 0x000000060cc00000|  0%| F|  |TAMS 0x000000060c800000, 0x000000060c800000| Untracked 
|  35|0x000000060cc00000, 0x000000060cc00000, 0x000000060d000000|  0%| F|  |TAMS 0x000000060cc00000, 0x000000060cc00000| Untracked 
|  36|0x000000060d000000, 0x000000060d000000, 0x000000060d400000|  0%| F|  |TAMS 0x000000060d000000, 0x000000060d000000| Untracked 
|  37|0x000000060d400000, 0x000000060d400000, 0x000000060d800000|  0%| F|  |TAMS 0x000000060d400000, 0x000000060d400000| Untracked 
|  38|0x000000060d800000, 0x000000060d800000, 0x000000060dc00000|  0%| F|  |TAMS 0x000000060d800000, 0x000000060d800000| Untracked 
|  39|0x000000060dc00000, 0x000000060dc00000, 0x000000060e000000|  0%| F|  |TAMS 0x000000060dc00000, 0x000000060dc00000| Untracked 
|  40|0x000000060e000000, 0x000000060e000000, 0x000000060e400000|  0%| F|  |TAMS 0x000000060e000000, 0x000000060e000000| Untracked 
|  41|0x000000060e400000, 0x000000060e400000, 0x000000060e800000|  0%| F|  |TAMS 0x000000060e400000, 0x000000060e400000| Untracked 
|  42|0x000000060e800000, 0x000000060e800000, 0x000000060ec00000|  0%| F|  |TAMS 0x000000060e800000, 0x000000060e800000| Untracked 
|  43|0x000000060ec00000, 0x000000060ec00000, 0x000000060f000000|  0%| F|  |TAMS 0x000000060ec00000, 0x000000060ec00000| Untracked 
|  44|0x000000060f000000, 0x000000060f000000, 0x000000060f400000|  0%| F|  |TAMS 0x000000060f000000, 0x000000060f000000| Untracked 
|  45|0x000000060f400000, 0x000000060f400000, 0x000000060f800000|  0%| F|  |TAMS 0x000000060f400000, 0x000000060f400000| Untracked 
|  46|0x000000060f800000, 0x000000060f800000, 0x000000060fc00000|  0%| F|  |TAMS 0x000000060f800000, 0x000000060f800000| Untracked 
|  47|0x000000060fc00000, 0x000000060fc00000, 0x0000000610000000|  0%| F|  |TAMS 0x000000060fc00000, 0x000000060fc00000| Untracked 
|  48|0x0000000610000000, 0x0000000610000000, 0x0000000610400000|  0%| F|  |TAMS 0x0000000610000000, 0x0000000610000000| Untracked 
|  49|0x0000000610400000, 0x0000000610400000, 0x0000000610800000|  0%| F|  |TAMS 0x0000000610400000, 0x0000000610400000| Untracked 
|  50|0x0000000610800000, 0x0000000610800000, 0x0000000610c00000|  0%| F|  |TAMS 0x0000000610800000, 0x0000000610800000| Untracked 
|  51|0x0000000610c00000, 0x0000000610c00000, 0x0000000611000000|  0%| F|  |TAMS 0x0000000610c00000, 0x0000000610c00000| Untracked 
|  52|0x0000000611000000, 0x0000000611000000, 0x0000000611400000|  0%| F|  |TAMS 0x0000000611000000, 0x0000000611000000| Untracked 
|  53|0x0000000611400000, 0x0000000611400000, 0x0000000611800000|  0%| F|  |TAMS 0x0000000611400000, 0x0000000611400000| Untracked 
|  54|0x0000000611800000, 0x0000000611800000, 0x0000000611c00000|  0%| F|  |TAMS 0x0000000611800000, 0x0000000611800000| Untracked 
|  55|0x0000000611c00000, 0x0000000611c00000, 0x0000000612000000|  0%| F|  |TAMS 0x0000000611c00000, 0x0000000611c00000| Untracked 
|  56|0x0000000612000000, 0x0000000612000000, 0x0000000612400000|  0%| F|  |TAMS 0x0000000612000000, 0x0000000612000000| Untracked 
|  57|0x0000000612400000, 0x0000000612400000, 0x0000000612800000|  0%| F|  |TAMS 0x0000000612400000, 0x0000000612400000| Untracked 
|  58|0x0000000612800000, 0x0000000612800000, 0x0000000612c00000|  0%| F|  |TAMS 0x0000000612800000, 0x0000000612800000| Untracked 
|  59|0x0000000612c00000, 0x0000000612c00000, 0x0000000613000000|  0%| F|  |TAMS 0x0000000612c00000, 0x0000000612c00000| Untracked 
|  60|0x0000000613000000, 0x0000000613000000, 0x0000000613400000|  0%| F|  |TAMS 0x0000000613000000, 0x0000000613000000| Untracked 
|  61|0x0000000613400000, 0x0000000613400000, 0x0000000613800000|  0%| F|  |TAMS 0x0000000613400000, 0x0000000613400000| Untracked 
|  62|0x0000000613800000, 0x0000000613800000, 0x0000000613c00000|  0%| F|  |TAMS 0x0000000613800000, 0x0000000613800000| Untracked 
|  63|0x0000000613c00000, 0x0000000613c00000, 0x0000000614000000|  0%| F|  |TAMS 0x0000000613c00000, 0x0000000613c00000| Untracked 
|  64|0x0000000614000000, 0x0000000614000000, 0x0000000614400000|  0%| F|  |TAMS 0x0000000614000000, 0x0000000614000000| Untracked 
|  65|0x0000000614400000, 0x0000000614400000, 0x0000000614800000|  0%| F|  |TAMS 0x0000000614400000, 0x0000000614400000| Untracked 
|  66|0x0000000614800000, 0x0000000614800000, 0x0000000614c00000|  0%| F|  |TAMS 0x0000000614800000, 0x0000000614800000| Untracked 
|  67|0x0000000614c00000, 0x0000000614c00000, 0x0000000615000000|  0%| F|  |TAMS 0x0000000614c00000, 0x0000000614c00000| Untracked 
|  68|0x0000000615000000, 0x0000000615000000, 0x0000000615400000|  0%| F|  |TAMS 0x0000000615000000, 0x0000000615000000| Untracked 
|  69|0x0000000615400000, 0x0000000615400000, 0x0000000615800000|  0%| F|  |TAMS 0x0000000615400000, 0x0000000615400000| Untracked 
|  70|0x0000000615800000, 0x0000000615800000, 0x0000000615c00000|  0%| F|  |TAMS 0x0000000615800000, 0x0000000615800000| Untracked 
|  71|0x0000000615c00000, 0x0000000615c00000, 0x0000000616000000|  0%| F|  |TAMS 0x0000000615c00000, 0x0000000615c00000| Untracked 
|  72|0x0000000616000000, 0x0000000616000000, 0x0000000616400000|  0%| F|  |TAMS 0x0000000616000000, 0x0000000616000000| Untracked 
|  73|0x0000000616400000, 0x0000000616400000, 0x0000000616800000|  0%| F|  |TAMS 0x0000000616400000, 0x0000000616400000| Untracked 
|  74|0x0000000616800000, 0x0000000616800000, 0x0000000616c00000|  0%| F|  |TAMS 0x0000000616800000, 0x0000000616800000| Untracked 
|  75|0x0000000616c00000, 0x0000000616c00000, 0x0000000617000000|  0%| F|  |TAMS 0x0000000616c00000, 0x0000000616c00000| Untracked 
|  76|0x0000000617000000, 0x0000000617000000, 0x0000000617400000|  0%| F|  |TAMS 0x0000000617000000, 0x0000000617000000| Untracked 
|  77|0x0000000617400000, 0x0000000617400000, 0x0000000617800000|  0%| F|  |TAMS 0x0000000617400000, 0x0000000617400000| Untracked 
|  78|0x0000000617800000, 0x0000000617800000, 0x0000000617c00000|  0%| F|  |TAMS 0x0000000617800000, 0x0000000617800000| Untracked 
|  79|0x0000000617c00000, 0x0000000617c00000, 0x0000000618000000|  0%| F|  |TAMS 0x0000000617c00000, 0x0000000617c00000| Untracked 
|  80|0x0000000618000000, 0x0000000618000000, 0x0000000618400000|  0%| F|  |TAMS 0x0000000618000000, 0x0000000618000000| Untracked 
|  81|0x0000000618400000, 0x0000000618400000, 0x0000000618800000|  0%| F|  |TAMS 0x0000000618400000, 0x0000000618400000| Untracked 
|  82|0x0000000618800000, 0x0000000618800000, 0x0000000618c00000|  0%| F|  |TAMS 0x0000000618800000, 0x0000000618800000| Untracked 
|  83|0x0000000618c00000, 0x0000000618c00000, 0x0000000619000000|  0%| F|  |TAMS 0x0000000618c00000, 0x0000000618c00000| Untracked 
|  84|0x0000000619000000, 0x0000000619000000, 0x0000000619400000|  0%| F|  |TAMS 0x0000000619000000, 0x0000000619000000| Untracked 
|  85|0x0000000619400000, 0x0000000619400000, 0x0000000619800000|  0%| F|  |TAMS 0x0000000619400000, 0x0000000619400000| Untracked 
|  86|0x0000000619800000, 0x0000000619800000, 0x0000000619c00000|  0%| F|  |TAMS 0x0000000619800000, 0x0000000619800000| Untracked 
|  87|0x0000000619c00000, 0x0000000619c00000, 0x000000061a000000|  0%| F|  |TAMS 0x0000000619c00000, 0x0000000619c00000| Untracked 
|  88|0x000000061a000000, 0x000000061a000000, 0x000000061a400000|  0%| F|  |TAMS 0x000000061a000000, 0x000000061a000000| Untracked 
|  89|0x000000061a400000, 0x000000061a400000, 0x000000061a800000|  0%| F|  |TAMS 0x000000061a400000, 0x000000061a400000| Untracked 
|  90|0x000000061a800000, 0x000000061a800000, 0x000000061ac00000|  0%| F|  |TAMS 0x000000061a800000, 0x000000061a800000| Untracked 
|  91|0x000000061ac00000, 0x000000061ac00000, 0x000000061b000000|  0%| F|  |TAMS 0x000000061ac00000, 0x000000061ac00000| Untracked 
|  92|0x000000061b000000, 0x000000061b000000, 0x000000061b400000|  0%| F|  |TAMS 0x000000061b000000, 0x000000061b000000| Untracked 
|  93|0x000000061b400000, 0x000000061b400000, 0x000000061b800000|  0%| F|  |TAMS 0x000000061b400000, 0x000000061b400000| Untracked 
|  94|0x000000061b800000, 0x000000061b800000, 0x000000061bc00000|  0%| F|  |TAMS 0x000000061b800000, 0x000000061b800000| Untracked 
|  95|0x000000061bc00000, 0x000000061bc00000, 0x000000061c000000|  0%| F|  |TAMS 0x000000061bc00000, 0x000000061bc00000| Untracked 
|  96|0x000000061c000000, 0x000000061c000000, 0x000000061c400000|  0%| F|  |TAMS 0x000000061c000000, 0x000000061c000000| Untracked 
|  97|0x000000061c400000, 0x000000061c400000, 0x000000061c800000|  0%| F|  |TAMS 0x000000061c400000, 0x000000061c400000| Untracked 
|  98|0x000000061c800000, 0x000000061c800000, 0x000000061cc00000|  0%| F|  |TAMS 0x000000061c800000, 0x000000061c800000| Untracked 
|  99|0x000000061cc00000, 0x000000061cc00000, 0x000000061d000000|  0%| F|  |TAMS 0x000000061cc00000, 0x000000061cc00000| Untracked 
| 100|0x000000061d000000, 0x000000061d000000, 0x000000061d400000|  0%| F|  |TAMS 0x000000061d000000, 0x000000061d000000| Untracked 
| 101|0x000000061d400000, 0x000000061d400000, 0x000000061d800000|  0%| F|  |TAMS 0x000000061d400000, 0x000000061d400000| Untracked 
| 102|0x000000061d800000, 0x000000061d800000, 0x000000061dc00000|  0%| F|  |TAMS 0x000000061d800000, 0x000000061d800000| Untracked 
| 103|0x000000061dc00000, 0x000000061dc00000, 0x000000061e000000|  0%| F|  |TAMS 0x000000061dc00000, 0x000000061dc00000| Untracked 
| 104|0x000000061e000000, 0x000000061e000000, 0x000000061e400000|  0%| F|  |TAMS 0x000000061e000000, 0x000000061e000000| Untracked 
| 105|0x000000061e400000, 0x000000061e400000, 0x000000061e800000|  0%| F|  |TAMS 0x000000061e400000, 0x000000061e400000| Untracked 
| 106|0x000000061e800000, 0x000000061e800000, 0x000000061ec00000|  0%| F|  |TAMS 0x000000061e800000, 0x000000061e800000| Untracked 
| 107|0x000000061ec00000, 0x000000061ec00000, 0x000000061f000000|  0%| F|  |TAMS 0x000000061ec00000, 0x000000061ec00000| Untracked 
| 108|0x000000061f000000, 0x000000061f000000, 0x000000061f400000|  0%| F|  |TAMS 0x000000061f000000, 0x000000061f000000| Untracked 
| 109|0x000000061f400000, 0x000000061f400000, 0x000000061f800000|  0%| F|  |TAMS 0x000000061f400000, 0x000000061f400000| Untracked 
| 110|0x000000061f800000, 0x000000061f800000, 0x000000061fc00000|  0%| F|  |TAMS 0x000000061f800000, 0x000000061f800000| Untracked 
| 111|0x000000061fc00000, 0x000000061fc00000, 0x0000000620000000|  0%| F|  |TAMS 0x000000061fc00000, 0x000000061fc00000| Untracked 
| 112|0x0000000620000000, 0x0000000620000000, 0x0000000620400000|  0%| F|  |TAMS 0x0000000620000000, 0x0000000620000000| Untracked 
| 113|0x0000000620400000, 0x0000000620400000, 0x0000000620800000|  0%| F|  |TAMS 0x0000000620400000, 0x0000000620400000| Untracked 
| 114|0x0000000620800000, 0x0000000620800000, 0x0000000620c00000|  0%| F|  |TAMS 0x0000000620800000, 0x0000000620800000| Untracked 
| 115|0x0000000620c00000, 0x0000000620c00000, 0x0000000621000000|  0%| F|  |TAMS 0x0000000620c00000, 0x0000000620c00000| Untracked 
| 116|0x0000000621000000, 0x0000000621000000, 0x0000000621400000|  0%| F|  |TAMS 0x0000000621000000, 0x0000000621000000| Untracked 
| 117|0x0000000621400000, 0x0000000621400000, 0x0000000621800000|  0%| F|  |TAMS 0x0000000621400000, 0x0000000621400000| Untracked 
| 118|0x0000000621800000, 0x0000000621800000, 0x0000000621c00000|  0%| F|  |TAMS 0x0000000621800000, 0x0000000621800000| Untracked 
| 119|0x0000000621c00000, 0x0000000621c00000, 0x0000000622000000|  0%| F|  |TAMS 0x0000000621c00000, 0x0000000621c00000| Untracked 
| 120|0x0000000622000000, 0x0000000622400000, 0x0000000622400000|100%| S|CS|TAMS 0x0000000622000000, 0x0000000622000000| Complete 
| 121|0x0000000622400000, 0x0000000622400000, 0x0000000622800000|  0%| F|  |TAMS 0x0000000622400000, 0x0000000622400000| Untracked 
| 122|0x0000000622800000, 0x0000000622800000, 0x0000000622c00000|  0%| F|  |TAMS 0x0000000622800000, 0x0000000622800000| Untracked 
| 123|0x0000000622c00000, 0x0000000622c00000, 0x0000000623000000|  0%| F|  |TAMS 0x0000000622c00000, 0x0000000622c00000| Untracked 
| 124|0x0000000623000000, 0x0000000623000000, 0x0000000623400000|  0%| F|  |TAMS 0x0000000623000000, 0x0000000623000000| Untracked 
| 125|0x0000000623400000, 0x000000062374a8c0, 0x0000000623800000| 82%| E|  |TAMS 0x0000000623400000, 0x0000000623400000| Complete 
| 126|0x0000000623800000, 0x0000000623c00000, 0x0000000623c00000|100%| E|CS|TAMS 0x0000000623800000, 0x0000000623800000| Complete 

Card table byte_map: [0x0000023dfd380000,0x0000023dfe360000] _byte_map_base: 0x0000023dfa360000

Marking Bits (Prev, Next): (CMBitMap*) 0x0000023de4b5e5f0, (CMBitMap*) 0x0000023de4b5e630
 Prev Bits: [0x0000023d80000000, 0x0000023d87f00000)
 Next Bits: [0x0000023d87f00000, 0x0000023d8fe00000)

Polling page: 0x0000023de4a70000

Metaspace:

Usage:
  Non-class:      5.28 MB used.
      Class:    772.30 KB used.
       Both:      6.03 MB used.

Virtual space:
  Non-class space:        8.00 MB reserved,       5.38 MB ( 67%) committed,  1 nodes.
      Class space:        1.00 GB reserved,     832.00 KB ( <1%) committed,  1 nodes.
             Both:        1.01 GB reserved,       6.19 MB ( <1%) committed. 

Chunk freelists:
   Non-Class:  1.78 MB
       Class:  3.01 MB
        Both:  4.79 MB

MaxMetaspaceSize: unlimited
CompressedClassSpaceSize: 1.00 GB
Initial GC threshold: 21.00 MB
Current GC threshold: 21.00 MB
CDS: on
MetaspaceReclaimPolicy: balanced
 - commit_granule_bytes: 65536.
 - commit_granule_words: 8192.
 - virtual_space_node_default_size: 1048576.
 - enlarge_chunks_in_place: 1.
 - new_chunks_are_fully_committed: 0.
 - uncommit_free_chunks: 1.
 - use_allocation_guard: 0.
 - handle_deallocations: 1.


Internal statistics:

num_allocs_failed_limit: 0.
num_arena_births: 116.
num_arena_deaths: 0.
num_vsnodes_births: 2.
num_vsnodes_deaths: 0.
num_space_committed: 99.
num_space_uncommitted: 0.
num_chunks_returned_to_freelist: 0.
num_chunks_taken_from_freelist: 317.
num_chunk_merges: 0.
num_chunk_splits: 159.
num_chunks_enlarged: 94.
num_purges: 0.
num_inconsistent_stats: 0.

CodeHeap 'non-profiled nmethods': size=120000Kb used=508Kb max_used=508Kb free=119491Kb
 bounds [0x0000023df41d0000, 0x0000023df4440000, 0x0000023dfb700000]
CodeHeap 'profiled nmethods': size=120000Kb used=2482Kb max_used=2482Kb free=117517Kb
 bounds [0x0000023decca0000, 0x0000023decf10000, 0x0000023df41d0000]
CodeHeap 'non-nmethods': size=5760Kb used=1150Kb max_used=1184Kb free=4609Kb
 bounds [0x0000023dec700000, 0x0000023dec970000, 0x0000023decca0000]
 total_blobs=1751 nmethods=1309 adapters=355
 compilation: enabled
              stopped_count=0, restarted_count=0
 full_count=0

Compilation events (20 events):
Event: 1.044 Thread 0x0000023d91fa2c40 nmethod 1300 0x0000023df424e910 code [0x0000023df424eaa0, 0x0000023df424ec78]
Event: 1.218 Thread 0x0000023d91fa7640 1301       3       java.nio.CharBuffer::position (6 bytes)
Event: 1.218 Thread 0x0000023d91fa7640 nmethod 1301 0x0000023decf05f90 code [0x0000023decf06140, 0x0000023decf062e8]
Event: 1.219 Thread 0x0000023d91fa7640 1302       3       java.lang.invoke.MethodHandles$Lookup$ClassFile::<init> (20 bytes)
Event: 1.220 Thread 0x0000023d91fa7640 nmethod 1302 0x0000023decf06390 code [0x0000023decf06540, 0x0000023decf06778]
Event: 1.220 Thread 0x0000023d91fa7640 1304       3       java.lang.invoke.MethodHandles$Lookup$ClassOption::optionsToFlag (40 bytes)
Event: 1.220 Thread 0x0000023d91fa7640 nmethod 1304 0x0000023decf06810 code [0x0000023decf069e0, 0x0000023decf06ee8]
Event: 1.220 Thread 0x0000023d91fa7640 1303       3       java.lang.invoke.MethodHandles$Lookup::makeHiddenClassDefiner (42 bytes)
Event: 1.220 Thread 0x0000023d91fa7640 nmethod 1303 0x0000023decf07090 code [0x0000023decf07340, 0x0000023decf08258]
Event: 1.220 Thread 0x0000023d91fa7640 1305       3       java.lang.invoke.MethodHandles$Lookup$ClassDefiner::<init> (58 bytes)
Event: 1.220 Thread 0x0000023d91fa7640 nmethod 1305 0x0000023decf08790 code [0x0000023decf08940, 0x0000023decf08bf8]
Event: 1.220 Thread 0x0000023d91fa7640 1306       3       java.lang.invoke.MethodHandles$Lookup$ClassDefiner::defineClass (97 bytes)
Event: 1.221 Thread 0x0000023d91fa7640 nmethod 1306 0x0000023decf08d10 code [0x0000023decf08fa0, 0x0000023decf09e38]
Event: 1.221 Thread 0x0000023d91fa7640 1307       3       java.lang.System$2::defineClass (21 bytes)
Event: 1.221 Thread 0x0000023d91fa7640 nmethod 1307 0x0000023decf0a410 code [0x0000023decf0a5c0, 0x0000023decf0a748]
Event: 1.221 Thread 0x0000023d91fa7640 1309   !   3       java.lang.invoke.CallSite::makeSite (91 bytes)
Event: 1.221 Thread 0x0000023d91fa7640 nmethod 1309 0x0000023decf0a810 code [0x0000023decf0ab40, 0x0000023decf0bc38]
Event: 1.221 Thread 0x0000023d91fa7640 1308       3       java.util.ImmutableCollections$ListN::size (6 bytes)
Event: 1.221 Thread 0x0000023d91fa7640 nmethod 1308 0x0000023decf0c810 code [0x0000023decf0c9a0, 0x0000023decf0cab8]
Event: 1.221 Thread 0x0000023d91fa7640 1310   !   3       java.lang.invoke.BootstrapMethodInvoker::invoke (974 bytes)

GC Heap History (2 events):
Event: 0.337 GC heap before
{Heap before GC invocations=0 (full 0):
 garbage-first heap   total 520192K, used 24576K [0x0000000604000000, 0x0000000800000000)
  region size 4096K, 6 young (24576K), 0 survivors (0K)
 Metaspace       used 4208K, committed 4352K, reserved 1056768K
  class space    used 514K, committed 576K, reserved 1048576K
}
Event: 0.339 GC heap after
{Heap after GC invocations=1 (full 0):
 garbage-first heap   total 520192K, used 6733K [0x0000000604000000, 0x0000000800000000)
  region size 4096K, 1 young (4096K), 1 survivors (4096K)
 Metaspace       used 4208K, committed 4352K, reserved 1056768K
  class space    used 514K, committed 576K, reserved 1048576K
}

Deoptimization events (20 events):
Event: 0.437 Thread 0x0000023de4aef7a0 DEOPT PACKING pc=0x0000023df41db5a0 sp=0x000000ec882fbf20
Event: 0.437 Thread 0x0000023de4aef7a0 DEOPT UNPACKING pc=0x0000023dec7523a3 sp=0x000000ec882fbe50 mode 2
Event: 0.442 Thread 0x0000023de4aef7a0 DEOPT PACKING pc=0x0000023deced0f48 sp=0x000000ec882fb230
Event: 0.442 Thread 0x0000023de4aef7a0 DEOPT UNPACKING pc=0x0000023dec752b43 sp=0x000000ec882fa748 mode 0
Event: 1.218 Thread 0x0000023de4aef7a0 Uncommon trap: trap_request=0xffffffde fr.pc=0x0000023df424ebb4 relative=0x0000000000000114
Event: 1.218 Thread 0x0000023de4aef7a0 Uncommon trap: reason=class_check action=maybe_recompile pc=0x0000023df424ebb4 method=jdk.internal.misc.Unsafe.allocateUninitializedArray(Ljava/lang/Class;I)Ljava/lang/Object; @ 51 c2
Event: 1.218 Thread 0x0000023de4aef7a0 DEOPT PACKING pc=0x0000023df424ebb4 sp=0x000000ec882fbf90
Event: 1.218 Thread 0x0000023de4aef7a0 DEOPT UNPACKING pc=0x0000023dec7523a3 sp=0x000000ec882fbf18 mode 2
Event: 1.218 Thread 0x0000023de4aef7a0 Uncommon trap: trap_request=0xffffffde fr.pc=0x0000023df424ebb4 relative=0x0000000000000114
Event: 1.218 Thread 0x0000023de4aef7a0 Uncommon trap: reason=class_check action=maybe_recompile pc=0x0000023df424ebb4 method=jdk.internal.misc.Unsafe.allocateUninitializedArray(Ljava/lang/Class;I)Ljava/lang/Object; @ 51 c2
Event: 1.218 Thread 0x0000023de4aef7a0 DEOPT PACKING pc=0x0000023df424ebb4 sp=0x000000ec882fbf90
Event: 1.218 Thread 0x0000023de4aef7a0 DEOPT UNPACKING pc=0x0000023dec7523a3 sp=0x000000ec882fbf18 mode 2
Event: 1.218 Thread 0x0000023de4aef7a0 Uncommon trap: trap_request=0xffffffde fr.pc=0x0000023df424ebb4 relative=0x0000000000000114
Event: 1.218 Thread 0x0000023de4aef7a0 Uncommon trap: reason=class_check action=maybe_recompile pc=0x0000023df424ebb4 method=jdk.internal.misc.Unsafe.allocateUninitializedArray(Ljava/lang/Class;I)Ljava/lang/Object; @ 51 c2
Event: 1.218 Thread 0x0000023de4aef7a0 DEOPT PACKING pc=0x0000023df424ebb4 sp=0x000000ec882fbf90
Event: 1.218 Thread 0x0000023de4aef7a0 DEOPT UNPACKING pc=0x0000023dec7523a3 sp=0x000000ec882fbf18 mode 2
Event: 1.218 Thread 0x0000023de4aef7a0 Uncommon trap: trap_request=0xffffffde fr.pc=0x0000023df424ebb4 relative=0x0000000000000114
Event: 1.218 Thread 0x0000023de4aef7a0 Uncommon trap: reason=class_check action=maybe_recompile pc=0x0000023df424ebb4 method=jdk.internal.misc.Unsafe.allocateUninitializedArray(Ljava/lang/Class;I)Ljava/lang/Object; @ 51 c2
Event: 1.218 Thread 0x0000023de4aef7a0 DEOPT PACKING pc=0x0000023df424ebb4 sp=0x000000ec882fbf90
Event: 1.218 Thread 0x0000023de4aef7a0 DEOPT UNPACKING pc=0x0000023dec7523a3 sp=0x000000ec882fbf18 mode 2

Classes unloaded (0 events):
No events

Classes redefined (0 events):
No events

Internal exceptions (20 events):
Event: 0.269 Thread 0x0000023de4aef7a0 Exception <a 'java/lang/IncompatibleClassChangeError'{0x0000000622bbd640}: Found class java.lang.Object, but interface was expected> (0x0000000622bbd640) 
thrown [s\open\src\hotspot\share\interpreter\linkResolver.cpp, line 826]
Event: 0.276 Thread 0x0000023de4aef7a0 Exception <a 'java/lang/NoSuchMethodError'{0x0000000622407010}: 'void java.lang.invoke.DirectMethodHandle$Holder.invokeInterface(java.lang.Object, java.lang.Object, java.lang.Object)'> (0x0000000622407010) 
thrown [s\open\src\hotspot\share\interpreter\linkResolver.cpp, line 759]
Event: 0.276 Thread 0x0000023de4aef7a0 Exception <a 'java/lang/IncompatibleClassChangeError'{0x000000062240a678}: Found class java.lang.Object, but interface was expected> (0x000000062240a678) 
thrown [s\open\src\hotspot\share\interpreter\linkResolver.cpp, line 826]
Event: 0.279 Thread 0x0000023de4aef7a0 Exception <a 'java/lang/NoSuchMethodError'{0x000000062242e250}: 'java.lang.Object java.lang.invoke.DirectMethodHandle$Holder.invokeStatic(java.lang.Object, java.lang.Object, int)'> (0x000000062242e250) 
thrown [s\open\src\hotspot\share\interpreter\linkResolver.cpp, line 759]
Event: 0.286 Thread 0x0000023de4aef7a0 Exception <a 'java/lang/NoSuchMethodError'{0x00000006224894b8}: 'void java.lang.invoke.DirectMethodHandle$Holder.invokeSpecial(java.lang.Object, java.lang.Object, java.lang.Object, java.lang.Object, java.lang.Object)'> (0x00000006224894b8) 
thrown [s\open\src\hotspot\share\interpreter\linkResolver.cpp, line 759]
Event: 0.293 Thread 0x0000023de4aef7a0 Exception <a 'java/lang/NoSuchMethodError'{0x00000006224f46c0}: 'void java.lang.invoke.DirectMethodHandle$Holder.invokeInterface(java.lang.Object, java.lang.Object, java.lang.Object, java.lang.Object)'> (0x00000006224f46c0) 
thrown [s\open\src\hotspot\share\interpreter\linkResolver.cpp, line 759]
Event: 0.293 Thread 0x0000023de4aef7a0 Exception <a 'java/lang/IncompatibleClassChangeError'{0x00000006224f8238}: Found class java.lang.Object, but interface was expected> (0x00000006224f8238) 
thrown [s\open\src\hotspot\share\interpreter\linkResolver.cpp, line 826]
Event: 0.296 Thread 0x0000023de4aef7a0 Exception <a 'java/lang/NoSuchMethodError'{0x0000000622528860}: 'void java.lang.invoke.DirectMethodHandle$Holder.invokeStatic(java.lang.Object, java.lang.Object, java.lang.Object, java.lang.Object)'> (0x0000000622528860) 
thrown [s\open\src\hotspot\share\interpreter\linkResolver.cpp, line 759]
Event: 0.299 Thread 0x0000023de4aef7a0 Exception <a 'java/lang/NoSuchMethodError'{0x0000000622549c48}: 'java.lang.Object java.lang.invoke.DirectMethodHandle$Holder.newInvokeSpecial(java.lang.Object, java.lang.Object, int)'> (0x0000000622549c48) 
thrown [s\open\src\hotspot\share\interpreter\linkResolver.cpp, line 759]
Event: 0.310 Thread 0x0000023de4aef7a0 Exception <a 'java/lang/NoSuchMethodError'{0x00000006225efac0}: 'java.lang.Object java.lang.invoke.Invokers$Holder.invokeExact_MT(java.lang.Object, java.lang.Object, java.lang.Object, java.lang.Object, java.lang.Object, java.lang.Object)'> (0x00000006225efac0) 
thrown [s\open\src\hotspot\share\interpreter\linkResolver.cpp, line 759]
Event: 0.311 Thread 0x0000023de4aef7a0 Exception <a 'java/lang/NoSuchMethodError'{0x00000006225ff830}: 'int java.lang.invoke.DirectMethodHandle$Holder.invokeStatic(java.lang.Object, java.lang.Object, java.lang.Object, java.lang.Object, java.lang.Object)'> (0x00000006225ff830) 
thrown [s\open\src\hotspot\share\interpreter\linkResolver.cpp, line 759]
Event: 0.316 Thread 0x0000023de4aef7a0 Exception <a 'java/lang/NoSuchMethodError'{0x000000062265a088}: 'void java.lang.invoke.DirectMethodHandle$Holder.invokeStaticInit(java.lang.Object)'> (0x000000062265a088) 
thrown [s\open\src\hotspot\share\interpreter\linkResolver.cpp, line 759]
Event: 0.333 Thread 0x0000023de4aef7a0 Exception <a 'java/lang/NoSuchMethodError'{0x00000006227d1738}: 'int java.lang.invoke.DirectMethodHandle$Holder.invokeStaticInit(java.lang.Object, java.lang.Object)'> (0x00000006227d1738) 
thrown [s\open\src\hotspot\share\interpreter\linkResolver.cpp, line 759]
Event: 0.356 Thread 0x0000023de4aef7a0 Exception <a 'java/lang/NoSuchMethodError'{0x0000000623947cf8}: 'java.lang.Object java.lang.invoke.DirectMethodHandle$Holder.newInvokeSpecial(java.lang.Object, java.lang.Object, java.lang.Object, java.lang.Object, java.lang.Object, java.lang.Object, java.lang.Object)'> (0x0000000623947cf8) 
thrown [s\open\src\hotspot\share\interpreter\linkResolver.cpp, line 759]
Event: 0.356 Thread 0x0000023de4aef7a0 Exception <a 'java/lang/NoSuchMethodError'{0x000000062394c8b0}: 'java.lang.Object java.lang.invoke.Invokers$Holder.linkToTargetMethod(java.lang.Object, java.lang.Object, java.lang.Object, java.lang.Object, java.lang.Object, java.lang.Object, java.lang.Object)'> (0x000000062394c8b0) 
thrown [s\open\src\hotspot\share\interpreter\linkResolver.cpp, line 759]
Event: 0.357 Thread 0x0000023de4aef7a0 Exception <a 'java/lang/NoSuchMethodError'{0x0000000623961338}: 'java.lang.Object java.lang.invoke.DirectMethodHandle$Holder.invokeInterface(java.lang.Object, java.lang.Object, java.lang.Object, java.lang.Object, java.lang.Object)'> (0x0000000623961338) 
thrown [s\open\src\hotspot\share\interpreter\linkResolver.cpp, line 759]
Event: 0.357 Thread 0x0000023de4aef7a0 Exception <a 'java/lang/IncompatibleClassChangeError'{0x0000000623965130}: Found class java.lang.Object, but interface was expected> (0x0000000623965130) 
thrown [s\open\src\hotspot\share\interpreter\linkResolver.cpp, line 826]
Event: 0.371 Thread 0x0000023de4aef7a0 Exception <a 'java/lang/NoSuchMethodError'{0x0000000623a2f4c0}: 'java.lang.Object java.lang.invoke.DirectMethodHandle$Holder.invokeStaticInit(java.lang.Object, int, int, int, int)'> (0x0000000623a2f4c0) 
thrown [s\open\src\hotspot\share\interpreter\linkResolver.cpp, line 759]
Event: 0.402 Thread 0x0000023de4aef7a0 Exception <a 'java/lang/NoSuchMethodError'{0x0000000623ada4f0}: 'java.lang.Object java.lang.invoke.DirectMethodHandle$Holder.invokeStaticInit(java.lang.Object, java.lang.Object, int, int, int, int)'> (0x0000000623ada4f0) 
thrown [s\open\src\hotspot\share\interpreter\linkResolver.cpp, line 759]
Event: 0.421 Thread 0x0000023de4aef7a0 Implicit null exception at 0x0000023df421e0f2 to 0x0000023df421e6d4

VM Operations (20 events):
Event: 0.077 Executing VM operation: HandshakeAllThreads
Event: 0.077 Executing VM operation: HandshakeAllThreads done
Event: 0.128 Executing VM operation: HandshakeAllThreads
Event: 0.128 Executing VM operation: HandshakeAllThreads done
Event: 0.154 Executing VM operation: HandshakeAllThreads
Event: 0.154 Executing VM operation: HandshakeAllThreads done
Event: 0.184 Executing VM operation: HandshakeAllThreads
Event: 0.184 Executing VM operation: HandshakeAllThreads done
Event: 0.337 Executing VM operation: G1CollectForAllocation
Event: 0.339 Executing VM operation: G1CollectForAllocation done
Event: 0.359 Executing VM operation: HandshakeAllThreads
Event: 0.359 Executing VM operation: HandshakeAllThreads done
Event: 0.365 Executing VM operation: HandshakeAllThreads
Event: 0.365 Executing VM operation: HandshakeAllThreads done
Event: 0.419 Executing VM operation: HandshakeAllThreads
Event: 0.419 Executing VM operation: HandshakeAllThreads done
Event: 0.419 Executing VM operation: HandshakeAllThreads
Event: 0.419 Executing VM operation: HandshakeAllThreads done
Event: 0.436 Executing VM operation: HandshakeAllThreads
Event: 0.436 Executing VM operation: HandshakeAllThreads done

Events (20 events):
Event: 1.025 loading class sun/util/resources/cldr/TimeZoneNames
Event: 1.025 loading class sun/util/resources/TimeZoneNamesBundle
Event: 1.025 loading class sun/util/resources/OpenListResourceBundle
Event: 1.025 loading class sun/util/resources/OpenListResourceBundle done
Event: 1.025 loading class sun/util/resources/TimeZoneNamesBundle done
Event: 1.025 loading class sun/util/resources/cldr/TimeZoneNames done
Event: 1.025 loading class sun/util/resources/cldr/TimeZoneNames_en
Event: 1.025 loading class sun/util/resources/cldr/TimeZoneNames_en done
Event: 1.025 loading class sun/util/resources/cldr/TimeZoneNames_en_US
Event: 1.025 loading class sun/util/resources/cldr/TimeZoneNames_en_US done
Event: 1.026 loading class sun/util/resources/TimeZoneNames
Event: 1.026 loading class sun/util/resources/TimeZoneNames done
Event: 1.026 loading class sun/util/resources/TimeZoneNames_en
Event: 1.026 loading class sun/util/resources/TimeZoneNames_en done
Event: 1.042 loading class jdk/internal/reflect/UnsafeObjectFieldAccessorImpl
Event: 1.042 loading class jdk/internal/reflect/UnsafeObjectFieldAccessorImpl done
Event: 1.221 loading class java/util/concurrent/ConcurrentHashMap$ValueSpliterator
Event: 1.221 loading class java/util/concurrent/ConcurrentHashMap$ValueSpliterator done
Event: 1.221 loading class java/util/stream/SortedOps$RefSortingSink
Event: 1.221 loading class java/util/stream/SortedOps$RefSortingSink done


Dynamic libraries:
0x00007ff6b38c0000 - 0x00007ff6b38d0000 	E:\jdk-17.05\bin\java.exe
0x00007ffc22910000 - 0x00007ffc22b05000 	C:\Windows\SYSTEM32\ntdll.dll
0x00007ffc22800000 - 0x00007ffc228be000 	C:\Windows\System32\KERNEL32.DLL
0x00007ffc1feb0000 - 0x00007ffc20178000 	C:\Windows\System32\KERNELBASE.dll
0x00007ffc1fcb0000 - 0x00007ffc1fdb0000 	C:\Windows\System32\ucrtbase.dll
0x00007ffc154f0000 - 0x00007ffc15508000 	E:\jdk-17.05\bin\jli.dll
0x00007ffc155f0000 - 0x00007ffc1560a000 	E:\jdk-17.05\bin\VCRUNTIME140.dll
0x00007ffc20ee0000 - 0x00007ffc20f8c000 	C:\Windows\System32\ADVAPI32.dll
0x00007ffc213d0000 - 0x00007ffc2146e000 	C:\Windows\System32\msvcrt.dll
0x00007ffc21570000 - 0x00007ffc2160b000 	C:\Windows\System32\sechost.dll
0x00007ffc21ee0000 - 0x00007ffc2200a000 	C:\Windows\System32\RPCRT4.dll
0x00007ffc20790000 - 0x00007ffc20931000 	C:\Windows\System32\USER32.dll
0x00007ffc1fdb0000 - 0x00007ffc1fdd2000 	C:\Windows\System32\win32u.dll
0x00007ffc21490000 - 0x00007ffc214bb000 	C:\Windows\System32\GDI32.dll
0x00007ffc204f0000 - 0x00007ffc205fd000 	C:\Windows\System32\gdi32full.dll
0x00007ffc0a530000 - 0x00007ffc0a7ca000 	C:\Windows\WinSxS\amd64_microsoft.windows.common-controls_6595b64144ccf1df_6.0.19041.1110_none_60b5254171f9507e\COMCTL32.dll
0x00007ffc20450000 - 0x00007ffc204ed000 	C:\Windows\System32\msvcp_win.dll
0x00007ffc1f7b0000 - 0x00007ffc1f7ba000 	C:\Windows\SYSTEM32\VERSION.dll
0x00007ffc214d0000 - 0x00007ffc21500000 	C:\Windows\System32\IMM32.DLL
0x000000006a020000 - 0x000000006a02d000 	C:\Program Files (x86)\360\360Safe\safemon\SafeWrapper.dll
0x00007ffc0d6f0000 - 0x00007ffc0d7f3000 	C:\Program Files (x86)\360\360Safe\safemon\libzdtp64.dll
0x00007ffc216c0000 - 0x00007ffc21e04000 	C:\Windows\System32\SHELL32.dll
0x00007ffc22010000 - 0x00007ffc22065000 	C:\Windows\System32\SHLWAPI.dll
0x00007ffc154e0000 - 0x00007ffc154ec000 	E:\jdk-17.05\bin\vcruntime140_1.dll
0x00007ffbf51a0000 - 0x00007ffbf522d000 	E:\jdk-17.05\bin\msvcp140.dll
0x00007ffbcc790000 - 0x00007ffbcd352000 	E:\jdk-17.05\bin\server\jvm.dll
0x00007ffc21560000 - 0x00007ffc21568000 	C:\Windows\System32\PSAPI.DLL
0x00007ffc0d1b0000 - 0x00007ffc0d1b9000 	C:\Windows\SYSTEM32\WSOCK32.dll
0x00007ffc0d1f0000 - 0x00007ffc0d217000 	C:\Windows\SYSTEM32\WINMM.dll
0x00007ffc22370000 - 0x00007ffc223db000 	C:\Windows\System32\WS2_32.dll
0x00007ffc1fe90000 - 0x00007ffc1fea2000 	C:\Windows\System32\kernel.appcore.dll
0x00007ffc0e240000 - 0x00007ffc0e24a000 	E:\jdk-17.05\bin\jimage.dll
0x00007ffc1d870000 - 0x00007ffc1da54000 	C:\Windows\SYSTEM32\DBGHELP.DLL
0x00007ffc0bb60000 - 0x00007ffc0bb8c000 	C:\Windows\SYSTEM32\dbgcore.DLL
0x00007ffc203c0000 - 0x00007ffc20442000 	C:\Windows\System32\bcryptPrimitives.dll
0x00007ffc07fa0000 - 0x00007ffc07fae000 	E:\jdk-17.05\bin\instrument.dll
0x00007ffc0e180000 - 0x00007ffc0e1a5000 	E:\jdk-17.05\bin\java.dll
0x00007ffbf43f0000 - 0x00007ffbf44c6000 	E:\jdk-17.05\bin\jsvml.dll
0x00007ffc1dea0000 - 0x00007ffc1e634000 	C:\Windows\SYSTEM32\windows.storage.dll
0x00007ffc224a0000 - 0x00007ffc227f5000 	C:\Windows\System32\combase.dll
0x00007ffc1f610000 - 0x00007ffc1f63e000 	C:\Windows\SYSTEM32\Wldp.dll
0x00007ffc21010000 - 0x00007ffc210bd000 	C:\Windows\System32\SHCORE.dll
0x00007ffc1fbf0000 - 0x00007ffc1fc0f000 	C:\Windows\SYSTEM32\profapi.dll
0x00007ffc08bb0000 - 0x00007ffc08bc8000 	E:\jdk-17.05\bin\zip.dll
0x00007ffc0e220000 - 0x00007ffc0e239000 	E:\jdk-17.05\bin\net.dll
0x00007ffc1c490000 - 0x00007ffc1c59c000 	C:\Windows\SYSTEM32\WINHTTP.dll
0x00007ffc1f370000 - 0x00007ffc1f3da000 	C:\Windows\system32\mswsock.dll
0x00007ffc0d880000 - 0x00007ffc0d896000 	E:\jdk-17.05\bin\nio.dll
0x00007ffc04d10000 - 0x00007ffc04d2a000 	D:\IntelliJ IDEA 2022.3\bin\breakgen64.dll
0x00007ffc1f560000 - 0x00007ffc1f578000 	C:\Windows\SYSTEM32\CRYPTSP.dll
0x00007ffc1ecf0000 - 0x00007ffc1ed24000 	C:\Windows\system32\rsaenh.dll
0x00007ffc20280000 - 0x00007ffc202a7000 	C:\Windows\System32\bcrypt.dll
0x00007ffc1fbb0000 - 0x00007ffc1fbde000 	C:\Windows\SYSTEM32\USERENV.dll
0x00007ffc1f580000 - 0x00007ffc1f58c000 	C:\Windows\SYSTEM32\CRYPTBASE.dll
0x00007ffc1f060000 - 0x00007ffc1f09b000 	C:\Windows\SYSTEM32\IPHLPAPI.DLL
0x00007ffc228c0000 - 0x00007ffc228c8000 	C:\Windows\System32\NSI.dll
0x00007ffc1a6c0000 - 0x00007ffc1a6d7000 	C:\Windows\SYSTEM32\dhcpcsvc6.DLL
0x00007ffc1a5a0000 - 0x00007ffc1a5bd000 	C:\Windows\SYSTEM32\dhcpcsvc.DLL
0x00007ffc1f0a0000 - 0x00007ffc1f16b000 	C:\Windows\SYSTEM32\DNSAPI.dll
0x00007ffbf43a0000 - 0x00007ffbf43e5000 	C:\Users\Administrator\AppData\Local\Temp\jna-146731693\jna17268398577760194416.dll
0x00007ffbcd560000 - 0x00007ffbcd6c3000 	D:\Documents\WeChat Files\wxid_chyxeiwg3hv922\FileStorage\File\2024-08\testDll\dll64.dll

dbghelp: loaded successfully - version: 4.0.5 - missing functions: none
symbol engine: initialized successfully - sym options: 0x614 - pdb path: .;E:\jdk-17.05\bin;C:\Windows\SYSTEM32;C:\Windows\WinSxS\amd64_microsoft.windows.common-controls_6595b64144ccf1df_6.0.19041.1110_none_60b5254171f9507e;C:\Program Files (x86)\360\360Safe\safemon;E:\jdk-17.05\bin\server;D:\IntelliJ IDEA 2022.3\bin;C:\Users\Administrator\AppData\Local\Temp\jna-146731693;D:\Documents\WeChat Files\wxid_chyxeiwg3hv922\FileStorage\File\2024-08\testDll

VM Arguments:
jvm_args: -ea -Didea.test.cyclic.buffer.size=1048576 -javaagent:D:\IntelliJ IDEA 2022.3\lib\idea_rt.jar=53647:D:\IntelliJ IDEA 2022.3\bin -Dfile.encoding=UTF-8 
java_command: com.intellij.rt.junit.JUnitStarter -ideVersion5 -junit5 com.yt.server.DllTest,testGetZFYInfo
java_class_path (initial): D:\IntelliJ IDEA 2022.3\lib\idea_rt.jar;D:\IntelliJ IDEA 2022.3\plugins\junit\lib\junit5-rt.jar;D:\IntelliJ IDEA 2022.3\plugins\junit\lib\junit-rt.jar;E:\aaa\spring-native-ytserver-gradle-high\out\test\classes;E:\aaa\spring-native-ytserver-gradle-high\out\production\classes;E:\aaa\spring-native-ytserver-gradle-high\out\production\resources;D:\gradle\caches\modules-2\files-2.1\org.springframework.boot\spring-boot-starter-web\3.0.2\3f6a2cb4cb11bac3611f5a95e234589eb190dd29\spring-boot-starter-web-3.0.2.jar;D:\gradle\caches\modules-2\files-2.1\org.mybatis.spring.boot\mybatis-spring-boot-starter\3.0.1\24dc6d5ea60fe36c0310681c16a25e9c7d9c45ce\mybatis-spring-boot-starter-3.0.1.jar;D:\gradle\caches\modules-2\files-2.1\org.springframework.boot\spring-boot-starter-test\3.0.2\167ec01ebb1d4d5f955aa25e027fe25336116925\spring-boot-starter-test-3.0.2.jar;D:\gradle\caches\modules-2\files-2.1\ch.qos.logback\logback-classic\1.4.5\28e7dc0b208d6c3f15beefd73976e064b4ecfa9b\logback-classic-1.4.5.jar;D:\gradle\caches\modules-2\files-2.1\org.javassist\javassist\3.29.2-GA\6c32028609e5dd4a1b78e10fbcd122b09b3928b1\javassist-3.29.2-GA.jar;D:\gradle\caches\modules-2\files-2.1\com.github.pagehelper\pagehelper\5.3.2\a6b2439ba65b849dda324268fa121fe3584dad59\pagehelper-5.3.2.jar;D:\gradle\caches\modules-2\files-2.1\com.github.ggalmazor\lt_downsampling_java8\0.0.7\2e4eb07d59e717664c128edad0b443aa8abe4365\lt_downsampling_java8-0.0.7.jar;D:\gradle\caches\modules-2\files-2.1\com.fasterxml.jackson.core\jackson-databind\2.14.1\268524b9056cae1211b9f1f52560ef19347f4d17\jackson-databind-2.14.1.jar;D:\gradle\caches\modules-2\files-2.1\com.zaxxer\HikariCP\5.0.1\a74c7f0a37046846e88d54f7cb6ea6d565c65f9c\HikariCP-5.0.1.jar;D:\gradle\caches\modules-2\files-2.1\commons-io\commons-io\2.11.0\a2503f302b11ebde7ebc3df41daebe0e4eea3689\commons-io-2.11.0.jar;D:\gradle\caches\modules-2\files-2.1\commons-codec\commons-codec\1.15\49d94806b6e3dc933dacbd8acb0fdbab8ebd1e5d\commons-codec-1.15.jar;D:
Launcher Type: SUN_STANDARD

[Global flags]
     intx CICompilerCount                          = 4                                         {product} {ergonomic}
     uint ConcGCThreads                            = 3                                         {product} {ergonomic}
     uint G1ConcRefinementThreads                  = 10                                        {product} {ergonomic}
   size_t G1HeapRegionSize                         = 4194304                                   {product} {ergonomic}
    uintx GCDrainStackTargetSize                   = 64                                        {product} {ergonomic}
   size_t InitialHeapSize                          = 532676608                                 {product} {ergonomic}
   size_t MarkStackSize                            = 4194304                                   {product} {ergonomic}
   size_t MaxHeapSize                              = 8522825728                                {product} {ergonomic}
   size_t MaxNewSize                               = 5112856576                                {product} {ergonomic}
   size_t MinHeapDeltaBytes                        = 4194304                                   {product} {ergonomic}
   size_t MinHeapSize                              = 8388608                                   {product} {ergonomic}
    uintx NonNMethodCodeHeapSize                   = 5839372                                {pd product} {ergonomic}
    uintx NonProfiledCodeHeapSize                  = 122909434                              {pd product} {ergonomic}
    uintx ProfiledCodeHeapSize                     = 122909434                              {pd product} {ergonomic}
    uintx ReservedCodeCacheSize                    = 251658240                              {pd product} {ergonomic}
     bool SegmentedCodeCache                       = true                                      {product} {ergonomic}
   size_t SoftMaxHeapSize                          = 8522825728                             {manageable} {ergonomic}
     bool UseCompressedClassPointers               = true                           {product lp64_product} {ergonomic}
     bool UseCompressedOops                        = true                           {product lp64_product} {ergonomic}
     bool UseG1GC                                  = true                                      {product} {ergonomic}
     bool UseLargePagesIndividualAllocation        = false                                  {pd product} {ergonomic}

Logging:
Log output configuration:
 #0: stdout all=warning uptime,level,tags
 #1: stderr all=off uptime,level,tags

Environment Variables:
JAVA_HOME=E:\jdk11\bin333
PATH=D:\vmware\bin\;C:\Windows\system32;C:\Windows;C:\Windows\System32\Wbem;C:\Windows\System32\WindowsPowerShell\v1.0\;C:\Windows\System32\OpenSSH\;C:\Program Files (x86)\Microsoft Visual Studio\2022\BuildTools\VC\Tools\MSVC\14.29.30133\bin\HostX64\x64;F:\xshell6\;G:\VMware Workstation\bin\;C:\Windows\system32;C:\Windows;C:\Windows\System32\Wbem;C:\Windows\System32\WindowsPowerShell\v1.0\;C:\Windows\System32\OpenSSH\;C:\Program Files (x86)\NVIDIA Corporation\PhysX\Common;C:\Program Files\NVIDIA Corporation\NVIDIA NvDLISR;E:\Git\cmd;C:\Program Files\TortoiseSVN\bin;E:\graalvm\graalvm-ce-java17-22.3.0\bin;C:\Program Files (x86)\Windows Kits\10\Include\10.0.18362.0\ucrt;C:\Program Files (x86)\Windows Kits\10\Include\10.0.18362.0\um;C:\Program Files (x86)\Windows Kits\10\Include\10.0.18362.0\shared;C:\Program Files (x86)\Windows Kits\10\Include\10.0.18362.0\cppwinrt;C:\Program Files (x86)\Windows Kits\10\Include\10.0.18362.0\winrt;C:\Program Files (x86)\Microsoft Visual Studio\2022\BuildTools\VC\Tools\MSVC\14.29.30133\include;C:\Program Files (x86)\Windows Kits\10\Lib\10.0.18362.0\um\x64;C:\Program Files (x86)\Windows Kits\10\Lib\10.0.18362.0\ucrt\x64;C:\Program Files (x86)\Microsoft Visual Studio\2022\BuildTools\VC\Tools\MSVC\14.29.30133\lib\x64;E:\apache-maven-3.8.4\bin;C:\Users\Administrator\AppData\Roaming\npm;D:\gradle\bin;C:\Program Files\Docker\Docker\resources\bin;C:\TDengine;D:\Git\cmd;E:\mingGw\mingw64\bin;E:\xtrabackup\xtrabackup-1.6.32bit;C:\Program Files\nodejs\;E:\jdk11\bin333;D:\xshell\;C:\Program Files (x86)\Windows Kits\10\Windows Performance Toolkit\;E:\adb\platform-tools;C:\Users\Administrator\AppData\Local\Programs\Python\Python311\Scripts\;C:\Users\Administrator\AppData\Local\Programs\Python\Python311\;C:\Users\Administrator\AppData\Local\Microsoft\WindowsApps;D:\IntelliJ IDEA 2022.3\bin;D:\Microsoft VS Code\bin
USERNAME=Administrator
OS=Windows_NT
PROCESSOR_IDENTIFIER=Intel64 Family 6 Model 151 Stepping 5, GenuineIntel



---------------  S Y S T E M  ---------------

OS:
 Windows 10 , 64 bit Build 19041 (10.0.19041.1348)
OS uptime: 0 days 6:52 hours

CPU: total 12 (initial active 12) (6 cores per cpu, 2 threads per core) family 6 model 151 stepping 5 microcode 0x1f, cx8, cmov, fxsr, ht, mmx, 3dnowpref, sse, sse2, sse3, ssse3, sse4.1, sse4.2, popcnt, lzcnt, tsc, tscinvbit, avx, avx2, aes, erms, clmul, bmi1, bmi2, adx, sha, fma, vzeroupper, clflush, clflushopt, clwb

Memory: 4k page, system-wide physical 32509M (16543M free)
TotalPageFile size 65277M (AvailPageFile size 47624M)
current process WorkingSet (physical memory assigned to process): 105M, peak: 105M
current process commit charge ("private bytes"): 645M, peak: 647M

vm_info: Java HotSpot(TM) 64-Bit Server VM (17.0.5+9-LTS-191) for windows-amd64 JRE (17.0.5+9-LTS-191), built on Sep 13 2022 17:31:43 by "mach5one" with MS VC++ 16.8 / 16.9 (VS2019)

END.
