#
# A fatal error has been detected by the Java Runtime Environment:
#
#  EXCEPTION_ACCESS_VIOLATION (0xc0000005) at pc=0x00007ffc2293e414, pid=15484, tid=12736
#
# JRE version: Java(TM) SE Runtime Environment (17.0.5+9) (build 17.0.5+9-LTS-191)
# Java VM: Java HotSpot(TM) 64-Bit Server VM (17.0.5+9-LTS-191, mixed mode, sharing, tiered, compressed oops, compressed class ptrs, g1 gc, windows-amd64)
# Problematic frame:
# C  [ntdll.dll+0x2e414]
#
# No core dump will be written. Minidumps are not enabled by default on client versions of Windows
#
# If you would like to submit a bug report, please visit:
#   https://bugreport.java.com/bugreport/crash.jsp
# The crash happened outside the Java Virtual Machine in native code.
# See problematic frame for where to report the bug.
#

---------------  S U M M A R Y ------------

Command Line: -ea -Didea.test.cyclic.buffer.size=1048576 -javaagent:D:\IntelliJ IDEA 2022.3\lib\idea_rt.jar=50340:D:\IntelliJ IDEA 2022.3\bin -Dfile.encoding=UTF-8 com.intellij.rt.junit.JUnitStarter -ideVersion5 -junit5 com.yt.server.DllTest,testGetZFYInfo

Host: 12th Gen Intel(R) Core(TM) i5-12400, 12 cores, 31G,  Windows 10 , 64 bit Build 19041 (10.0.19041.1348)
Time: Thu Aug 29 13:33:47 2024  Windows 10 , 64 bit Build 19041 (10.0.19041.1348) elapsed time: 1.508507 seconds (0d 0h 0m 1s)

---------------  T H R E A D  ---------------

Current thread (0x00000160ad7e2b90):  JavaThread "main" [_thread_in_native, id=12736, stack(0x0000003470900000,0x0000003470a00000)]

Stack: [0x0000003470900000,0x0000003470a00000],  sp=0x00000034709fc600,  free space=1009k
Native frames: (J=compiled Java code, j=interpreted, Vv=VM code, C=native code)
C  [ntdll.dll+0x2e414]
C  [ntdll.dll+0x2b44d]
C  [ucrtbase.dll+0xfde6]
C  [java.dll+0x15ba]

Java frames: (J=compiled Java code, j=interpreted, Vv=VM code)
j  java.lang.ClassLoader.defineClass0(Ljava/lang/ClassLoader;Ljava/lang/Class;Ljava/lang/String;[BIILjava/security/ProtectionDomain;ZILjava/lang/Object;)Ljava/lang/Class;+0 java.base@17.0.5
j  java.lang.System$2.defineClass(Ljava/lang/ClassLoader;Ljava/lang/Class;Ljava/lang/String;[BLjava/security/ProtectionDomain;ZILjava/lang/Object;)Ljava/lang/Class;+17 java.base@17.0.5
j  java.lang.invoke.MethodHandles$Lookup$ClassDefiner.defineClass(ZLjava/lang/Object;)Ljava/lang/Class;+54 java.base@17.0.5
j  java.lang.invoke.MethodHandles$Lookup$ClassDefiner.defineClassAsLookup(Z)Ljava/lang/invoke/MethodHandles$Lookup;+3 java.base@17.0.5
j  java.lang.invoke.MethodHandles$Lookup.defineHiddenClass([BZ[Ljava/lang/invoke/MethodHandles$Lookup$ClassOption;)Ljava/lang/invoke/MethodHandles$Lookup;+65 java.base@17.0.5
j  java.lang.invoke.InnerClassLambdaMetafactory.generateInnerClass()Ljava/lang/Class;+580 java.base@17.0.5
j  java.lang.invoke.InnerClassLambdaMetafactory.spinInnerClass()Ljava/lang/Class;+114 java.base@17.0.5
j  java.lang.invoke.InnerClassLambdaMetafactory.buildCallSite()Ljava/lang/invoke/CallSite;+1 java.base@17.0.5
j  java.lang.invoke.LambdaMetafactory.metafactory(Ljava/lang/invoke/MethodHandles$Lookup;Ljava/lang/String;Ljava/lang/invoke/MethodType;Ljava/lang/invoke/MethodType;Ljava/lang/invoke/MethodHandle;Ljava/lang/invoke/MethodType;)Ljava/lang/invoke/CallSite;+67 java.base@17.0.5
j  java.lang.invoke.LambdaForm$DMH+0x0000000800c34800.invokeStatic(Ljava/lang/Object;Ljava/lang/Object;Ljava/lang/Object;Ljava/lang/Object;Ljava/lang/Object;Ljava/lang/Object;Ljava/lang/Object;)Ljava/lang/Object;+27 java.base@17.0.5
j  java.lang.invoke.Invokers$Holder.invokeExact_MT(Ljava/lang/Object;Ljava/lang/Object;Ljava/lang/Object;Ljava/lang/Object;Ljava/lang/Object;Ljava/lang/Object;Ljava/lang/Object;Ljava/lang/Object;)Ljava/lang/Object;+28 java.base@17.0.5
j  java.lang.invoke.BootstrapMethodInvoker.invoke(Ljava/lang/Class;Ljava/lang/invoke/MethodHandle;Ljava/lang/String;Ljava/lang/Object;Ljava/lang/Object;Ljava/lang/Class;)Ljava/lang/Object;+319 java.base@17.0.5
j  java.lang.invoke.CallSite.makeSite(Ljava/lang/invoke/MethodHandle;Ljava/lang/String;Ljava/lang/invoke/MethodType;Ljava/lang/Object;Ljava/lang/Class;)Ljava/lang/invoke/CallSite;+8 java.base@17.0.5
J 1035 c1 java.lang.invoke.MethodHandleNatives.linkCallSiteImpl(Ljava/lang/Class;Ljava/lang/invoke/MethodHandle;Ljava/lang/String;Ljava/lang/invoke/MethodType;Ljava/lang/Object;[Ljava/lang/Object;)Ljava/lang/invoke/MemberName; java.base@17.0.5 (44 bytes) @ 0x00000160b5b5f82c [0x00000160b5b5f7c0+0x000000000000006c]
J 1034 c1 java.lang.invoke.MethodHandleNatives.linkCallSite(Ljava/lang/Object;ILjava/lang/Object;Ljava/lang/Object;Ljava/lang/Object;Ljava/lang/Object;[Ljava/lang/Object;)Ljava/lang/invoke/MemberName; java.base@17.0.5 (66 bytes) @ 0x00000160b5b5f2a4 [0x00000160b5b5ee60+0x0000000000000444]
v  ~StubRoutines::call_stub
j  org.junit.jupiter.engine.descriptor.MethodExtensionContext.getTestInstanceLifecycle()Ljava/util/Optional;+4
j  org.junit.jupiter.engine.descriptor.TestMethodTestDescriptor.isPerMethodLifecycle(Lorg/junit/jupiter/engine/execution/JupiterEngineExecutionContext;)Z+4
j  org.junit.jupiter.engine.descriptor.TestMethodTestDescriptor.cleanUp(Lorg/junit/jupiter/engine/execution/JupiterEngineExecutionContext;)V+2
j  org.junit.jupiter.engine.descriptor.TestMethodTestDescriptor.cleanUp(Lorg/junit/platform/engine/support/hierarchical/EngineExecutionContext;)V+5
j  org.junit.platform.engine.support.hierarchical.NodeTestTask.lambda$cleanUp$10()V+8
j  org.junit.platform.engine.support.hierarchical.NodeTestTask$$Lambda$369+0x0000000800cb8850.execute()V+4
j  org.junit.platform.engine.support.hierarchical.ThrowableCollector.execute(Lorg/junit/platform/engine/support/hierarchical/ThrowableCollector$Executable;)V+1
j  org.junit.platform.engine.support.hierarchical.NodeTestTask.cleanUp()V+10
j  org.junit.platform.engine.support.hierarchical.NodeTestTask.execute()V+66
j  org.junit.platform.engine.support.hierarchical.SameThreadHierarchicalTestExecutorService$$Lambda$269+0x0000000800c955f0.accept(Ljava/lang/Object;)V+4
j  java.util.ArrayList.forEach(Ljava/util/function/Consumer;)V+46 java.base@17.0.5
j  org.junit.platform.engine.support.hierarchical.SameThreadHierarchicalTestExecutorService.invokeAll(Ljava/util/List;)V+6
j  org.junit.platform.engine.support.hierarchical.NodeTestTask.lambda$executeRecursively$6()V+116
j  org.junit.platform.engine.support.hierarchical.NodeTestTask$$Lambda$265+0x0000000800c94b00.execute()V+4
j  org.junit.platform.engine.support.hierarchical.ThrowableCollector.execute(Lorg/junit/platform/engine/support/hierarchical/ThrowableCollector$Executable;)V+1
j  org.junit.platform.engine.support.hierarchical.NodeTestTask.lambda$executeRecursively$8(Lorg/junit/platform/engine/support/hierarchical/EngineExecutionContext;)V+15
j  org.junit.platform.engine.support.hierarchical.NodeTestTask$$Lambda$264+0x0000000800c948e0.invoke(Lorg/junit/platform/engine/support/hierarchical/EngineExecutionContext;)V+5
j  org.junit.platform.engine.support.hierarchical.Node.around(Lorg/junit/platform/engine/support/hierarchical/EngineExecutionContext;Lorg/junit/platform/engine/support/hierarchical/Node$Invocation;)V+2
j  org.junit.platform.engine.support.hierarchical.NodeTestTask.lambda$executeRecursively$9()V+14
j  org.junit.platform.engine.support.hierarchical.NodeTestTask$$Lambda$263+0x0000000800c944c8.execute()V+4
j  org.junit.platform.engine.support.hierarchical.ThrowableCollector.execute(Lorg/junit/platform/engine/support/hierarchical/ThrowableCollector$Executable;)V+1
j  org.junit.platform.engine.support.hierarchical.NodeTestTask.executeRecursively()V+31
j  org.junit.platform.engine.support.hierarchical.NodeTestTask.execute()V+55
j  org.junit.platform.engine.support.hierarchical.SameThreadHierarchicalTestExecutorService$$Lambda$269+0x0000000800c955f0.accept(Ljava/lang/Object;)V+4
j  java.util.ArrayList.forEach(Ljava/util/function/Consumer;)V+46 java.base@17.0.5
j  org.junit.platform.engine.support.hierarchical.SameThreadHierarchicalTestExecutorService.invokeAll(Ljava/util/List;)V+6
j  org.junit.platform.engine.support.hierarchical.NodeTestTask.lambda$executeRecursively$6()V+116
j  org.junit.platform.engine.support.hierarchical.NodeTestTask$$Lambda$265+0x0000000800c94b00.execute()V+4
j  org.junit.platform.engine.support.hierarchical.ThrowableCollector.execute(Lorg/junit/platform/engine/support/hierarchical/ThrowableCollector$Executable;)V+1
j  org.junit.platform.engine.support.hierarchical.NodeTestTask.lambda$executeRecursively$8(Lorg/junit/platform/engine/support/hierarchical/EngineExecutionContext;)V+15
j  org.junit.platform.engine.support.hierarchical.NodeTestTask$$Lambda$264+0x0000000800c948e0.invoke(Lorg/junit/platform/engine/support/hierarchical/EngineExecutionContext;)V+5
j  org.junit.platform.engine.support.hierarchical.Node.around(Lorg/junit/platform/engine/support/hierarchical/EngineExecutionContext;Lorg/junit/platform/engine/support/hierarchical/Node$Invocation;)V+2
j  org.junit.platform.engine.support.hierarchical.NodeTestTask.lambda$executeRecursively$9()V+14
j  org.junit.platform.engine.support.hierarchical.NodeTestTask$$Lambda$263+0x0000000800c944c8.execute()V+4
j  org.junit.platform.engine.support.hierarchical.ThrowableCollector.execute(Lorg/junit/platform/engine/support/hierarchical/ThrowableCollector$Executable;)V+1
j  org.junit.platform.engine.support.hierarchical.NodeTestTask.executeRecursively()V+31
j  org.junit.platform.engine.support.hierarchical.NodeTestTask.execute()V+55
j  org.junit.platform.engine.support.hierarchical.SameThreadHierarchicalTestExecutorService.submit(Lorg/junit/platform/engine/support/hierarchical/HierarchicalTestExecutorService$TestTask;)Ljava/util/concurrent/Future;+1
j  org.junit.platform.engine.support.hierarchical.HierarchicalTestExecutor.execute()Ljava/util/concurrent/Future;+74
j  org.junit.platform.engine.support.hierarchical.HierarchicalTestEngine.execute(Lorg/junit/platform/engine/ExecutionRequest;)V+31
j  org.junit.platform.launcher.core.EngineExecutionOrchestrator.execute(Lorg/junit/platform/engine/TestDescriptor;Lorg/junit/platform/engine/EngineExecutionListener;Lorg/junit/platform/engine/ConfigurationParameters;Lorg/junit/platform/engine/TestEngine;)V+24
j  org.junit.platform.launcher.core.EngineExecutionOrchestrator.execute(Lorg/junit/platform/launcher/core/LauncherDiscoveryResult;Lorg/junit/platform/engine/EngineExecutionListener;)V+100
j  org.junit.platform.launcher.core.EngineExecutionOrchestrator.execute(Lorg/junit/platform/launcher/core/InternalTestPlan;Lorg/junit/platform/engine/EngineExecutionListener;Lorg/junit/platform/launcher/TestExecutionListener;)V+63
j  org.junit.platform.launcher.core.EngineExecutionOrchestrator.lambda$execute$0(Lorg/junit/platform/launcher/core/InternalTestPlan;Lorg/junit/platform/launcher/TestExecutionListener;)V+6
j  org.junit.platform.launcher.core.EngineExecutionOrchestrator$$Lambda$209+0x0000000800c80238.accept(Ljava/lang/Object;)V+12
j  org.junit.platform.launcher.core.EngineExecutionOrchestrator.withInterceptedStreams(Lorg/junit/platform/engine/ConfigurationParameters;Lorg/junit/platform/launcher/core/ListenerRegistry;Ljava/util/function/Consumer;)V+51
j  org.junit.platform.launcher.core.EngineExecutionOrchestrator.execute(Lorg/junit/platform/launcher/core/InternalTestPlan;[Lorg/junit/platform/launcher/TestExecutionListener;)V+23
j  org.junit.platform.launcher.core.DefaultLauncher.execute(Lorg/junit/platform/launcher/core/InternalTestPlan;[Lorg/junit/platform/launcher/TestExecutionListener;)V+6
j  org.junit.platform.launcher.core.DefaultLauncher.execute(Lorg/junit/platform/launcher/LauncherDiscoveryRequest;[Lorg/junit/platform/launcher/TestExecutionListener;)V+34
j  org.junit.platform.launcher.core.DefaultLauncherSession$DelegatingLauncher.execute(Lorg/junit/platform/launcher/LauncherDiscoveryRequest;[Lorg/junit/platform/launcher/TestExecutionListener;)V+6
j  org.junit.platform.launcher.core.SessionPerRequestLauncher.execute(Lorg/junit/platform/launcher/LauncherDiscoveryRequest;[Lorg/junit/platform/launcher/TestExecutionListener;)V+13
j  com.intellij.junit5.JUnit5IdeaTestRunner.startRunnerWithArgs([Ljava/lang/String;Ljava/lang/String;IZ)I+203
j  com.intellij.rt.junit.IdeaTestRunner$Repeater$1.execute(Z)I+17
j  com.intellij.rt.execution.junit.TestsRepeater.repeat(IZLcom/intellij/rt/execution/junit/TestsRepeater$TestRun;)I+7
j  com.intellij.rt.junit.IdeaTestRunner$Repeater.startRunnerWithArgs(Lcom/intellij/rt/junit/IdeaTestRunner;[Ljava/lang/String;Ljava/util/ArrayList;Ljava/lang/String;IZ)I+25
j  com.intellij.rt.junit.JUnitStarter.prepareStreamsAndStart([Ljava/lang/String;Ljava/lang/String;Ljava/util/ArrayList;Ljava/lang/String;)I+117
j  com.intellij.rt.junit.JUnitStarter.main([Ljava/lang/String;)V+97
v  ~StubRoutines::call_stub

siginfo: EXCEPTION_ACCESS_VIOLATION (0xc0000005), reading address 0x00004960abe40920


Register to memory mapping:

RIP=0x00007ffc2293e414 ntdll.dll
RAX=0x00000160dc89d730 points into unknown readable memory: 0x00000160dc57cdf0 | f0 cd 57 dc 60 01 00 00
RBX=0x00000160abe30000 points into unknown readable memory: 0x0000000000000000 | 00 00 00 00 00 00 00 00
RCX=0x00004960abe40920 is an unknown value
RDX=0x0000000000000003 is an unknown value
RSP=0x00000034709fc600 is pointing into the stack for thread: 0x00000160ad7e2b90
RBP=0x00000034709fc8f9 is pointing into the stack for thread: 0x00000160ad7e2b90
RSI=0x00000160dc89d720 points into unknown readable memory: 0x0000000a00010009 | 09 00 01 00 0a 00 00 00
RDI=0x0000000000000003 is an unknown value
R8 =0x00000160abe30320 points into unknown readable memory: 0x000040800390fffc | fc ff 90 03 80 40 00 00
R9 =0x0000000000000003 is an unknown value
R10=0x0 is NULL
R11=0x00000160d809ee40 points into unknown readable memory: 0x00000160dc579e70 | 70 9e 57 dc 60 01 00 00
R12=0x00000160dc56eb00 points into unknown readable memory: 0x00000160dc57cdf0 | f0 cd 57 dc 60 01 00 00
R13=0x00000160abe302e8 points into unknown readable memory: 0x00000160abe38f30 | 30 8f e3 ab 60 01 00 00
R14=0x0000000000000003 is an unknown value
R15=0x00000160dc89d570 points into unknown readable memory: 0x6200610008100000 | 00 00 10 08 00 61 00 62


Registers:
RAX=0x00000160dc89d730, RBX=0x00000160abe30000, RCX=0x00004960abe40920, RDX=0x0000000000000003
RSP=0x00000034709fc600, RBP=0x00000034709fc8f9, RSI=0x00000160dc89d720, RDI=0x0000000000000003
R8 =0x00000160abe30320, R9 =0x0000000000000003, R10=0x0000000000000000, R11=0x00000160d809ee40
R12=0x00000160dc56eb00, R13=0x00000160abe302e8, R14=0x0000000000000003, R15=0x00000160dc89d570
RIP=0x00007ffc2293e414, EFLAGS=0x0000000000010283

Top of Stack: (sp=0x00000034709fc600)
0x00000034709fc600:   00000034709fc6a0 00007ffbcc9a1bd8
0x00000034709fc610:   0000000800c1b4f0 00000034709fc830
0x00000034709fc620:   00000160ad7e2b90 00007ffbccce8a71
0x00000034709fc630:   00000034709fc601 0000000000000003
0x00000034709fc640:   00000034709fc800 0000000000000000
0x00000034709fc650:   0000000000000000 0000000000000001
0x00000034709fc660:   00000160dc89d570 00007ffb0000001e
0x00000034709fc670:   0000000000000003 0000000000000003
0x00000034709fc680:   00000160abe30150 00000034709fc888
0x00000034709fc690:   000000000000000b 0000000000000080
0x00000034709fc6a0:   00000160dc89d570 00000160ad7e2b90
0x00000034709fc6b0:   0000000000000003 00007ffbcc97f43c
0x00000034709fc6c0:   00000006221374e0 00000160ad7e2b90
0x00000034709fc6d0:   00000160dc4bf5d0 000000000000001b
0x00000034709fc6e0:   00000160dc6127c0 00007ffbccdc2eba
0x00000034709fc6f0:   00000160abe30320 00000160abe30150 

Instructions: (pc=0x00007ffc2293e414)
0x00007ffc2293e314:   84 d2 74 10 0f b6 c1 48 8d 0d ee 6c 0f 00 0f b6
0x00007ffc2293e324:   0c 08 eb 48 48 c1 e9 08 0f b6 c1 48 8d 0d da 6c
0x00007ffc2293e334:   0f 00 0f b6 0c 08 83 c1 08 eb 31 f7 c2 00 00 ff
0x00007ffc2293e344:   00 74 17 48 c1 e9 10 0f b6 c1 48 8d 0d bb 6c 0f
0x00007ffc2293e354:   00 0f b6 0c 08 83 c1 10 eb 12 48 c1 e9 18 48 8d
0x00007ffc2293e364:   05 a7 6c 0f 00 0f b6 0c 01 83 c1 18 c1 e7 05 03
0x00007ffc2293e374:   f9 89 7c 24 78 41 83 7d 0c 00 74 02 03 ff 49 8b
0x00007ffc2293e384:   45 30 4c 8b 24 f8 4d 85 e4 74 0e 48 8b 54 24 38
0x00007ffc2293e394:   48 8d 83 50 01 00 00 eb 23 4d 8b 6d 00 45 8b 75
0x00007ffc2293e3a4:   18 4c 89 b4 24 b0 00 00 00 45 33 d2 e9 30 fd ff
0x00007ffc2293e3b4:   ff 4c 8b e8 e9 f9 fc ff ff 4c 8b 20 49 3b c4 74
0x00007ffc2293e3c4:   46 83 7b 7c 00 74 25 41 8b 4c 24 f8 89 8c 24 80
0x00007ffc2293e3d4:   01 00 00 85 4b 7c 74 1a 8b 83 88 00 00 00 33 c1
0x00007ffc2293e3e4:   89 84 24 80 01 00 00 0f b7 c8 eb 06 41 0f b7 4c
0x00007ffc2293e3f4:   24 f8 0f b7 c1 48 3b d0 76 0d 4d 8b 24 24 48 8d
0x00007ffc2293e404:   83 50 01 00 00 eb b5 48 8d 46 10 49 8b 4c 24 08
0x00007ffc2293e414:   48 8b 11 49 3b d4 75 11 4c 89 20 48 89 48 08 48
0x00007ffc2293e424:   89 01 49 89 44 24 08 eb 1e 48 c7 44 24 28 00 00
0x00007ffc2293e434:   00 00 48 89 54 24 20 45 33 c9 4d 8b c4 33 d2 8d
0x00007ffc2293e444:   4a 0d e8 c1 f9 0d 00 0f b7 46 08 48 01 83 c0 00
0x00007ffc2293e454:   00 00 48 8b bb 38 01 00 00 48 85 ff 0f 84 21 01
0x00007ffc2293e464:   00 00 44 0f b7 66 08 0f 1f 44 00 00 8b 4f 08 4c
0x00007ffc2293e474:   3b e1 73 0d 4c 89 a4 24 28 01 00 00 41 8b cc eb
0x00007ffc2293e484:   18 48 8b 07 48 85 c0 0f 85 1b 01 00 00 ff c9 8b
0x00007ffc2293e494:   c1 48 89 84 24 28 01 00 00 4c 89 a4 24 e8 00 00
0x00007ffc2293e4a4:   00 44 8b e9 44 2b 6f 18 ff 47 10 46 8d 0c 6d 00
0x00007ffc2293e4b4:   00 00 00 83 7f 0c 00 45 0f 44 cd 4c 89 8c 24 90
0x00007ffc2293e4c4:   00 00 00 48 8b 47 30 4a 8b 14 c8 48 89 54 24 70
0x00007ffc2293e4d4:   8b 47 08 ff c8 3b c8 75 03 ff 47 14 48 85 d2 74
0x00007ffc2293e4e4:   73 4c 8d 42 f0 45 8b 70 08 44 89 b4 24 08 02 00
0x00007ffc2293e4f4:   00 83 7b 7c 00 74 51 8b 83 88 00 00 00 41 33 c6
0x00007ffc2293e504:   44 8b f0 89 84 24 08 02 00 00 8b c8 c1 e9 10 c1 


Stack slot to memory mapping:
stack at sp + 0 slots: 0x00000034709fc6a0 is pointing into the stack for thread: 0x00000160ad7e2b90
stack at sp + 1 slots: 0x00007ffbcc9a1bd8 jvm.dll
stack at sp + 2 slots: 0x0000000800c1b4f0 is a pointer to class: 
org.junit.jupiter.api.extension.ExtensionContext {0x0000000800c1b4f8}
 - instance size:     2
 - klass size:        63
 - access:            public interface abstract 
 - state:             fully_initialized
 - name:              'org/junit/jupiter/api/extension/ExtensionContext'
 - super:             'java/lang/Object'
 - sub:               
 - nof implementors:  1
 - implementor:    
   'org/junit/jupiter/engine/descriptor/AbstractExtensionContext'
 - arrays:            NULL
 - methods:           Array<T>(0x00000160db4b1658)
 - method ordering:   Array<T>(0x00000008008f2a08)
 - default_methods:   Array<T>(0x0000000000000000)
 - local interfaces:  Array<T>(0x00000008005cfcd8)
 - trans. interfaces: Array<T>(0x00000008005cfcd8)
 - constants:         constant pool [141] {0x00000160db4b1128} for 'org/junit/jupiter/api/extension/ExtensionContext' cache=0x00000160db57fd98
 - class loader data:  loader data: 0x00000160dac77f90 for instance a 'jdk/internal/loader/ClassLoaders$AppClassLoader'{0x0000000622000000}
 - source file:       'ExtensionContext.java'
 - class annotations:       Array<T>(0x00000160db4b26a0)
 - class type annotations:  Array<T>(0x0000000000000000)
 - field annotations:       Array<T>(0x0000000000000000)
 - field type annotations:  Array<T>(0x0000000000000000)
 - inner classes:     Array<T>(0x00000160db4b26c0)
 - nest members:     Array<T>(0x00000008005cfc68)
 - permitted subclasses:     Array<T>(0x00000008005cfc68)
 - java mirror:       a 'java/lang/Class'{0x00000006221374e0} = 'org/junit/jupiter/api/extension/ExtensionContext'
 - vtable length      5  (start addr: 0x0000000800c1b6b8)
 - itable length      0 (start addr: 0x0000000800c1b6e0)
 - ---- static fields (0 words):
 - ---- non-static fields (0 words):
 - non-static oop maps: 
stack at sp + 3 slots: 0x00000034709fc830 is pointing into the stack for thread: 0x00000160ad7e2b90
stack at sp + 4 slots: 0x00000160ad7e2b90 is a thread
stack at sp + 5 slots: 0x00007ffbccce8a71 jvm.dll
stack at sp + 6 slots: 0x00000034709fc601 is pointing into the stack for thread: 0x00000160ad7e2b90
stack at sp + 7 slots: 0x0000000000000003 is an unknown value


---------------  P R O C E S S  ---------------

Threads class SMR info:
_java_thread_list=0x00000160dc4612d0, length=14, elements={
0x00000160ad7e2b90, 0x00000160d80648b0, 0x00000160d8065430, 0x00000160d807da80,
0x00000160d807f350, 0x00000160d807fc10, 0x00000160d8082af0, 0x00000160d8089330,
0x00000160d8093c50, 0x00000160dabc9fe0, 0x00000160daceafb0, 0x00000160dad6dd70,
0x00000160dad6e240, 0x00000160dc4688f0
}

Java Threads: ( => current thread )
=>0x00000160ad7e2b90 JavaThread "main" [_thread_in_native, id=12736, stack(0x0000003470900000,0x0000003470a00000)]
  0x00000160d80648b0 JavaThread "Reference Handler" daemon [_thread_blocked, id=14608, stack(0x0000003471000000,0x0000003471100000)]
  0x00000160d8065430 JavaThread "Finalizer" daemon [_thread_blocked, id=2872, stack(0x0000003471100000,0x0000003471200000)]
  0x00000160d807da80 JavaThread "Signal Dispatcher" daemon [_thread_blocked, id=15260, stack(0x0000003471200000,0x0000003471300000)]
  0x00000160d807f350 JavaThread "Attach Listener" daemon [_thread_blocked, id=14488, stack(0x0000003471300000,0x0000003471400000)]
  0x00000160d807fc10 JavaThread "Service Thread" daemon [_thread_blocked, id=12176, stack(0x0000003471400000,0x0000003471500000)]
  0x00000160d8082af0 JavaThread "Monitor Deflation Thread" daemon [_thread_blocked, id=15452, stack(0x0000003471500000,0x0000003471600000)]
  0x00000160d8089330 JavaThread "C2 CompilerThread0" daemon [_thread_blocked, id=11212, stack(0x0000003471600000,0x0000003471700000)]
  0x00000160d8093c50 JavaThread "C1 CompilerThread0" daemon [_thread_in_vm, id=16048, stack(0x0000003471700000,0x0000003471800000)]
  0x00000160dabc9fe0 JavaThread "Sweeper thread" daemon [_thread_blocked, id=14208, stack(0x0000003471800000,0x0000003471900000)]
  0x00000160daceafb0 JavaThread "Common-Cleaner" daemon [_thread_blocked, id=13448, stack(0x0000003471900000,0x0000003471a00000)]
  0x00000160dad6dd70 JavaThread "Monitor Ctrl-Break" daemon [_thread_in_native, id=2400, stack(0x0000003471b00000,0x0000003471c00000)]
  0x00000160dad6e240 JavaThread "Notification Thread" daemon [_thread_blocked, id=272, stack(0x0000003471c00000,0x0000003471d00000)]
  0x00000160dc4688f0 JavaThread "JNA Cleaner" daemon [_thread_blocked, id=16848, stack(0x0000003472800000,0x0000003472900000)]

Other Threads:
  0x00000160d8060eb0 VMThread "VM Thread" [stack: 0x0000003470f00000,0x0000003471000000] [id=2852]
  0x00000160ad885210 WatcherThread [stack: 0x0000003471d00000,0x0000003471e00000] [id=16888]
  0x00000160d7ee0900 GCTaskThread "GC Thread#0" [stack: 0x0000003470a00000,0x0000003470b00000] [id=11544]
  0x00000160dc8a0cd0 GCTaskThread "GC Thread#1" [stack: 0x0000003471f00000,0x0000003472000000] [id=4368]
  0x00000160dc8930b0 GCTaskThread "GC Thread#2" [stack: 0x0000003472000000,0x0000003472100000] [id=13480]
  0x00000160dc362f70 GCTaskThread "GC Thread#3" [stack: 0x0000003472100000,0x0000003472200000] [id=2468]
  0x00000160dc342530 GCTaskThread "GC Thread#4" [stack: 0x0000003472200000,0x0000003472300000] [id=6432]
  0x00000160dc342ff0 GCTaskThread "GC Thread#5" [stack: 0x0000003472300000,0x0000003472400000] [id=3580]
  0x00000160dc229430 GCTaskThread "GC Thread#6" [stack: 0x0000003472400000,0x0000003472500000] [id=8052]
  0x00000160dc2296e0 GCTaskThread "GC Thread#7" [stack: 0x0000003472500000,0x0000003472600000] [id=12364]
  0x00000160dc22a220 GCTaskThread "GC Thread#8" [stack: 0x0000003472600000,0x0000003472700000] [id=3136]
  0x00000160dc22acf0 GCTaskThread "GC Thread#9" [stack: 0x0000003472700000,0x0000003472800000] [id=14428]
  0x00000160ad862a80 ConcurrentGCThread "G1 Main Marker" [stack: 0x0000003470b00000,0x0000003470c00000] [id=3804]
  0x00000160ad8632a0 ConcurrentGCThread "G1 Conc#0" [stack: 0x0000003470c00000,0x0000003470d00000] [id=7492]
  0x00000160d7f9baa0 ConcurrentGCThread "G1 Refine#0" [stack: 0x0000003470d00000,0x0000003470e00000] [id=17036]
  0x00000160d7f9c2d0 ConcurrentGCThread "G1 Service" [stack: 0x0000003470e00000,0x0000003470f00000] [id=15164]

Threads with active compile tasks:
C1 CompilerThread0     1536 1311       3       java.lang.invoke.MethodHandles$Lookup::makeHiddenClassDefiner (42 bytes)

VM state: not at safepoint (normal execution)

VM Mutex/Monitor currently owned by a thread:  ([mutex/lock_event])
[0x00000160ad7de130] CodeCache_lock - owner thread: 0x00000160d8093c50
[0x00000160ad7df820] Compile_lock - owner thread: 0x00000160d8093c50
[0x00000160ad7dfee0] MethodCompileQueue_lock - owner thread: 0x00000160d8093c50

Heap address: 0x0000000604000000, size: 8128 MB, Compressed Oops mode: Zero based, Oop shift amount: 3

CDS archive(s) mapped at: [0x0000000800000000-0x0000000800bd0000-0x0000000800bd0000), size 12386304, SharedBaseAddress: 0x0000000800000000, ArchiveRelocationMode: 0.
Compressed class space mapped at: 0x0000000800c00000-0x0000000840c00000, reserved size: 1073741824
Narrow klass base: 0x0000000800000000, Narrow klass shift: 0, Narrow klass range: 0x100000000

GC Precious Log:
 CPUs: 12 total, 12 available
 Memory: 32509M
 Large Page Support: Disabled
 NUMA Support: Disabled
 Compressed Oops: Enabled (Zero based)
 Heap Region Size: 4M
 Heap Min Capacity: 8M
 Heap Initial Capacity: 508M
 Heap Max Capacity: 8128M
 Pre-touch: Disabled
 Parallel Workers: 10
 Concurrent Workers: 3
 Concurrent Refinement Workers: 10
 Periodic GC: Disabled

Heap:
 garbage-first heap   total 520192K, used 10845K [0x0000000604000000, 0x0000000800000000)
  region size 4096K, 3 young (12288K), 1 survivors (4096K)
 Metaspace       used 5988K, committed 6144K, reserved 1056768K
  class space    used 749K, committed 832K, reserved 1048576K

Heap Regions: E=young(eden), S=young(survivor), O=old, HS=humongous(starts), HC=humongous(continues), CS=collection set, F=free, OA=open archive, CA=closed archive, TAMS=top-at-mark-start (previous, next)
|   0|0x0000000604000000, 0x0000000604297408, 0x0000000604400000| 64%| O|  |TAMS 0x0000000604000000, 0x0000000604000000| Untracked 
|   1|0x0000000604400000, 0x0000000604400000, 0x0000000604800000|  0%| F|  |TAMS 0x0000000604400000, 0x0000000604400000| Untracked 
|   2|0x0000000604800000, 0x0000000604800000, 0x0000000604c00000|  0%| F|  |TAMS 0x0000000604800000, 0x0000000604800000| Untracked 
|   3|0x0000000604c00000, 0x0000000604c00000, 0x0000000605000000|  0%| F|  |TAMS 0x0000000604c00000, 0x0000000604c00000| Untracked 
|   4|0x0000000605000000, 0x0000000605000000, 0x0000000605400000|  0%| F|  |TAMS 0x0000000605000000, 0x0000000605000000| Untracked 
|   5|0x0000000605400000, 0x0000000605400000, 0x0000000605800000|  0%| F|  |TAMS 0x0000000605400000, 0x0000000605400000| Untracked 
|   6|0x0000000605800000, 0x0000000605800000, 0x0000000605c00000|  0%| F|  |TAMS 0x0000000605800000, 0x0000000605800000| Untracked 
|   7|0x0000000605c00000, 0x0000000605c00000, 0x0000000606000000|  0%| F|  |TAMS 0x0000000605c00000, 0x0000000605c00000| Untracked 
|   8|0x0000000606000000, 0x0000000606000000, 0x0000000606400000|  0%| F|  |TAMS 0x0000000606000000, 0x0000000606000000| Untracked 
|   9|0x0000000606400000, 0x0000000606400000, 0x0000000606800000|  0%| F|  |TAMS 0x0000000606400000, 0x0000000606400000| Untracked 
|  10|0x0000000606800000, 0x0000000606800000, 0x0000000606c00000|  0%| F|  |TAMS 0x0000000606800000, 0x0000000606800000| Untracked 
|  11|0x0000000606c00000, 0x0000000606c00000, 0x0000000607000000|  0%| F|  |TAMS 0x0000000606c00000, 0x0000000606c00000| Untracked 
|  12|0x0000000607000000, 0x0000000607000000, 0x0000000607400000|  0%| F|  |TAMS 0x0000000607000000, 0x0000000607000000| Untracked 
|  13|0x0000000607400000, 0x0000000607400000, 0x0000000607800000|  0%| F|  |TAMS 0x0000000607400000, 0x0000000607400000| Untracked 
|  14|0x0000000607800000, 0x0000000607800000, 0x0000000607c00000|  0%| F|  |TAMS 0x0000000607800000, 0x0000000607800000| Untracked 
|  15|0x0000000607c00000, 0x0000000607c00000, 0x0000000608000000|  0%| F|  |TAMS 0x0000000607c00000, 0x0000000607c00000| Untracked 
|  16|0x0000000608000000, 0x0000000608000000, 0x0000000608400000|  0%| F|  |TAMS 0x0000000608000000, 0x0000000608000000| Untracked 
|  17|0x0000000608400000, 0x0000000608400000, 0x0000000608800000|  0%| F|  |TAMS 0x0000000608400000, 0x0000000608400000| Untracked 
|  18|0x0000000608800000, 0x0000000608800000, 0x0000000608c00000|  0%| F|  |TAMS 0x0000000608800000, 0x0000000608800000| Untracked 
|  19|0x0000000608c00000, 0x0000000608c00000, 0x0000000609000000|  0%| F|  |TAMS 0x0000000608c00000, 0x0000000608c00000| Untracked 
|  20|0x0000000609000000, 0x0000000609000000, 0x0000000609400000|  0%| F|  |TAMS 0x0000000609000000, 0x0000000609000000| Untracked 
|  21|0x0000000609400000, 0x0000000609400000, 0x0000000609800000|  0%| F|  |TAMS 0x0000000609400000, 0x0000000609400000| Untracked 
|  22|0x0000000609800000, 0x0000000609800000, 0x0000000609c00000|  0%| F|  |TAMS 0x0000000609800000, 0x0000000609800000| Untracked 
|  23|0x0000000609c00000, 0x0000000609c00000, 0x000000060a000000|  0%| F|  |TAMS 0x0000000609c00000, 0x0000000609c00000| Untracked 
|  24|0x000000060a000000, 0x000000060a000000, 0x000000060a400000|  0%| F|  |TAMS 0x000000060a000000, 0x000000060a000000| Untracked 
|  25|0x000000060a400000, 0x000000060a400000, 0x000000060a800000|  0%| F|  |TAMS 0x000000060a400000, 0x000000060a400000| Untracked 
|  26|0x000000060a800000, 0x000000060a800000, 0x000000060ac00000|  0%| F|  |TAMS 0x000000060a800000, 0x000000060a800000| Untracked 
|  27|0x000000060ac00000, 0x000000060ac00000, 0x000000060b000000|  0%| F|  |TAMS 0x000000060ac00000, 0x000000060ac00000| Untracked 
|  28|0x000000060b000000, 0x000000060b000000, 0x000000060b400000|  0%| F|  |TAMS 0x000000060b000000, 0x000000060b000000| Untracked 
|  29|0x000000060b400000, 0x000000060b400000, 0x000000060b800000|  0%| F|  |TAMS 0x000000060b400000, 0x000000060b400000| Untracked 
|  30|0x000000060b800000, 0x000000060b800000, 0x000000060bc00000|  0%| F|  |TAMS 0x000000060b800000, 0x000000060b800000| Untracked 
|  31|0x000000060bc00000, 0x000000060bc00000, 0x000000060c000000|  0%| F|  |TAMS 0x000000060bc00000, 0x000000060bc00000| Untracked 
|  32|0x000000060c000000, 0x000000060c000000, 0x000000060c400000|  0%| F|  |TAMS 0x000000060c000000, 0x000000060c000000| Untracked 
|  33|0x000000060c400000, 0x000000060c400000, 0x000000060c800000|  0%| F|  |TAMS 0x000000060c400000, 0x000000060c400000| Untracked 
|  34|0x000000060c800000, 0x000000060c800000, 0x000000060cc00000|  0%| F|  |TAMS 0x000000060c800000, 0x000000060c800000| Untracked 
|  35|0x000000060cc00000, 0x000000060cc00000, 0x000000060d000000|  0%| F|  |TAMS 0x000000060cc00000, 0x000000060cc00000| Untracked 
|  36|0x000000060d000000, 0x000000060d000000, 0x000000060d400000|  0%| F|  |TAMS 0x000000060d000000, 0x000000060d000000| Untracked 
|  37|0x000000060d400000, 0x000000060d400000, 0x000000060d800000|  0%| F|  |TAMS 0x000000060d400000, 0x000000060d400000| Untracked 
|  38|0x000000060d800000, 0x000000060d800000, 0x000000060dc00000|  0%| F|  |TAMS 0x000000060d800000, 0x000000060d800000| Untracked 
|  39|0x000000060dc00000, 0x000000060dc00000, 0x000000060e000000|  0%| F|  |TAMS 0x000000060dc00000, 0x000000060dc00000| Untracked 
|  40|0x000000060e000000, 0x000000060e000000, 0x000000060e400000|  0%| F|  |TAMS 0x000000060e000000, 0x000000060e000000| Untracked 
|  41|0x000000060e400000, 0x000000060e400000, 0x000000060e800000|  0%| F|  |TAMS 0x000000060e400000, 0x000000060e400000| Untracked 
|  42|0x000000060e800000, 0x000000060e800000, 0x000000060ec00000|  0%| F|  |TAMS 0x000000060e800000, 0x000000060e800000| Untracked 
|  43|0x000000060ec00000, 0x000000060ec00000, 0x000000060f000000|  0%| F|  |TAMS 0x000000060ec00000, 0x000000060ec00000| Untracked 
|  44|0x000000060f000000, 0x000000060f000000, 0x000000060f400000|  0%| F|  |TAMS 0x000000060f000000, 0x000000060f000000| Untracked 
|  45|0x000000060f400000, 0x000000060f400000, 0x000000060f800000|  0%| F|  |TAMS 0x000000060f400000, 0x000000060f400000| Untracked 
|  46|0x000000060f800000, 0x000000060f800000, 0x000000060fc00000|  0%| F|  |TAMS 0x000000060f800000, 0x000000060f800000| Untracked 
|  47|0x000000060fc00000, 0x000000060fc00000, 0x0000000610000000|  0%| F|  |TAMS 0x000000060fc00000, 0x000000060fc00000| Untracked 
|  48|0x0000000610000000, 0x0000000610000000, 0x0000000610400000|  0%| F|  |TAMS 0x0000000610000000, 0x0000000610000000| Untracked 
|  49|0x0000000610400000, 0x0000000610400000, 0x0000000610800000|  0%| F|  |TAMS 0x0000000610400000, 0x0000000610400000| Untracked 
|  50|0x0000000610800000, 0x0000000610800000, 0x0000000610c00000|  0%| F|  |TAMS 0x0000000610800000, 0x0000000610800000| Untracked 
|  51|0x0000000610c00000, 0x0000000610c00000, 0x0000000611000000|  0%| F|  |TAMS 0x0000000610c00000, 0x0000000610c00000| Untracked 
|  52|0x0000000611000000, 0x0000000611000000, 0x0000000611400000|  0%| F|  |TAMS 0x0000000611000000, 0x0000000611000000| Untracked 
|  53|0x0000000611400000, 0x0000000611400000, 0x0000000611800000|  0%| F|  |TAMS 0x0000000611400000, 0x0000000611400000| Untracked 
|  54|0x0000000611800000, 0x0000000611800000, 0x0000000611c00000|  0%| F|  |TAMS 0x0000000611800000, 0x0000000611800000| Untracked 
|  55|0x0000000611c00000, 0x0000000611c00000, 0x0000000612000000|  0%| F|  |TAMS 0x0000000611c00000, 0x0000000611c00000| Untracked 
|  56|0x0000000612000000, 0x0000000612000000, 0x0000000612400000|  0%| F|  |TAMS 0x0000000612000000, 0x0000000612000000| Untracked 
|  57|0x0000000612400000, 0x0000000612400000, 0x0000000612800000|  0%| F|  |TAMS 0x0000000612400000, 0x0000000612400000| Untracked 
|  58|0x0000000612800000, 0x0000000612800000, 0x0000000612c00000|  0%| F|  |TAMS 0x0000000612800000, 0x0000000612800000| Untracked 
|  59|0x0000000612c00000, 0x0000000612c00000, 0x0000000613000000|  0%| F|  |TAMS 0x0000000612c00000, 0x0000000612c00000| Untracked 
|  60|0x0000000613000000, 0x0000000613000000, 0x0000000613400000|  0%| F|  |TAMS 0x0000000613000000, 0x0000000613000000| Untracked 
|  61|0x0000000613400000, 0x0000000613400000, 0x0000000613800000|  0%| F|  |TAMS 0x0000000613400000, 0x0000000613400000| Untracked 
|  62|0x0000000613800000, 0x0000000613800000, 0x0000000613c00000|  0%| F|  |TAMS 0x0000000613800000, 0x0000000613800000| Untracked 
|  63|0x0000000613c00000, 0x0000000613c00000, 0x0000000614000000|  0%| F|  |TAMS 0x0000000613c00000, 0x0000000613c00000| Untracked 
|  64|0x0000000614000000, 0x0000000614000000, 0x0000000614400000|  0%| F|  |TAMS 0x0000000614000000, 0x0000000614000000| Untracked 
|  65|0x0000000614400000, 0x0000000614400000, 0x0000000614800000|  0%| F|  |TAMS 0x0000000614400000, 0x0000000614400000| Untracked 
|  66|0x0000000614800000, 0x0000000614800000, 0x0000000614c00000|  0%| F|  |TAMS 0x0000000614800000, 0x0000000614800000| Untracked 
|  67|0x0000000614c00000, 0x0000000614c00000, 0x0000000615000000|  0%| F|  |TAMS 0x0000000614c00000, 0x0000000614c00000| Untracked 
|  68|0x0000000615000000, 0x0000000615000000, 0x0000000615400000|  0%| F|  |TAMS 0x0000000615000000, 0x0000000615000000| Untracked 
|  69|0x0000000615400000, 0x0000000615400000, 0x0000000615800000|  0%| F|  |TAMS 0x0000000615400000, 0x0000000615400000| Untracked 
|  70|0x0000000615800000, 0x0000000615800000, 0x0000000615c00000|  0%| F|  |TAMS 0x0000000615800000, 0x0000000615800000| Untracked 
|  71|0x0000000615c00000, 0x0000000615c00000, 0x0000000616000000|  0%| F|  |TAMS 0x0000000615c00000, 0x0000000615c00000| Untracked 
|  72|0x0000000616000000, 0x0000000616000000, 0x0000000616400000|  0%| F|  |TAMS 0x0000000616000000, 0x0000000616000000| Untracked 
|  73|0x0000000616400000, 0x0000000616400000, 0x0000000616800000|  0%| F|  |TAMS 0x0000000616400000, 0x0000000616400000| Untracked 
|  74|0x0000000616800000, 0x0000000616800000, 0x0000000616c00000|  0%| F|  |TAMS 0x0000000616800000, 0x0000000616800000| Untracked 
|  75|0x0000000616c00000, 0x0000000616c00000, 0x0000000617000000|  0%| F|  |TAMS 0x0000000616c00000, 0x0000000616c00000| Untracked 
|  76|0x0000000617000000, 0x0000000617000000, 0x0000000617400000|  0%| F|  |TAMS 0x0000000617000000, 0x0000000617000000| Untracked 
|  77|0x0000000617400000, 0x0000000617400000, 0x0000000617800000|  0%| F|  |TAMS 0x0000000617400000, 0x0000000617400000| Untracked 
|  78|0x0000000617800000, 0x0000000617800000, 0x0000000617c00000|  0%| F|  |TAMS 0x0000000617800000, 0x0000000617800000| Untracked 
|  79|0x0000000617c00000, 0x0000000617c00000, 0x0000000618000000|  0%| F|  |TAMS 0x0000000617c00000, 0x0000000617c00000| Untracked 
|  80|0x0000000618000000, 0x0000000618000000, 0x0000000618400000|  0%| F|  |TAMS 0x0000000618000000, 0x0000000618000000| Untracked 
|  81|0x0000000618400000, 0x0000000618400000, 0x0000000618800000|  0%| F|  |TAMS 0x0000000618400000, 0x0000000618400000| Untracked 
|  82|0x0000000618800000, 0x0000000618800000, 0x0000000618c00000|  0%| F|  |TAMS 0x0000000618800000, 0x0000000618800000| Untracked 
|  83|0x0000000618c00000, 0x0000000618c00000, 0x0000000619000000|  0%| F|  |TAMS 0x0000000618c00000, 0x0000000618c00000| Untracked 
|  84|0x0000000619000000, 0x0000000619000000, 0x0000000619400000|  0%| F|  |TAMS 0x0000000619000000, 0x0000000619000000| Untracked 
|  85|0x0000000619400000, 0x0000000619400000, 0x0000000619800000|  0%| F|  |TAMS 0x0000000619400000, 0x0000000619400000| Untracked 
|  86|0x0000000619800000, 0x0000000619800000, 0x0000000619c00000|  0%| F|  |TAMS 0x0000000619800000, 0x0000000619800000| Untracked 
|  87|0x0000000619c00000, 0x0000000619c00000, 0x000000061a000000|  0%| F|  |TAMS 0x0000000619c00000, 0x0000000619c00000| Untracked 
|  88|0x000000061a000000, 0x000000061a000000, 0x000000061a400000|  0%| F|  |TAMS 0x000000061a000000, 0x000000061a000000| Untracked 
|  89|0x000000061a400000, 0x000000061a400000, 0x000000061a800000|  0%| F|  |TAMS 0x000000061a400000, 0x000000061a400000| Untracked 
|  90|0x000000061a800000, 0x000000061a800000, 0x000000061ac00000|  0%| F|  |TAMS 0x000000061a800000, 0x000000061a800000| Untracked 
|  91|0x000000061ac00000, 0x000000061ac00000, 0x000000061b000000|  0%| F|  |TAMS 0x000000061ac00000, 0x000000061ac00000| Untracked 
|  92|0x000000061b000000, 0x000000061b000000, 0x000000061b400000|  0%| F|  |TAMS 0x000000061b000000, 0x000000061b000000| Untracked 
|  93|0x000000061b400000, 0x000000061b400000, 0x000000061b800000|  0%| F|  |TAMS 0x000000061b400000, 0x000000061b400000| Untracked 
|  94|0x000000061b800000, 0x000000061b800000, 0x000000061bc00000|  0%| F|  |TAMS 0x000000061b800000, 0x000000061b800000| Untracked 
|  95|0x000000061bc00000, 0x000000061bc00000, 0x000000061c000000|  0%| F|  |TAMS 0x000000061bc00000, 0x000000061bc00000| Untracked 
|  96|0x000000061c000000, 0x000000061c000000, 0x000000061c400000|  0%| F|  |TAMS 0x000000061c000000, 0x000000061c000000| Untracked 
|  97|0x000000061c400000, 0x000000061c400000, 0x000000061c800000|  0%| F|  |TAMS 0x000000061c400000, 0x000000061c400000| Untracked 
|  98|0x000000061c800000, 0x000000061c800000, 0x000000061cc00000|  0%| F|  |TAMS 0x000000061c800000, 0x000000061c800000| Untracked 
|  99|0x000000061cc00000, 0x000000061cc00000, 0x000000061d000000|  0%| F|  |TAMS 0x000000061cc00000, 0x000000061cc00000| Untracked 
| 100|0x000000061d000000, 0x000000061d000000, 0x000000061d400000|  0%| F|  |TAMS 0x000000061d000000, 0x000000061d000000| Untracked 
| 101|0x000000061d400000, 0x000000061d400000, 0x000000061d800000|  0%| F|  |TAMS 0x000000061d400000, 0x000000061d400000| Untracked 
| 102|0x000000061d800000, 0x000000061d800000, 0x000000061dc00000|  0%| F|  |TAMS 0x000000061d800000, 0x000000061d800000| Untracked 
| 103|0x000000061dc00000, 0x000000061dc00000, 0x000000061e000000|  0%| F|  |TAMS 0x000000061dc00000, 0x000000061dc00000| Untracked 
| 104|0x000000061e000000, 0x000000061e000000, 0x000000061e400000|  0%| F|  |TAMS 0x000000061e000000, 0x000000061e000000| Untracked 
| 105|0x000000061e400000, 0x000000061e400000, 0x000000061e800000|  0%| F|  |TAMS 0x000000061e400000, 0x000000061e400000| Untracked 
| 106|0x000000061e800000, 0x000000061e800000, 0x000000061ec00000|  0%| F|  |TAMS 0x000000061e800000, 0x000000061e800000| Untracked 
| 107|0x000000061ec00000, 0x000000061ec00000, 0x000000061f000000|  0%| F|  |TAMS 0x000000061ec00000, 0x000000061ec00000| Untracked 
| 108|0x000000061f000000, 0x000000061f000000, 0x000000061f400000|  0%| F|  |TAMS 0x000000061f000000, 0x000000061f000000| Untracked 
| 109|0x000000061f400000, 0x000000061f400000, 0x000000061f800000|  0%| F|  |TAMS 0x000000061f400000, 0x000000061f400000| Untracked 
| 110|0x000000061f800000, 0x000000061f800000, 0x000000061fc00000|  0%| F|  |TAMS 0x000000061f800000, 0x000000061f800000| Untracked 
| 111|0x000000061fc00000, 0x000000061fc00000, 0x0000000620000000|  0%| F|  |TAMS 0x000000061fc00000, 0x000000061fc00000| Untracked 
| 112|0x0000000620000000, 0x0000000620000000, 0x0000000620400000|  0%| F|  |TAMS 0x0000000620000000, 0x0000000620000000| Untracked 
| 113|0x0000000620400000, 0x0000000620400000, 0x0000000620800000|  0%| F|  |TAMS 0x0000000620400000, 0x0000000620400000| Untracked 
| 114|0x0000000620800000, 0x0000000620800000, 0x0000000620c00000|  0%| F|  |TAMS 0x0000000620800000, 0x0000000620800000| Untracked 
| 115|0x0000000620c00000, 0x0000000620c00000, 0x0000000621000000|  0%| F|  |TAMS 0x0000000620c00000, 0x0000000620c00000| Untracked 
| 116|0x0000000621000000, 0x0000000621000000, 0x0000000621400000|  0%| F|  |TAMS 0x0000000621000000, 0x0000000621000000| Untracked 
| 117|0x0000000621400000, 0x0000000621400000, 0x0000000621800000|  0%| F|  |TAMS 0x0000000621400000, 0x0000000621400000| Untracked 
| 118|0x0000000621800000, 0x0000000621800000, 0x0000000621c00000|  0%| F|  |TAMS 0x0000000621800000, 0x0000000621800000| Untracked 
| 119|0x0000000621c00000, 0x0000000621c00000, 0x0000000622000000|  0%| F|  |TAMS 0x0000000621c00000, 0x0000000621c00000| Untracked 
| 120|0x0000000622000000, 0x0000000622400000, 0x0000000622400000|100%| S|CS|TAMS 0x0000000622000000, 0x0000000622000000| Complete 
| 121|0x0000000622400000, 0x0000000622400000, 0x0000000622800000|  0%| F|  |TAMS 0x0000000622400000, 0x0000000622400000| Untracked 
| 122|0x0000000622800000, 0x0000000622800000, 0x0000000622c00000|  0%| F|  |TAMS 0x0000000622800000, 0x0000000622800000| Untracked 
| 123|0x0000000622c00000, 0x0000000622c00000, 0x0000000623000000|  0%| F|  |TAMS 0x0000000622c00000, 0x0000000622c00000| Untracked 
| 124|0x0000000623000000, 0x0000000623000000, 0x0000000623400000|  0%| F|  |TAMS 0x0000000623000000, 0x0000000623000000| Untracked 
| 125|0x0000000623400000, 0x0000000623661448, 0x0000000623800000| 59%| E|  |TAMS 0x0000000623400000, 0x0000000623400000| Complete 
| 126|0x0000000623800000, 0x0000000623c00000, 0x0000000623c00000|100%| E|CS|TAMS 0x0000000623800000, 0x0000000623800000| Complete 

Card table byte_map: [0x00000160c6050000,0x00000160c7030000] _byte_map_base: 0x00000160c3030000

Marking Bits (Prev, Next): (CMBitMap*) 0x00000160ad852590, (CMBitMap*) 0x00000160ad8525d0
 Prev Bits: [0x00000160c8010000, 0x00000160cff10000)
 Next Bits: [0x00000160cff10000, 0x00000160d7e10000)

Polling page: 0x00000160abf30000

Metaspace:

Usage:
  Non-class:      5.12 MB used.
      Class:    749.00 KB used.
       Both:      5.85 MB used.

Virtual space:
  Non-class space:        8.00 MB reserved,       5.19 MB ( 65%) committed,  1 nodes.
      Class space:        1.00 GB reserved,     832.00 KB ( <1%) committed,  1 nodes.
             Both:        1.01 GB reserved,       6.00 MB ( <1%) committed. 

Chunk freelists:
   Non-Class:  1.83 MB
       Class:  3.02 MB
        Both:  4.84 MB

MaxMetaspaceSize: unlimited
CompressedClassSpaceSize: 1.00 GB
Initial GC threshold: 21.00 MB
Current GC threshold: 21.00 MB
CDS: on
MetaspaceReclaimPolicy: balanced
 - commit_granule_bytes: 65536.
 - commit_granule_words: 8192.
 - virtual_space_node_default_size: 1048576.
 - enlarge_chunks_in_place: 1.
 - new_chunks_are_fully_committed: 0.
 - uncommit_free_chunks: 1.
 - use_allocation_guard: 0.
 - handle_deallocations: 1.


Internal statistics:

num_allocs_failed_limit: 0.
num_arena_births: 112.
num_arena_deaths: 0.
num_vsnodes_births: 2.
num_vsnodes_deaths: 0.
num_space_committed: 96.
num_space_uncommitted: 0.
num_chunks_returned_to_freelist: 0.
num_chunks_taken_from_freelist: 303.
num_chunk_merges: 0.
num_chunk_splits: 153.
num_chunks_enlarged: 94.
num_purges: 0.
num_inconsistent_stats: 0.

CodeHeap 'non-profiled nmethods': size=120000Kb used=481Kb max_used=481Kb free=119518Kb
 bounds [0x00000160bcec0000, 0x00000160bd130000, 0x00000160c43f0000]
CodeHeap 'profiled nmethods': size=120000Kb used=2440Kb max_used=2440Kb free=117559Kb
 bounds [0x00000160b5990000, 0x00000160b5c00000, 0x00000160bcec0000]
CodeHeap 'non-nmethods': size=5760Kb used=1150Kb max_used=1173Kb free=4609Kb
 bounds [0x00000160b53f0000, 0x00000160b5660000, 0x00000160b5990000]
 total_blobs=1751 nmethods=1310 adapters=353
 compilation: enabled
              stopped_count=0, restarted_count=0
 full_count=0

Compilation events (20 events):
Event: 1.278 Thread 0x00000160d8093c50 nmethod 1302 0x00000160b5bec310 code [0x00000160b5bec4e0, 0x00000160b5beca28]
Event: 1.280 Thread 0x00000160d8093c50 1303       3       java.util.zip.Checksum::update (11 bytes)
Event: 1.280 Thread 0x00000160d8093c50 nmethod 1303 0x00000160b5becc10 code [0x00000160b5becdc0, 0x00000160b5becfc8]
Event: 1.280 Thread 0x00000160d8093c50 1304       3       java.util.zip.CRC32::update (51 bytes)
Event: 1.280 Thread 0x00000160d8093c50 nmethod 1304 0x00000160b5bed110 code [0x00000160b5bed300, 0x00000160b5bed788]
Event: 1.280 Thread 0x00000160d8093c50 1305       3       java.util.zip.CRC32::updateBytes (14 bytes)
Event: 1.280 Thread 0x00000160d8089330 1307       4       jdk.internal.misc.Unsafe::allocateUninitializedArray (55 bytes)
Event: 1.280 Thread 0x00000160d8093c50 nmethod 1305 0x00000160b5bed990 code [0x00000160b5bedb40, 0x00000160b5bedca8]
Event: 1.280 Thread 0x00000160d8093c50 1306       3       java.util.zip.CRC32::updateBytesCheck (55 bytes)
Event: 1.280 Thread 0x00000160d8093c50 nmethod 1306 0x00000160b5bedd90 code [0x00000160b5bedf80, 0x00000160b5bee4c8]
Event: 1.280 Thread 0x00000160d8093c50 1308       3       java.nio.Buffer::<init> (105 bytes)
Event: 1.280 Thread 0x00000160d8093c50 nmethod 1308 0x00000160b5bee710 code [0x00000160b5bee9c0, 0x00000160b5bef538]
Event: 1.281 Thread 0x00000160d8089330 nmethod 1307 0x00000160bcf38110 code [0x00000160bcf382a0, 0x00000160bcf38478]
Event: 1.492 Thread 0x00000160d8093c50 1309       3       java.nio.CharBuffer::position (6 bytes)
Event: 1.492 Thread 0x00000160d8093c50 nmethod 1309 0x00000160b5bef990 code [0x00000160b5befb40, 0x00000160b5befce8]
Event: 1.493 Thread 0x00000160d8093c50 1312       3       java.lang.invoke.MethodHandles$Lookup$ClassOption::optionsToFlag (40 bytes)
Event: 1.493 Thread 0x00000160d8093c50 nmethod 1312 0x00000160b5befd90 code [0x00000160b5beff60, 0x00000160b5bf0468]
Event: 1.493 Thread 0x00000160d8093c50 1310       3       java.lang.invoke.MethodHandles$Lookup$ClassFile::<init> (20 bytes)
Event: 1.494 Thread 0x00000160d8093c50 nmethod 1310 0x00000160b5bf0610 code [0x00000160b5bf07c0, 0x00000160b5bf09f8]
Event: 1.494 Thread 0x00000160d8093c50 1311       3       java.lang.invoke.MethodHandles$Lookup::makeHiddenClassDefiner (42 bytes)

GC Heap History (2 events):
Event: 0.336 GC heap before
{Heap before GC invocations=0 (full 0):
 garbage-first heap   total 520192K, used 24576K [0x0000000604000000, 0x0000000800000000)
  region size 4096K, 6 young (24576K), 0 survivors (0K)
 Metaspace       used 4264K, committed 4352K, reserved 1056768K
  class space    used 529K, committed 576K, reserved 1048576K
}
Event: 0.339 GC heap after
{Heap after GC invocations=1 (full 0):
 garbage-first heap   total 520192K, used 6749K [0x0000000604000000, 0x0000000800000000)
  region size 4096K, 1 young (4096K), 1 survivors (4096K)
 Metaspace       used 4264K, committed 4352K, reserved 1056768K
  class space    used 529K, committed 576K, reserved 1048576K
}

Deoptimization events (20 events):
Event: 0.436 Thread 0x00000160ad7e2b90 DEOPT PACKING pc=0x00000160b5bb8598 sp=0x00000034709f82a0
Event: 0.436 Thread 0x00000160ad7e2b90 DEOPT UNPACKING pc=0x00000160b5442b43 sp=0x00000034709f77a8 mode 0
Event: 0.439 Thread 0x00000160ad7e2b90 DEOPT PACKING pc=0x00000160b5bba348 sp=0x00000034709f7290
Event: 0.439 Thread 0x00000160ad7e2b90 DEOPT UNPACKING pc=0x00000160b5442b43 sp=0x00000034709f67a8 mode 0
Event: 1.491 Thread 0x00000160ad7e2b90 Uncommon trap: trap_request=0xffffffde fr.pc=0x00000160bcf383b4 relative=0x0000000000000114
Event: 1.491 Thread 0x00000160ad7e2b90 Uncommon trap: reason=class_check action=maybe_recompile pc=0x00000160bcf383b4 method=jdk.internal.misc.Unsafe.allocateUninitializedArray(Ljava/lang/Class;I)Ljava/lang/Object; @ 51 c2
Event: 1.491 Thread 0x00000160ad7e2b90 DEOPT PACKING pc=0x00000160bcf383b4 sp=0x00000034709fb910
Event: 1.491 Thread 0x00000160ad7e2b90 DEOPT UNPACKING pc=0x00000160b54423a3 sp=0x00000034709fb898 mode 2
Event: 1.491 Thread 0x00000160ad7e2b90 Uncommon trap: trap_request=0xffffffde fr.pc=0x00000160bcf383b4 relative=0x0000000000000114
Event: 1.491 Thread 0x00000160ad7e2b90 Uncommon trap: reason=class_check action=maybe_recompile pc=0x00000160bcf383b4 method=jdk.internal.misc.Unsafe.allocateUninitializedArray(Ljava/lang/Class;I)Ljava/lang/Object; @ 51 c2
Event: 1.491 Thread 0x00000160ad7e2b90 DEOPT PACKING pc=0x00000160bcf383b4 sp=0x00000034709fb510
Event: 1.491 Thread 0x00000160ad7e2b90 DEOPT UNPACKING pc=0x00000160b54423a3 sp=0x00000034709fb498 mode 2
Event: 1.492 Thread 0x00000160ad7e2b90 Uncommon trap: trap_request=0xffffffde fr.pc=0x00000160bcf383b4 relative=0x0000000000000114
Event: 1.492 Thread 0x00000160ad7e2b90 Uncommon trap: reason=class_check action=maybe_recompile pc=0x00000160bcf383b4 method=jdk.internal.misc.Unsafe.allocateUninitializedArray(Ljava/lang/Class;I)Ljava/lang/Object; @ 51 c2
Event: 1.492 Thread 0x00000160ad7e2b90 DEOPT PACKING pc=0x00000160bcf383b4 sp=0x00000034709fc500
Event: 1.492 Thread 0x00000160ad7e2b90 DEOPT UNPACKING pc=0x00000160b54423a3 sp=0x00000034709fc488 mode 2
Event: 1.492 Thread 0x00000160ad7e2b90 Uncommon trap: trap_request=0xffffffde fr.pc=0x00000160bcf383b4 relative=0x0000000000000114
Event: 1.492 Thread 0x00000160ad7e2b90 Uncommon trap: reason=class_check action=maybe_recompile pc=0x00000160bcf383b4 method=jdk.internal.misc.Unsafe.allocateUninitializedArray(Ljava/lang/Class;I)Ljava/lang/Object; @ 51 c2
Event: 1.492 Thread 0x00000160ad7e2b90 DEOPT PACKING pc=0x00000160bcf383b4 sp=0x00000034709fc500
Event: 1.492 Thread 0x00000160ad7e2b90 DEOPT UNPACKING pc=0x00000160b54423a3 sp=0x00000034709fc488 mode 2

Classes unloaded (0 events):
No events

Classes redefined (0 events):
No events

Internal exceptions (20 events):
Event: 0.270 Thread 0x00000160ad7e2b90 Exception <a 'java/lang/IncompatibleClassChangeError'{0x0000000622b87ad0}: Found class java.lang.Object, but interface was expected> (0x0000000622b87ad0) 
thrown [s\open\src\hotspot\share\interpreter\linkResolver.cpp, line 826]
Event: 0.276 Thread 0x00000160ad7e2b90 Exception <a 'java/lang/NoSuchMethodError'{0x0000000622bd0c30}: 'void java.lang.invoke.DirectMethodHandle$Holder.invokeInterface(java.lang.Object, java.lang.Object, java.lang.Object)'> (0x0000000622bd0c30) 
thrown [s\open\src\hotspot\share\interpreter\linkResolver.cpp, line 759]
Event: 0.277 Thread 0x00000160ad7e2b90 Exception <a 'java/lang/IncompatibleClassChangeError'{0x0000000622bd4298}: Found class java.lang.Object, but interface was expected> (0x0000000622bd4298) 
thrown [s\open\src\hotspot\share\interpreter\linkResolver.cpp, line 826]
Event: 0.279 Thread 0x00000160ad7e2b90 Exception <a 'java/lang/NoSuchMethodError'{0x0000000622bf80d8}: 'java.lang.Object java.lang.invoke.DirectMethodHandle$Holder.invokeStatic(java.lang.Object, java.lang.Object, int)'> (0x0000000622bf80d8) 
thrown [s\open\src\hotspot\share\interpreter\linkResolver.cpp, line 759]
Event: 0.284 Thread 0x00000160ad7e2b90 Exception <a 'java/lang/NoSuchMethodError'{0x0000000622453848}: 'void java.lang.invoke.DirectMethodHandle$Holder.invokeSpecial(java.lang.Object, java.lang.Object, java.lang.Object, java.lang.Object, java.lang.Object)'> (0x0000000622453848) 
thrown [s\open\src\hotspot\share\interpreter\linkResolver.cpp, line 759]
Event: 0.291 Thread 0x00000160ad7e2b90 Exception <a 'java/lang/NoSuchMethodError'{0x00000006224becf0}: 'void java.lang.invoke.DirectMethodHandle$Holder.invokeInterface(java.lang.Object, java.lang.Object, java.lang.Object, java.lang.Object)'> (0x00000006224becf0) 
thrown [s\open\src\hotspot\share\interpreter\linkResolver.cpp, line 759]
Event: 0.291 Thread 0x00000160ad7e2b90 Exception <a 'java/lang/IncompatibleClassChangeError'{0x00000006224c2618}: Found class java.lang.Object, but interface was expected> (0x00000006224c2618) 
thrown [s\open\src\hotspot\share\interpreter\linkResolver.cpp, line 826]
Event: 0.294 Thread 0x00000160ad7e2b90 Exception <a 'java/lang/NoSuchMethodError'{0x00000006224f2b40}: 'void java.lang.invoke.DirectMethodHandle$Holder.invokeStatic(java.lang.Object, java.lang.Object, java.lang.Object, java.lang.Object)'> (0x00000006224f2b40) 
thrown [s\open\src\hotspot\share\interpreter\linkResolver.cpp, line 759]
Event: 0.296 Thread 0x00000160ad7e2b90 Exception <a 'java/lang/NoSuchMethodError'{0x0000000622514168}: 'java.lang.Object java.lang.invoke.DirectMethodHandle$Holder.newInvokeSpecial(java.lang.Object, java.lang.Object, int)'> (0x0000000622514168) 
thrown [s\open\src\hotspot\share\interpreter\linkResolver.cpp, line 759]
Event: 0.306 Thread 0x00000160ad7e2b90 Exception <a 'java/lang/NoSuchMethodError'{0x00000006225b9be8}: 'java.lang.Object java.lang.invoke.Invokers$Holder.invokeExact_MT(java.lang.Object, java.lang.Object, java.lang.Object, java.lang.Object, java.lang.Object, java.lang.Object)'> (0x00000006225b9be8) 
thrown [s\open\src\hotspot\share\interpreter\linkResolver.cpp, line 759]
Event: 0.307 Thread 0x00000160ad7e2b90 Exception <a 'java/lang/NoSuchMethodError'{0x00000006225c9958}: 'int java.lang.invoke.DirectMethodHandle$Holder.invokeStatic(java.lang.Object, java.lang.Object, java.lang.Object, java.lang.Object, java.lang.Object)'> (0x00000006225c9958) 
thrown [s\open\src\hotspot\share\interpreter\linkResolver.cpp, line 759]
Event: 0.312 Thread 0x00000160ad7e2b90 Exception <a 'java/lang/NoSuchMethodError'{0x0000000622624400}: 'void java.lang.invoke.DirectMethodHandle$Holder.invokeStaticInit(java.lang.Object)'> (0x0000000622624400) 
thrown [s\open\src\hotspot\share\interpreter\linkResolver.cpp, line 759]
Event: 0.329 Thread 0x00000160ad7e2b90 Exception <a 'java/lang/NoSuchMethodError'{0x000000062279ce18}: 'int java.lang.invoke.DirectMethodHandle$Holder.invokeStaticInit(java.lang.Object, java.lang.Object)'> (0x000000062279ce18) 
thrown [s\open\src\hotspot\share\interpreter\linkResolver.cpp, line 759]
Event: 0.352 Thread 0x00000160ad7e2b90 Exception <a 'java/lang/NoSuchMethodError'{0x0000000623912410}: 'java.lang.Object java.lang.invoke.DirectMethodHandle$Holder.newInvokeSpecial(java.lang.Object, java.lang.Object, java.lang.Object, java.lang.Object, java.lang.Object, java.lang.Object, java.lang.Object)'> (0x0000000623912410) 
thrown [s\open\src\hotspot\share\interpreter\linkResolver.cpp, line 759]
Event: 0.352 Thread 0x00000160ad7e2b90 Exception <a 'java/lang/NoSuchMethodError'{0x0000000623916fc8}: 'java.lang.Object java.lang.invoke.Invokers$Holder.linkToTargetMethod(java.lang.Object, java.lang.Object, java.lang.Object, java.lang.Object, java.lang.Object, java.lang.Object, java.lang.Object)'> (0x0000000623916fc8) 
thrown [s\open\src\hotspot\share\interpreter\linkResolver.cpp, line 759]
Event: 0.353 Thread 0x00000160ad7e2b90 Exception <a 'java/lang/NoSuchMethodError'{0x000000062392b808}: 'java.lang.Object java.lang.invoke.DirectMethodHandle$Holder.invokeInterface(java.lang.Object, java.lang.Object, java.lang.Object, java.lang.Object, java.lang.Object)'> (0x000000062392b808) 
thrown [s\open\src\hotspot\share\interpreter\linkResolver.cpp, line 759]
Event: 0.353 Thread 0x00000160ad7e2b90 Exception <a 'java/lang/IncompatibleClassChangeError'{0x000000062392f600}: Found class java.lang.Object, but interface was expected> (0x000000062392f600) 
thrown [s\open\src\hotspot\share\interpreter\linkResolver.cpp, line 826]
Event: 0.368 Thread 0x00000160ad7e2b90 Exception <a 'java/lang/NoSuchMethodError'{0x00000006239f9e40}: 'java.lang.Object java.lang.invoke.DirectMethodHandle$Holder.invokeStaticInit(java.lang.Object, int, int, int, int)'> (0x00000006239f9e40) 
thrown [s\open\src\hotspot\share\interpreter\linkResolver.cpp, line 759]
Event: 0.400 Thread 0x00000160ad7e2b90 Exception <a 'java/lang/NoSuchMethodError'{0x0000000623aa3df0}: 'java.lang.Object java.lang.invoke.DirectMethodHandle$Holder.invokeStaticInit(java.lang.Object, java.lang.Object, int, int, int, int)'> (0x0000000623aa3df0) 
thrown [s\open\src\hotspot\share\interpreter\linkResolver.cpp, line 759]
Event: 0.419 Thread 0x00000160ad7e2b90 Implicit null exception at 0x00000160bcf01a72 to 0x00000160bcf02054

VM Operations (20 events):
Event: 0.126 Executing VM operation: HandshakeAllThreads
Event: 0.126 Executing VM operation: HandshakeAllThreads done
Event: 0.151 Executing VM operation: HandshakeAllThreads
Event: 0.151 Executing VM operation: HandshakeAllThreads done
Event: 0.184 Executing VM operation: HandshakeAllThreads
Event: 0.184 Executing VM operation: HandshakeAllThreads done
Event: 0.336 Executing VM operation: G1CollectForAllocation
Event: 0.339 Executing VM operation: G1CollectForAllocation done
Event: 0.355 Executing VM operation: HandshakeAllThreads
Event: 0.355 Executing VM operation: HandshakeAllThreads done
Event: 0.362 Executing VM operation: HandshakeAllThreads
Event: 0.362 Executing VM operation: HandshakeAllThreads done
Event: 0.417 Executing VM operation: HandshakeAllThreads
Event: 0.417 Executing VM operation: HandshakeAllThreads done
Event: 0.418 Executing VM operation: HandshakeAllThreads
Event: 0.418 Executing VM operation: HandshakeAllThreads done
Event: 0.433 Executing VM operation: HandshakeAllThreads
Event: 0.433 Executing VM operation: HandshakeAllThreads done
Event: 1.016 Executing VM operation: HandshakeAllThreads
Event: 1.016 Executing VM operation: HandshakeAllThreads done

Events (20 events):
Event: 1.019 loading class sun/util/locale/provider/TimeZoneNameProviderImpl done
Event: 1.019 loading class sun/util/cldr/CLDRTimeZoneNameProviderImpl done
Event: 1.020 loading class sun/util/locale/provider/BaseLocaleDataMetaInfo
Event: 1.020 loading class sun/util/locale/provider/BaseLocaleDataMetaInfo done
Event: 1.021 loading class sun/util/resources/cldr/TimeZoneNames
Event: 1.021 loading class sun/util/resources/TimeZoneNamesBundle
Event: 1.021 loading class sun/util/resources/OpenListResourceBundle
Event: 1.021 loading class sun/util/resources/OpenListResourceBundle done
Event: 1.021 loading class sun/util/resources/TimeZoneNamesBundle done
Event: 1.021 loading class sun/util/resources/cldr/TimeZoneNames done
Event: 1.021 loading class sun/util/resources/cldr/TimeZoneNames_en
Event: 1.021 loading class sun/util/resources/cldr/TimeZoneNames_en done
Event: 1.021 loading class sun/util/resources/cldr/TimeZoneNames_en_US
Event: 1.021 loading class sun/util/resources/cldr/TimeZoneNames_en_US done
Event: 1.022 loading class sun/util/resources/TimeZoneNames
Event: 1.022 loading class sun/util/resources/TimeZoneNames done
Event: 1.022 loading class sun/util/resources/TimeZoneNames_en
Event: 1.022 loading class sun/util/resources/TimeZoneNames_en done
Event: 1.279 loading class jdk/internal/reflect/UnsafeObjectFieldAccessorImpl
Event: 1.279 loading class jdk/internal/reflect/UnsafeObjectFieldAccessorImpl done


Dynamic libraries:
0x00007ff6b38c0000 - 0x00007ff6b38d0000 	E:\jdk-17.05\bin\java.exe
0x00007ffc22910000 - 0x00007ffc22b05000 	C:\Windows\SYSTEM32\ntdll.dll
0x00007ffc22800000 - 0x00007ffc228be000 	C:\Windows\System32\KERNEL32.DLL
0x00007ffc1feb0000 - 0x00007ffc20178000 	C:\Windows\System32\KERNELBASE.dll
0x00007ffc1fcb0000 - 0x00007ffc1fdb0000 	C:\Windows\System32\ucrtbase.dll
0x00007ffc08bb0000 - 0x00007ffc08bc8000 	E:\jdk-17.05\bin\jli.dll
0x00007ffc089b0000 - 0x00007ffc089ca000 	E:\jdk-17.05\bin\VCRUNTIME140.dll
0x00007ffc20ee0000 - 0x00007ffc20f8c000 	C:\Windows\System32\ADVAPI32.dll
0x00007ffc213d0000 - 0x00007ffc2146e000 	C:\Windows\System32\msvcrt.dll
0x00007ffc21570000 - 0x00007ffc2160b000 	C:\Windows\System32\sechost.dll
0x00007ffc21ee0000 - 0x00007ffc2200a000 	C:\Windows\System32\RPCRT4.dll
0x00007ffc20790000 - 0x00007ffc20931000 	C:\Windows\System32\USER32.dll
0x00007ffc1fdb0000 - 0x00007ffc1fdd2000 	C:\Windows\System32\win32u.dll
0x00007ffc21490000 - 0x00007ffc214bb000 	C:\Windows\System32\GDI32.dll
0x00007ffc204f0000 - 0x00007ffc205fd000 	C:\Windows\System32\gdi32full.dll
0x00007ffc0a530000 - 0x00007ffc0a7ca000 	C:\Windows\WinSxS\amd64_microsoft.windows.common-controls_6595b64144ccf1df_6.0.19041.1110_none_60b5254171f9507e\COMCTL32.dll
0x00007ffc20450000 - 0x00007ffc204ed000 	C:\Windows\System32\msvcp_win.dll
0x00007ffc1f7b0000 - 0x00007ffc1f7ba000 	C:\Windows\SYSTEM32\VERSION.dll
0x00007ffc214d0000 - 0x00007ffc21500000 	C:\Windows\System32\IMM32.DLL
0x000000006a020000 - 0x000000006a02d000 	C:\Program Files (x86)\360\360Safe\safemon\SafeWrapper.dll
0x00007ffc0d6f0000 - 0x00007ffc0d7f3000 	C:\Program Files (x86)\360\360Safe\safemon\libzdtp64.dll
0x00007ffc216c0000 - 0x00007ffc21e04000 	C:\Windows\System32\SHELL32.dll
0x00007ffc22010000 - 0x00007ffc22065000 	C:\Windows\System32\SHLWAPI.dll
0x00007ffc1c5f0000 - 0x00007ffc1c5fc000 	E:\jdk-17.05\bin\vcruntime140_1.dll
0x00007ffbf5110000 - 0x00007ffbf519d000 	E:\jdk-17.05\bin\msvcp140.dll
0x00007ffbcc790000 - 0x00007ffbcd352000 	E:\jdk-17.05\bin\server\jvm.dll
0x00007ffc21560000 - 0x00007ffc21568000 	C:\Windows\System32\PSAPI.DLL
0x00007ffc0d1b0000 - 0x00007ffc0d1b9000 	C:\Windows\SYSTEM32\WSOCK32.dll
0x00007ffc0d1f0000 - 0x00007ffc0d217000 	C:\Windows\SYSTEM32\WINMM.dll
0x00007ffc22370000 - 0x00007ffc223db000 	C:\Windows\System32\WS2_32.dll
0x00007ffc1fe90000 - 0x00007ffc1fea2000 	C:\Windows\System32\kernel.appcore.dll
0x00007ffc154e0000 - 0x00007ffc154ea000 	E:\jdk-17.05\bin\jimage.dll
0x00007ffc1d870000 - 0x00007ffc1da54000 	C:\Windows\SYSTEM32\DBGHELP.DLL
0x00007ffc0bb60000 - 0x00007ffc0bb8c000 	C:\Windows\SYSTEM32\dbgcore.DLL
0x00007ffc203c0000 - 0x00007ffc20442000 	C:\Windows\System32\bcryptPrimitives.dll
0x00007ffc158d0000 - 0x00007ffc158de000 	E:\jdk-17.05\bin\instrument.dll
0x00007ffc060a0000 - 0x00007ffc060c5000 	E:\jdk-17.05\bin\java.dll
0x00007ffbf43f0000 - 0x00007ffbf44c6000 	E:\jdk-17.05\bin\jsvml.dll
0x00007ffc1dea0000 - 0x00007ffc1e634000 	C:\Windows\SYSTEM32\windows.storage.dll
0x00007ffc224a0000 - 0x00007ffc227f5000 	C:\Windows\System32\combase.dll
0x00007ffc1f610000 - 0x00007ffc1f63e000 	C:\Windows\SYSTEM32\Wldp.dll
0x00007ffc21010000 - 0x00007ffc210bd000 	C:\Windows\System32\SHCORE.dll
0x00007ffc1fbf0000 - 0x00007ffc1fc0f000 	C:\Windows\SYSTEM32\profapi.dll
0x00007ffc06260000 - 0x00007ffc06278000 	E:\jdk-17.05\bin\zip.dll
0x00007ffc07e10000 - 0x00007ffc07e29000 	E:\jdk-17.05\bin\net.dll
0x00007ffc1c490000 - 0x00007ffc1c59c000 	C:\Windows\SYSTEM32\WINHTTP.dll
0x00007ffc1f370000 - 0x00007ffc1f3da000 	C:\Windows\system32\mswsock.dll
0x00007ffc063f0000 - 0x00007ffc06406000 	E:\jdk-17.05\bin\nio.dll
0x00007ffc158b0000 - 0x00007ffc158ca000 	D:\IntelliJ IDEA 2022.3\bin\breakgen64.dll
0x00007ffc1f560000 - 0x00007ffc1f578000 	C:\Windows\SYSTEM32\CRYPTSP.dll
0x00007ffc1ecf0000 - 0x00007ffc1ed24000 	C:\Windows\system32\rsaenh.dll
0x00007ffc20280000 - 0x00007ffc202a7000 	C:\Windows\System32\bcrypt.dll
0x00007ffc1fbb0000 - 0x00007ffc1fbde000 	C:\Windows\SYSTEM32\USERENV.dll
0x00007ffc1f580000 - 0x00007ffc1f58c000 	C:\Windows\SYSTEM32\CRYPTBASE.dll
0x00007ffc1f060000 - 0x00007ffc1f09b000 	C:\Windows\SYSTEM32\IPHLPAPI.DLL
0x00007ffc228c0000 - 0x00007ffc228c8000 	C:\Windows\System32\NSI.dll
0x00007ffc1a6c0000 - 0x00007ffc1a6d7000 	C:\Windows\SYSTEM32\dhcpcsvc6.DLL
0x00007ffc1a5a0000 - 0x00007ffc1a5bd000 	C:\Windows\SYSTEM32\dhcpcsvc.DLL
0x00007ffc1f0a0000 - 0x00007ffc1f16b000 	C:\Windows\SYSTEM32\DNSAPI.dll
0x00007ffc06680000 - 0x00007ffc066c5000 	C:\Users\Administrator\AppData\Local\Temp\jna-146731693\jna7144684975408196913.dll
0x00007ffbcd560000 - 0x00007ffbcd6c3000 	D:\Documents\WeChat Files\wxid_chyxeiwg3hv922\FileStorage\File\2024-08\testDll\dll64.dll

dbghelp: loaded successfully - version: 4.0.5 - missing functions: none
symbol engine: initialized successfully - sym options: 0x614 - pdb path: .;E:\jdk-17.05\bin;C:\Windows\SYSTEM32;C:\Windows\WinSxS\amd64_microsoft.windows.common-controls_6595b64144ccf1df_6.0.19041.1110_none_60b5254171f9507e;C:\Program Files (x86)\360\360Safe\safemon;E:\jdk-17.05\bin\server;D:\IntelliJ IDEA 2022.3\bin;C:\Users\Administrator\AppData\Local\Temp\jna-146731693;D:\Documents\WeChat Files\wxid_chyxeiwg3hv922\FileStorage\File\2024-08\testDll

VM Arguments:
jvm_args: -ea -Didea.test.cyclic.buffer.size=1048576 -javaagent:D:\IntelliJ IDEA 2022.3\lib\idea_rt.jar=50340:D:\IntelliJ IDEA 2022.3\bin -Dfile.encoding=UTF-8 
java_command: com.intellij.rt.junit.JUnitStarter -ideVersion5 -junit5 com.yt.server.DllTest,testGetZFYInfo
java_class_path (initial): D:\IntelliJ IDEA 2022.3\lib\idea_rt.jar;D:\IntelliJ IDEA 2022.3\plugins\junit\lib\junit5-rt.jar;D:\IntelliJ IDEA 2022.3\plugins\junit\lib\junit-rt.jar;E:\aaa\spring-native-ytserver-gradle-high\out\test\classes;E:\aaa\spring-native-ytserver-gradle-high\out\production\classes;E:\aaa\spring-native-ytserver-gradle-high\out\production\resources;D:\gradle\caches\modules-2\files-2.1\org.springframework.boot\spring-boot-starter-web\3.0.2\3f6a2cb4cb11bac3611f5a95e234589eb190dd29\spring-boot-starter-web-3.0.2.jar;D:\gradle\caches\modules-2\files-2.1\org.mybatis.spring.boot\mybatis-spring-boot-starter\3.0.1\24dc6d5ea60fe36c0310681c16a25e9c7d9c45ce\mybatis-spring-boot-starter-3.0.1.jar;D:\gradle\caches\modules-2\files-2.1\org.springframework.boot\spring-boot-starter-test\3.0.2\167ec01ebb1d4d5f955aa25e027fe25336116925\spring-boot-starter-test-3.0.2.jar;D:\gradle\caches\modules-2\files-2.1\ch.qos.logback\logback-classic\1.4.5\28e7dc0b208d6c3f15beefd73976e064b4ecfa9b\logback-classic-1.4.5.jar;D:\gradle\caches\modules-2\files-2.1\org.javassist\javassist\3.29.2-GA\6c32028609e5dd4a1b78e10fbcd122b09b3928b1\javassist-3.29.2-GA.jar;D:\gradle\caches\modules-2\files-2.1\com.github.pagehelper\pagehelper\5.3.2\a6b2439ba65b849dda324268fa121fe3584dad59\pagehelper-5.3.2.jar;D:\gradle\caches\modules-2\files-2.1\com.github.ggalmazor\lt_downsampling_java8\0.0.7\2e4eb07d59e717664c128edad0b443aa8abe4365\lt_downsampling_java8-0.0.7.jar;D:\gradle\caches\modules-2\files-2.1\com.fasterxml.jackson.core\jackson-databind\2.14.1\268524b9056cae1211b9f1f52560ef19347f4d17\jackson-databind-2.14.1.jar;D:\gradle\caches\modules-2\files-2.1\com.zaxxer\HikariCP\5.0.1\a74c7f0a37046846e88d54f7cb6ea6d565c65f9c\HikariCP-5.0.1.jar;D:\gradle\caches\modules-2\files-2.1\commons-io\commons-io\2.11.0\a2503f302b11ebde7ebc3df41daebe0e4eea3689\commons-io-2.11.0.jar;D:\gradle\caches\modules-2\files-2.1\commons-codec\commons-codec\1.15\49d94806b6e3dc933dacbd8acb0fdbab8ebd1e5d\commons-codec-1.15.jar;D:
Launcher Type: SUN_STANDARD

[Global flags]
     intx CICompilerCount                          = 4                                         {product} {ergonomic}
     uint ConcGCThreads                            = 3                                         {product} {ergonomic}
     uint G1ConcRefinementThreads                  = 10                                        {product} {ergonomic}
   size_t G1HeapRegionSize                         = 4194304                                   {product} {ergonomic}
    uintx GCDrainStackTargetSize                   = 64                                        {product} {ergonomic}
   size_t InitialHeapSize                          = 532676608                                 {product} {ergonomic}
   size_t MarkStackSize                            = 4194304                                   {product} {ergonomic}
   size_t MaxHeapSize                              = 8522825728                                {product} {ergonomic}
   size_t MaxNewSize                               = 5112856576                                {product} {ergonomic}
   size_t MinHeapDeltaBytes                        = 4194304                                   {product} {ergonomic}
   size_t MinHeapSize                              = 8388608                                   {product} {ergonomic}
    uintx NonNMethodCodeHeapSize                   = 5839372                                {pd product} {ergonomic}
    uintx NonProfiledCodeHeapSize                  = 122909434                              {pd product} {ergonomic}
    uintx ProfiledCodeHeapSize                     = 122909434                              {pd product} {ergonomic}
    uintx ReservedCodeCacheSize                    = 251658240                              {pd product} {ergonomic}
     bool SegmentedCodeCache                       = true                                      {product} {ergonomic}
   size_t SoftMaxHeapSize                          = 8522825728                             {manageable} {ergonomic}
     bool UseCompressedClassPointers               = true                           {product lp64_product} {ergonomic}
     bool UseCompressedOops                        = true                           {product lp64_product} {ergonomic}
     bool UseG1GC                                  = true                                      {product} {ergonomic}
     bool UseLargePagesIndividualAllocation        = false                                  {pd product} {ergonomic}

Logging:
Log output configuration:
 #0: stdout all=warning uptime,level,tags
 #1: stderr all=off uptime,level,tags

Environment Variables:
JAVA_HOME=E:\jdk11\bin333
PATH=D:\vmware\bin\;C:\Windows\system32;C:\Windows;C:\Windows\System32\Wbem;C:\Windows\System32\WindowsPowerShell\v1.0\;C:\Windows\System32\OpenSSH\;C:\Program Files (x86)\Microsoft Visual Studio\2022\BuildTools\VC\Tools\MSVC\14.29.30133\bin\HostX64\x64;F:\xshell6\;G:\VMware Workstation\bin\;C:\Windows\system32;C:\Windows;C:\Windows\System32\Wbem;C:\Windows\System32\WindowsPowerShell\v1.0\;C:\Windows\System32\OpenSSH\;C:\Program Files (x86)\NVIDIA Corporation\PhysX\Common;C:\Program Files\NVIDIA Corporation\NVIDIA NvDLISR;E:\Git\cmd;C:\Program Files\TortoiseSVN\bin;E:\graalvm\graalvm-ce-java17-22.3.0\bin;C:\Program Files (x86)\Windows Kits\10\Include\10.0.18362.0\ucrt;C:\Program Files (x86)\Windows Kits\10\Include\10.0.18362.0\um;C:\Program Files (x86)\Windows Kits\10\Include\10.0.18362.0\shared;C:\Program Files (x86)\Windows Kits\10\Include\10.0.18362.0\cppwinrt;C:\Program Files (x86)\Windows Kits\10\Include\10.0.18362.0\winrt;C:\Program Files (x86)\Microsoft Visual Studio\2022\BuildTools\VC\Tools\MSVC\14.29.30133\include;C:\Program Files (x86)\Windows Kits\10\Lib\10.0.18362.0\um\x64;C:\Program Files (x86)\Windows Kits\10\Lib\10.0.18362.0\ucrt\x64;C:\Program Files (x86)\Microsoft Visual Studio\2022\BuildTools\VC\Tools\MSVC\14.29.30133\lib\x64;E:\apache-maven-3.8.4\bin;C:\Users\Administrator\AppData\Roaming\npm;D:\gradle\bin;C:\Program Files\Docker\Docker\resources\bin;C:\TDengine;D:\Git\cmd;E:\mingGw\mingw64\bin;E:\xtrabackup\xtrabackup-1.6.32bit;C:\Program Files\nodejs\;E:\jdk11\bin333;D:\xshell\;C:\Program Files (x86)\Windows Kits\10\Windows Performance Toolkit\;E:\adb\platform-tools;C:\Users\Administrator\AppData\Local\Programs\Python\Python311\Scripts\;C:\Users\Administrator\AppData\Local\Programs\Python\Python311\;C:\Users\Administrator\AppData\Local\Microsoft\WindowsApps;D:\IntelliJ IDEA 2022.3\bin;D:\Microsoft VS Code\bin
USERNAME=Administrator
OS=Windows_NT
PROCESSOR_IDENTIFIER=Intel64 Family 6 Model 151 Stepping 5, GenuineIntel



---------------  S Y S T E M  ---------------

OS:
 Windows 10 , 64 bit Build 19041 (10.0.19041.1348)
OS uptime: 0 days 5:05 hours

CPU: total 12 (initial active 12) (6 cores per cpu, 2 threads per core) family 6 model 151 stepping 5 microcode 0x1f, cx8, cmov, fxsr, ht, mmx, 3dnowpref, sse, sse2, sse3, ssse3, sse4.1, sse4.2, popcnt, lzcnt, tsc, tscinvbit, avx, avx2, aes, erms, clmul, bmi1, bmi2, adx, sha, fma, vzeroupper, clflush, clflushopt, clwb

Memory: 4k page, system-wide physical 32509M (17134M free)
TotalPageFile size 65277M (AvailPageFile size 48058M)
current process WorkingSet (physical memory assigned to process): 93M, peak: 93M
current process commit charge ("private bytes"): 633M, peak: 633M

vm_info: Java HotSpot(TM) 64-Bit Server VM (17.0.5+9-LTS-191) for windows-amd64 JRE (17.0.5+9-LTS-191), built on Sep 13 2022 17:31:43 by "mach5one" with MS VC++ 16.8 / 16.9 (VS2019)

END.
