#
# A fatal error has been detected by the Java Runtime Environment:
#
#  EXCEPTION_ACCESS_VIOLATION (0xc0000005) at pc=0x00007ffbb8bb6185, pid=13468, tid=772
#
# JRE version: Java(TM) SE Runtime Environment (17.0.5+9) (build 17.0.5+9-LTS-191)
# Java VM: Java HotSpot(TM) 64-Bit Server VM (17.0.5+9-LTS-191, mixed mode, sharing, tiered, compressed oops, compressed class ptrs, g1 gc, windows-amd64)
# Problematic frame:
# C  [dll64.dll+0x6185]
#
# No core dump will be written. Minidumps are not enabled by default on client versions of Windows
#
# If you would like to submit a bug report, please visit:
#   https://bugreport.java.com/bugreport/crash.jsp
# The crash happened outside the Java Virtual Machine in native code.
# See problematic frame for where to report the bug.
#

---------------  S U M M A R Y ------------

Command Line: -javaagent:D:\IntelliJ IDEA 2022.3\lib\idea_rt.jar=59281:D:\IntelliJ IDEA 2022.3\bin -Dfile.encoding=UTF-8 com.yt.server.Test

Host: 12th Gen Intel(R) Core(TM) i5-12400, 12 cores, 31G,  Windows 10 , 64 bit Build 19041 (10.0.19041.1348)
Time: Fri Aug 23 11:09:57 2024  Windows 10 , 64 bit Build 19041 (10.0.19041.1348) elapsed time: 0.271081 seconds (0d 0h 0m 0s)

---------------  T H R E A D  ---------------

Current thread (0x0000023f0412c540):  JavaThread "main" [_thread_in_native, id=772, stack(0x0000009a4a800000,0x0000009a4a900000)]

Stack: [0x0000009a4a800000,0x0000009a4a900000],  sp=0x0000009a4a8feb20,  free space=1018k
Native frames: (J=compiled Java code, j=interpreted, Vv=VM code, C=native code)
C  [dll64.dll+0x6185]

Java frames: (J=compiled Java code, j=interpreted, Vv=VM code)
j  com.sun.jna.Function.invokeInt(I[Ljava/lang/Object;)I+0
j  com.sun.jna.Function.invoke([Ljava/lang/Object;Ljava/lang/Class;)Ljava/lang/Object;+309
j  com.sun.jna.Function.invoke(Ljava/lang/Class;[Ljava/lang/Object;Ljava/util/Map;)Ljava/lang/Object;+194
j  com.sun.jna.Library$Handler.invoke(Ljava/lang/Object;Ljava/lang/reflect/Method;[Ljava/lang/Object;)Ljava/lang/Object;+344
j  com.yt.server.$Proxy0.GetIDCode(Ljava/lang/String;I)I+23
j  com.yt.server.Test.main([Ljava/lang/String;)V+6
v  ~StubRoutines::call_stub

siginfo: EXCEPTION_ACCESS_VIOLATION (0xc0000005), writing address 0x0000000000000000


Register to memory mapping:

RIP=0x00007ffbb8bb6185 dll64.dll
RAX=0x0000023f02921c50 points into unknown readable memory: 0x0000363534333200 | 00 32 33 34 35 36 00 00
RBX=0x0000009a4a8fec78 is pointing into the stack for thread: 0x0000023f0412c540
RCX=0xffff824349c5b6ca is an unknown value
RDX=0x00007ffbb8cc6586 dll64.dll
RSP=0x0000009a4a8feb20 is pointing into the stack for thread: 0x0000023f0412c540
RBP=0x00007ffbb8cc6586 dll64.dll
RSI=0x0000009a4a8fec58 is pointing into the stack for thread: 0x0000023f0412c540
RDI=0x0000009a4a8fec38 is pointing into the stack for thread: 0x0000023f0412c540
R8 =0x0000000000000001 is an unknown value
R9 =0x0000009a4a8feac0 is pointing into the stack for thread: 0x0000023f0412c540
R10=0x0 is NULL
R11=0x0000023f02921c50 points into unknown readable memory: 0x0000363534333200 | 00 32 33 34 35 36 00 00
R12=0x0000009a4a8fec18 is pointing into the stack for thread: 0x0000023f0412c540
R13=0x0 is NULL
R14=0x0000023f02921c50 points into unknown readable memory: 0x0000363534333200 | 00 32 33 34 35 36 00 00
R15=0x0000009a4a8febf8 is pointing into the stack for thread: 0x0000023f0412c540


Registers:
RAX=0x0000023f02921c50, RBX=0x0000009a4a8fec78, RCX=0xffff824349c5b6ca, RDX=0x00007ffbb8cc6586
RSP=0x0000009a4a8feb20, RBP=0x00007ffbb8cc6586, RSI=0x0000009a4a8fec58, RDI=0x0000009a4a8fec38
R8 =0x0000000000000001, R9 =0x0000009a4a8feac0, R10=0x0000000000000000, R11=0x0000023f02921c50
R12=0x0000009a4a8fec18, R13=0x0000000000000000, R14=0x0000023f02921c50, R15=0x0000009a4a8febf8
RIP=0x00007ffbb8bb6185, EFLAGS=0x0000000000010246

Top of Stack: (sp=0x0000009a4a8feb20)
0x0000009a4a8feb20:   0000009a4a8fec78 00007ffbb8cc75c0
0x0000009a4a8feb30:   0000000000000000 0000000000000000
0x0000009a4a8feb40:   0000000000000000 00007ffba30eefa0
0x0000009a4a8feb50:   0000009a4a8fec98 0000009a4a8febd8
0x0000009a4a8feb60:   0000009a4a8febb8 0000009a4a8feba0
0x0000009a4a8feb70:   0000000000000000 00007ffba296dd3c
0x0000009a4a8feb80:   0000000000000000 0000000000000000
0x0000009a4a8feb90:   0000023f0412c500 00007ffba30eefa0
0x0000009a4a8feba0:   0000000000000000 0000000000000000
0x0000009a4a8febb0:   0000000000000000 0000023f318f72e0
0x0000009a4a8febc0:   0000000000000056 0000000000000094
0x0000009a4a8febd0:   000000000000000e 0000023f318f7420
0x0000009a4a8febe0:   0000000000000059 0000000000000094
0x0000009a4a8febf0:   0000000000000000 0000023f318f7690
0x0000009a4a8fec00:   00000000000000e2 0000000000000158
0x0000009a4a8fec10:   0000023f0412c500 0000009a4a8fec28 

Instructions: (pc=0x00007ffbb8bb6185)
0x00007ffbb8bb6085:   4c 24 30 e8 13 b2 03 00 89 c5 48 89 d9 e8 49 00
0x00007ffbb8bb6095:   0e 00 85 ed 74 67 e8 80 97 04 00 31 d2 45 31 c0
0x00007ffbb8bb60a5:   45 31 c9 48 89 c1 48 89 94 24 58 01 00 00 45 31
0x00007ffbb8bb60b5:   d2 48 8d 05 e1 14 11 00 48 8d 54 24 60 44 89 84
0x00007ffbb8bb60c5:   24 60 01 00 00 0f 10 84 24 58 01 00 00 41 b8 04
0x00007ffbb8bb60d5:   00 00 00 4c 89 8c 24 68 01 00 00 4c 8d 4c 24 50
0x00007ffbb8bb60e5:   4c 89 54 24 70 48 89 44 24 50 48 c7 44 24 58 15
0x00007ffbb8bb60f5:   00 00 00 0f 11 44 24 60 e8 be a6 04 00 31 c0 48
0x00007ffbb8bb6105:   8b 4c 24 30 4c 8d 0d 76 04 11 00 4c 8d 05 9d 14
0x00007ffbb8bb6115:   11 00 48 89 44 24 20 48 8d 15 98 14 11 00 e8 a8
0x00007ffbb8bb6125:   1b 05 00 48 89 c2 48 89 f9 48 89 c5 e8 92 bb ff
0x00007ffbb8bb6135:   ff 49 89 f8 48 8d 15 80 14 11 00 48 89 f1 e8 e8
0x00007ffbb8bb6145:   6f 10 00 4c 8d 05 e1 0b 11 00 48 89 f2 48 89 d9
0x00007ffbb8bb6155:   e8 f6 6e 10 00 48 89 d9 e8 ae 98 04 00 48 89 d9
0x00007ffbb8bb6165:   e8 76 ff 0d 00 48 89 f1 e8 6e ff 0d 00 48 89 f9
0x00007ffbb8bb6175:   e8 66 ff 0d 00 48 89 ea 4c 89 f1 e8 63 33 03 00
0x00007ffbb8bb6185:   66 41 c7 45 00 01 00 48 8b 4c 24 30 e8 2a b6 03
0x00007ffbb8bb6195:   00 4c 89 e1 e8 42 ff 0d 00 4c 89 f9 e8 3a ff 0d
0x00007ffbb8bb61a5:   00 48 8b 4c 24 38 e8 80 40 0e 00 48 8b 4c 24 40
0x00007ffbb8bb61b5:   e8 76 40 0e 00 48 8b 4c 24 48 e8 6c ee 0d 00 b8
0x00007ffbb8bb61c5:   01 00 00 00 48 81 c4 f8 01 00 00 5b 5e 5f 5d 41
0x00007ffbb8bb61d5:   5c 41 5d 41 5e 41 5f c3 48 8b 4c 24 30 48 89 c7
0x00007ffbb8bb61e5:   e8 f6 fe 0d 00 eb 03 48 89 c7 48 89 d9 e8 e9 fe
0x00007ffbb8bb61f5:   0d 00 eb 03 48 89 c7 48 89 f1 e8 dc fe 0d 00 48
0x00007ffbb8bb6205:   89 f9 e9 eb 00 00 00 48 8b 4c 24 30 48 89 c3 e8
0x00007ffbb8bb6215:   17 ee 0d 00 e9 cc 00 00 00 48 89 c5 48 89 d9 e8
0x00007ffbb8bb6225:   b7 fe 0d 00 48 89 eb eb 03 48 89 c3 48 89 f1 e8
0x00007ffbb8bb6235:   a7 fe 0d 00 eb 03 48 89 c3 48 89 f9 e8 9a fe 0d
0x00007ffbb8bb6245:   00 eb 03 48 89 c3 48 8b 4c 24 30 eb 70 48 8b 4c
0x00007ffbb8bb6255:   24 30 48 89 c3 eb 59 48 8b 4c 24 30 48 89 c3 e8
0x00007ffbb8bb6265:   c7 3f 0e 00 eb 54 48 89 c5 48 89 d9 e8 6a fe 0d
0x00007ffbb8bb6275:   00 48 89 eb eb 2d 48 89 c5 48 89 d9 e8 5a fe 0d 


Stack slot to memory mapping:
stack at sp + 0 slots: 0x0000009a4a8fec78 is pointing into the stack for thread: 0x0000023f0412c540
stack at sp + 1 slots: 0x00007ffbb8cc75c0 dll64.dll
stack at sp + 2 slots: 0x0 is NULL
stack at sp + 3 slots: 0x0 is NULL
stack at sp + 4 slots: 0x0 is NULL
stack at sp + 5 slots: 0x00007ffba30eefa0 jvm.dll
stack at sp + 6 slots: 0x0000009a4a8fec98 is pointing into the stack for thread: 0x0000023f0412c540
stack at sp + 7 slots: 0x0000009a4a8febd8 is pointing into the stack for thread: 0x0000023f0412c540


---------------  P R O C E S S  ---------------

Threads class SMR info:
_java_thread_list=0x0000023f316bacc0, length=14, elements={
0x0000023f0412c540, 0x0000023f2e98c950, 0x0000023f2e98d7c0, 0x0000023f2e9a78b0,
0x0000023f2e9a9470, 0x0000023f2e9abf30, 0x0000023f2e9b08f0, 0x0000023f2e9b31f0,
0x0000023f2e9c7560, 0x0000023f2e9c7a70, 0x0000023f3163a010, 0x0000023f3163a720,
0x0000023f326676e0, 0x0000023f32667fb0
}

Java Threads: ( => current thread )
=>0x0000023f0412c540 JavaThread "main" [_thread_in_native, id=772, stack(0x0000009a4a800000,0x0000009a4a900000)]
  0x0000023f2e98c950 JavaThread "Reference Handler" daemon [_thread_blocked, id=15972, stack(0x0000009a4af00000,0x0000009a4b000000)]
  0x0000023f2e98d7c0 JavaThread "Finalizer" daemon [_thread_blocked, id=14492, stack(0x0000009a4b000000,0x0000009a4b100000)]
  0x0000023f2e9a78b0 JavaThread "Signal Dispatcher" daemon [_thread_blocked, id=10640, stack(0x0000009a4b100000,0x0000009a4b200000)]
  0x0000023f2e9a9470 JavaThread "Attach Listener" daemon [_thread_blocked, id=7748, stack(0x0000009a4b200000,0x0000009a4b300000)]
  0x0000023f2e9abf30 JavaThread "Service Thread" daemon [_thread_blocked, id=18408, stack(0x0000009a4b300000,0x0000009a4b400000)]
  0x0000023f2e9b08f0 JavaThread "Monitor Deflation Thread" daemon [_thread_blocked, id=1412, stack(0x0000009a4b400000,0x0000009a4b500000)]
  0x0000023f2e9b31f0 JavaThread "C2 CompilerThread0" daemon [_thread_blocked, id=9116, stack(0x0000009a4b500000,0x0000009a4b600000)]
  0x0000023f2e9c7560 JavaThread "C1 CompilerThread0" daemon [_thread_blocked, id=5184, stack(0x0000009a4b600000,0x0000009a4b700000)]
  0x0000023f2e9c7a70 JavaThread "Sweeper thread" daemon [_thread_blocked, id=14768, stack(0x0000009a4b700000,0x0000009a4b800000)]
  0x0000023f3163a010 JavaThread "Common-Cleaner" daemon [_thread_blocked, id=9068, stack(0x0000009a4b800000,0x0000009a4b900000)]
  0x0000023f3163a720 JavaThread "C2 CompilerThread1" daemon [_thread_blocked, id=4584, stack(0x0000009a4b900000,0x0000009a4ba00000)]
  0x0000023f326676e0 JavaThread "Monitor Ctrl-Break" daemon [_thread_in_native, id=10624, stack(0x0000009a4ba00000,0x0000009a4bb00000)]
  0x0000023f32667fb0 JavaThread "Notification Thread" daemon [_thread_blocked, id=18144, stack(0x0000009a4bb00000,0x0000009a4bc00000)]

Other Threads:
  0x0000023f2e986d50 VMThread "VM Thread" [stack: 0x0000009a4ae00000,0x0000009a4af00000] [id=708]
  0x0000023f041bee10 WatcherThread [stack: 0x0000009a4bc00000,0x0000009a4bd00000] [id=5400]
  0x0000023f2e810900 GCTaskThread "GC Thread#0" [stack: 0x0000009a4a900000,0x0000009a4aa00000] [id=15984]
  0x0000023f041aa740 ConcurrentGCThread "G1 Main Marker" [stack: 0x0000009a4aa00000,0x0000009a4ab00000] [id=16504]
  0x0000023f041ab150 ConcurrentGCThread "G1 Conc#0" [stack: 0x0000009a4ab00000,0x0000009a4ac00000] [id=1360]
  0x0000023f2e8c4580 ConcurrentGCThread "G1 Refine#0" [stack: 0x0000009a4ac00000,0x0000009a4ad00000] [id=7412]
  0x0000023f2e8c4eb0 ConcurrentGCThread "G1 Service" [stack: 0x0000009a4ad00000,0x0000009a4ae00000] [id=13896]

Threads with active compile tasks:

VM state: not at safepoint (normal execution)

VM Mutex/Monitor currently owned by a thread: None

Heap address: 0x0000000604000000, size: 8128 MB, Compressed Oops mode: Zero based, Oop shift amount: 3

CDS archive(s) mapped at: [0x0000000800000000-0x0000000800bd0000-0x0000000800bd0000), size 12386304, SharedBaseAddress: 0x0000000800000000, ArchiveRelocationMode: 0.
Compressed class space mapped at: 0x0000000800c00000-0x0000000840c00000, reserved size: 1073741824
Narrow klass base: 0x0000000800000000, Narrow klass shift: 0, Narrow klass range: 0x100000000

GC Precious Log:
 CPUs: 12 total, 12 available
 Memory: 32509M
 Large Page Support: Disabled
 NUMA Support: Disabled
 Compressed Oops: Enabled (Zero based)
 Heap Region Size: 4M
 Heap Min Capacity: 8M
 Heap Initial Capacity: 508M
 Heap Max Capacity: 8128M
 Pre-touch: Disabled
 Parallel Workers: 10
 Concurrent Workers: 3
 Concurrent Refinement Workers: 10
 Periodic GC: Disabled

Heap:
 garbage-first heap   total 520192K, used 8192K [0x0000000604000000, 0x0000000800000000)
  region size 4096K, 3 young (12288K), 0 survivors (0K)
 Metaspace       used 2383K, committed 2496K, reserved 1056768K
  class space    used 205K, committed 256K, reserved 1048576K

Heap Regions: E=young(eden), S=young(survivor), O=old, HS=humongous(starts), HC=humongous(continues), CS=collection set, F=free, OA=open archive, CA=closed archive, TAMS=top-at-mark-start (previous, next)
|   0|0x0000000604000000, 0x0000000604000000, 0x0000000604400000|  0%| F|  |TAMS 0x0000000604000000, 0x0000000604000000| Untracked 
|   1|0x0000000604400000, 0x0000000604400000, 0x0000000604800000|  0%| F|  |TAMS 0x0000000604400000, 0x0000000604400000| Untracked 
|   2|0x0000000604800000, 0x0000000604800000, 0x0000000604c00000|  0%| F|  |TAMS 0x0000000604800000, 0x0000000604800000| Untracked 
|   3|0x0000000604c00000, 0x0000000604c00000, 0x0000000605000000|  0%| F|  |TAMS 0x0000000604c00000, 0x0000000604c00000| Untracked 
|   4|0x0000000605000000, 0x0000000605000000, 0x0000000605400000|  0%| F|  |TAMS 0x0000000605000000, 0x0000000605000000| Untracked 
|   5|0x0000000605400000, 0x0000000605400000, 0x0000000605800000|  0%| F|  |TAMS 0x0000000605400000, 0x0000000605400000| Untracked 
|   6|0x0000000605800000, 0x0000000605800000, 0x0000000605c00000|  0%| F|  |TAMS 0x0000000605800000, 0x0000000605800000| Untracked 
|   7|0x0000000605c00000, 0x0000000605c00000, 0x0000000606000000|  0%| F|  |TAMS 0x0000000605c00000, 0x0000000605c00000| Untracked 
|   8|0x0000000606000000, 0x0000000606000000, 0x0000000606400000|  0%| F|  |TAMS 0x0000000606000000, 0x0000000606000000| Untracked 
|   9|0x0000000606400000, 0x0000000606400000, 0x0000000606800000|  0%| F|  |TAMS 0x0000000606400000, 0x0000000606400000| Untracked 
|  10|0x0000000606800000, 0x0000000606800000, 0x0000000606c00000|  0%| F|  |TAMS 0x0000000606800000, 0x0000000606800000| Untracked 
|  11|0x0000000606c00000, 0x0000000606c00000, 0x0000000607000000|  0%| F|  |TAMS 0x0000000606c00000, 0x0000000606c00000| Untracked 
|  12|0x0000000607000000, 0x0000000607000000, 0x0000000607400000|  0%| F|  |TAMS 0x0000000607000000, 0x0000000607000000| Untracked 
|  13|0x0000000607400000, 0x0000000607400000, 0x0000000607800000|  0%| F|  |TAMS 0x0000000607400000, 0x0000000607400000| Untracked 
|  14|0x0000000607800000, 0x0000000607800000, 0x0000000607c00000|  0%| F|  |TAMS 0x0000000607800000, 0x0000000607800000| Untracked 
|  15|0x0000000607c00000, 0x0000000607c00000, 0x0000000608000000|  0%| F|  |TAMS 0x0000000607c00000, 0x0000000607c00000| Untracked 
|  16|0x0000000608000000, 0x0000000608000000, 0x0000000608400000|  0%| F|  |TAMS 0x0000000608000000, 0x0000000608000000| Untracked 
|  17|0x0000000608400000, 0x0000000608400000, 0x0000000608800000|  0%| F|  |TAMS 0x0000000608400000, 0x0000000608400000| Untracked 
|  18|0x0000000608800000, 0x0000000608800000, 0x0000000608c00000|  0%| F|  |TAMS 0x0000000608800000, 0x0000000608800000| Untracked 
|  19|0x0000000608c00000, 0x0000000608c00000, 0x0000000609000000|  0%| F|  |TAMS 0x0000000608c00000, 0x0000000608c00000| Untracked 
|  20|0x0000000609000000, 0x0000000609000000, 0x0000000609400000|  0%| F|  |TAMS 0x0000000609000000, 0x0000000609000000| Untracked 
|  21|0x0000000609400000, 0x0000000609400000, 0x0000000609800000|  0%| F|  |TAMS 0x0000000609400000, 0x0000000609400000| Untracked 
|  22|0x0000000609800000, 0x0000000609800000, 0x0000000609c00000|  0%| F|  |TAMS 0x0000000609800000, 0x0000000609800000| Untracked 
|  23|0x0000000609c00000, 0x0000000609c00000, 0x000000060a000000|  0%| F|  |TAMS 0x0000000609c00000, 0x0000000609c00000| Untracked 
|  24|0x000000060a000000, 0x000000060a000000, 0x000000060a400000|  0%| F|  |TAMS 0x000000060a000000, 0x000000060a000000| Untracked 
|  25|0x000000060a400000, 0x000000060a400000, 0x000000060a800000|  0%| F|  |TAMS 0x000000060a400000, 0x000000060a400000| Untracked 
|  26|0x000000060a800000, 0x000000060a800000, 0x000000060ac00000|  0%| F|  |TAMS 0x000000060a800000, 0x000000060a800000| Untracked 
|  27|0x000000060ac00000, 0x000000060ac00000, 0x000000060b000000|  0%| F|  |TAMS 0x000000060ac00000, 0x000000060ac00000| Untracked 
|  28|0x000000060b000000, 0x000000060b000000, 0x000000060b400000|  0%| F|  |TAMS 0x000000060b000000, 0x000000060b000000| Untracked 
|  29|0x000000060b400000, 0x000000060b400000, 0x000000060b800000|  0%| F|  |TAMS 0x000000060b400000, 0x000000060b400000| Untracked 
|  30|0x000000060b800000, 0x000000060b800000, 0x000000060bc00000|  0%| F|  |TAMS 0x000000060b800000, 0x000000060b800000| Untracked 
|  31|0x000000060bc00000, 0x000000060bc00000, 0x000000060c000000|  0%| F|  |TAMS 0x000000060bc00000, 0x000000060bc00000| Untracked 
|  32|0x000000060c000000, 0x000000060c000000, 0x000000060c400000|  0%| F|  |TAMS 0x000000060c000000, 0x000000060c000000| Untracked 
|  33|0x000000060c400000, 0x000000060c400000, 0x000000060c800000|  0%| F|  |TAMS 0x000000060c400000, 0x000000060c400000| Untracked 
|  34|0x000000060c800000, 0x000000060c800000, 0x000000060cc00000|  0%| F|  |TAMS 0x000000060c800000, 0x000000060c800000| Untracked 
|  35|0x000000060cc00000, 0x000000060cc00000, 0x000000060d000000|  0%| F|  |TAMS 0x000000060cc00000, 0x000000060cc00000| Untracked 
|  36|0x000000060d000000, 0x000000060d000000, 0x000000060d400000|  0%| F|  |TAMS 0x000000060d000000, 0x000000060d000000| Untracked 
|  37|0x000000060d400000, 0x000000060d400000, 0x000000060d800000|  0%| F|  |TAMS 0x000000060d400000, 0x000000060d400000| Untracked 
|  38|0x000000060d800000, 0x000000060d800000, 0x000000060dc00000|  0%| F|  |TAMS 0x000000060d800000, 0x000000060d800000| Untracked 
|  39|0x000000060dc00000, 0x000000060dc00000, 0x000000060e000000|  0%| F|  |TAMS 0x000000060dc00000, 0x000000060dc00000| Untracked 
|  40|0x000000060e000000, 0x000000060e000000, 0x000000060e400000|  0%| F|  |TAMS 0x000000060e000000, 0x000000060e000000| Untracked 
|  41|0x000000060e400000, 0x000000060e400000, 0x000000060e800000|  0%| F|  |TAMS 0x000000060e400000, 0x000000060e400000| Untracked 
|  42|0x000000060e800000, 0x000000060e800000, 0x000000060ec00000|  0%| F|  |TAMS 0x000000060e800000, 0x000000060e800000| Untracked 
|  43|0x000000060ec00000, 0x000000060ec00000, 0x000000060f000000|  0%| F|  |TAMS 0x000000060ec00000, 0x000000060ec00000| Untracked 
|  44|0x000000060f000000, 0x000000060f000000, 0x000000060f400000|  0%| F|  |TAMS 0x000000060f000000, 0x000000060f000000| Untracked 
|  45|0x000000060f400000, 0x000000060f400000, 0x000000060f800000|  0%| F|  |TAMS 0x000000060f400000, 0x000000060f400000| Untracked 
|  46|0x000000060f800000, 0x000000060f800000, 0x000000060fc00000|  0%| F|  |TAMS 0x000000060f800000, 0x000000060f800000| Untracked 
|  47|0x000000060fc00000, 0x000000060fc00000, 0x0000000610000000|  0%| F|  |TAMS 0x000000060fc00000, 0x000000060fc00000| Untracked 
|  48|0x0000000610000000, 0x0000000610000000, 0x0000000610400000|  0%| F|  |TAMS 0x0000000610000000, 0x0000000610000000| Untracked 
|  49|0x0000000610400000, 0x0000000610400000, 0x0000000610800000|  0%| F|  |TAMS 0x0000000610400000, 0x0000000610400000| Untracked 
|  50|0x0000000610800000, 0x0000000610800000, 0x0000000610c00000|  0%| F|  |TAMS 0x0000000610800000, 0x0000000610800000| Untracked 
|  51|0x0000000610c00000, 0x0000000610c00000, 0x0000000611000000|  0%| F|  |TAMS 0x0000000610c00000, 0x0000000610c00000| Untracked 
|  52|0x0000000611000000, 0x0000000611000000, 0x0000000611400000|  0%| F|  |TAMS 0x0000000611000000, 0x0000000611000000| Untracked 
|  53|0x0000000611400000, 0x0000000611400000, 0x0000000611800000|  0%| F|  |TAMS 0x0000000611400000, 0x0000000611400000| Untracked 
|  54|0x0000000611800000, 0x0000000611800000, 0x0000000611c00000|  0%| F|  |TAMS 0x0000000611800000, 0x0000000611800000| Untracked 
|  55|0x0000000611c00000, 0x0000000611c00000, 0x0000000612000000|  0%| F|  |TAMS 0x0000000611c00000, 0x0000000611c00000| Untracked 
|  56|0x0000000612000000, 0x0000000612000000, 0x0000000612400000|  0%| F|  |TAMS 0x0000000612000000, 0x0000000612000000| Untracked 
|  57|0x0000000612400000, 0x0000000612400000, 0x0000000612800000|  0%| F|  |TAMS 0x0000000612400000, 0x0000000612400000| Untracked 
|  58|0x0000000612800000, 0x0000000612800000, 0x0000000612c00000|  0%| F|  |TAMS 0x0000000612800000, 0x0000000612800000| Untracked 
|  59|0x0000000612c00000, 0x0000000612c00000, 0x0000000613000000|  0%| F|  |TAMS 0x0000000612c00000, 0x0000000612c00000| Untracked 
|  60|0x0000000613000000, 0x0000000613000000, 0x0000000613400000|  0%| F|  |TAMS 0x0000000613000000, 0x0000000613000000| Untracked 
|  61|0x0000000613400000, 0x0000000613400000, 0x0000000613800000|  0%| F|  |TAMS 0x0000000613400000, 0x0000000613400000| Untracked 
|  62|0x0000000613800000, 0x0000000613800000, 0x0000000613c00000|  0%| F|  |TAMS 0x0000000613800000, 0x0000000613800000| Untracked 
|  63|0x0000000613c00000, 0x0000000613c00000, 0x0000000614000000|  0%| F|  |TAMS 0x0000000613c00000, 0x0000000613c00000| Untracked 
|  64|0x0000000614000000, 0x0000000614000000, 0x0000000614400000|  0%| F|  |TAMS 0x0000000614000000, 0x0000000614000000| Untracked 
|  65|0x0000000614400000, 0x0000000614400000, 0x0000000614800000|  0%| F|  |TAMS 0x0000000614400000, 0x0000000614400000| Untracked 
|  66|0x0000000614800000, 0x0000000614800000, 0x0000000614c00000|  0%| F|  |TAMS 0x0000000614800000, 0x0000000614800000| Untracked 
|  67|0x0000000614c00000, 0x0000000614c00000, 0x0000000615000000|  0%| F|  |TAMS 0x0000000614c00000, 0x0000000614c00000| Untracked 
|  68|0x0000000615000000, 0x0000000615000000, 0x0000000615400000|  0%| F|  |TAMS 0x0000000615000000, 0x0000000615000000| Untracked 
|  69|0x0000000615400000, 0x0000000615400000, 0x0000000615800000|  0%| F|  |TAMS 0x0000000615400000, 0x0000000615400000| Untracked 
|  70|0x0000000615800000, 0x0000000615800000, 0x0000000615c00000|  0%| F|  |TAMS 0x0000000615800000, 0x0000000615800000| Untracked 
|  71|0x0000000615c00000, 0x0000000615c00000, 0x0000000616000000|  0%| F|  |TAMS 0x0000000615c00000, 0x0000000615c00000| Untracked 
|  72|0x0000000616000000, 0x0000000616000000, 0x0000000616400000|  0%| F|  |TAMS 0x0000000616000000, 0x0000000616000000| Untracked 
|  73|0x0000000616400000, 0x0000000616400000, 0x0000000616800000|  0%| F|  |TAMS 0x0000000616400000, 0x0000000616400000| Untracked 
|  74|0x0000000616800000, 0x0000000616800000, 0x0000000616c00000|  0%| F|  |TAMS 0x0000000616800000, 0x0000000616800000| Untracked 
|  75|0x0000000616c00000, 0x0000000616c00000, 0x0000000617000000|  0%| F|  |TAMS 0x0000000616c00000, 0x0000000616c00000| Untracked 
|  76|0x0000000617000000, 0x0000000617000000, 0x0000000617400000|  0%| F|  |TAMS 0x0000000617000000, 0x0000000617000000| Untracked 
|  77|0x0000000617400000, 0x0000000617400000, 0x0000000617800000|  0%| F|  |TAMS 0x0000000617400000, 0x0000000617400000| Untracked 
|  78|0x0000000617800000, 0x0000000617800000, 0x0000000617c00000|  0%| F|  |TAMS 0x0000000617800000, 0x0000000617800000| Untracked 
|  79|0x0000000617c00000, 0x0000000617c00000, 0x0000000618000000|  0%| F|  |TAMS 0x0000000617c00000, 0x0000000617c00000| Untracked 
|  80|0x0000000618000000, 0x0000000618000000, 0x0000000618400000|  0%| F|  |TAMS 0x0000000618000000, 0x0000000618000000| Untracked 
|  81|0x0000000618400000, 0x0000000618400000, 0x0000000618800000|  0%| F|  |TAMS 0x0000000618400000, 0x0000000618400000| Untracked 
|  82|0x0000000618800000, 0x0000000618800000, 0x0000000618c00000|  0%| F|  |TAMS 0x0000000618800000, 0x0000000618800000| Untracked 
|  83|0x0000000618c00000, 0x0000000618c00000, 0x0000000619000000|  0%| F|  |TAMS 0x0000000618c00000, 0x0000000618c00000| Untracked 
|  84|0x0000000619000000, 0x0000000619000000, 0x0000000619400000|  0%| F|  |TAMS 0x0000000619000000, 0x0000000619000000| Untracked 
|  85|0x0000000619400000, 0x0000000619400000, 0x0000000619800000|  0%| F|  |TAMS 0x0000000619400000, 0x0000000619400000| Untracked 
|  86|0x0000000619800000, 0x0000000619800000, 0x0000000619c00000|  0%| F|  |TAMS 0x0000000619800000, 0x0000000619800000| Untracked 
|  87|0x0000000619c00000, 0x0000000619c00000, 0x000000061a000000|  0%| F|  |TAMS 0x0000000619c00000, 0x0000000619c00000| Untracked 
|  88|0x000000061a000000, 0x000000061a000000, 0x000000061a400000|  0%| F|  |TAMS 0x000000061a000000, 0x000000061a000000| Untracked 
|  89|0x000000061a400000, 0x000000061a400000, 0x000000061a800000|  0%| F|  |TAMS 0x000000061a400000, 0x000000061a400000| Untracked 
|  90|0x000000061a800000, 0x000000061a800000, 0x000000061ac00000|  0%| F|  |TAMS 0x000000061a800000, 0x000000061a800000| Untracked 
|  91|0x000000061ac00000, 0x000000061ac00000, 0x000000061b000000|  0%| F|  |TAMS 0x000000061ac00000, 0x000000061ac00000| Untracked 
|  92|0x000000061b000000, 0x000000061b000000, 0x000000061b400000|  0%| F|  |TAMS 0x000000061b000000, 0x000000061b000000| Untracked 
|  93|0x000000061b400000, 0x000000061b400000, 0x000000061b800000|  0%| F|  |TAMS 0x000000061b400000, 0x000000061b400000| Untracked 
|  94|0x000000061b800000, 0x000000061b800000, 0x000000061bc00000|  0%| F|  |TAMS 0x000000061b800000, 0x000000061b800000| Untracked 
|  95|0x000000061bc00000, 0x000000061bc00000, 0x000000061c000000|  0%| F|  |TAMS 0x000000061bc00000, 0x000000061bc00000| Untracked 
|  96|0x000000061c000000, 0x000000061c000000, 0x000000061c400000|  0%| F|  |TAMS 0x000000061c000000, 0x000000061c000000| Untracked 
|  97|0x000000061c400000, 0x000000061c400000, 0x000000061c800000|  0%| F|  |TAMS 0x000000061c400000, 0x000000061c400000| Untracked 
|  98|0x000000061c800000, 0x000000061c800000, 0x000000061cc00000|  0%| F|  |TAMS 0x000000061c800000, 0x000000061c800000| Untracked 
|  99|0x000000061cc00000, 0x000000061cc00000, 0x000000061d000000|  0%| F|  |TAMS 0x000000061cc00000, 0x000000061cc00000| Untracked 
| 100|0x000000061d000000, 0x000000061d000000, 0x000000061d400000|  0%| F|  |TAMS 0x000000061d000000, 0x000000061d000000| Untracked 
| 101|0x000000061d400000, 0x000000061d400000, 0x000000061d800000|  0%| F|  |TAMS 0x000000061d400000, 0x000000061d400000| Untracked 
| 102|0x000000061d800000, 0x000000061d800000, 0x000000061dc00000|  0%| F|  |TAMS 0x000000061d800000, 0x000000061d800000| Untracked 
| 103|0x000000061dc00000, 0x000000061dc00000, 0x000000061e000000|  0%| F|  |TAMS 0x000000061dc00000, 0x000000061dc00000| Untracked 
| 104|0x000000061e000000, 0x000000061e000000, 0x000000061e400000|  0%| F|  |TAMS 0x000000061e000000, 0x000000061e000000| Untracked 
| 105|0x000000061e400000, 0x000000061e400000, 0x000000061e800000|  0%| F|  |TAMS 0x000000061e400000, 0x000000061e400000| Untracked 
| 106|0x000000061e800000, 0x000000061e800000, 0x000000061ec00000|  0%| F|  |TAMS 0x000000061e800000, 0x000000061e800000| Untracked 
| 107|0x000000061ec00000, 0x000000061ec00000, 0x000000061f000000|  0%| F|  |TAMS 0x000000061ec00000, 0x000000061ec00000| Untracked 
| 108|0x000000061f000000, 0x000000061f000000, 0x000000061f400000|  0%| F|  |TAMS 0x000000061f000000, 0x000000061f000000| Untracked 
| 109|0x000000061f400000, 0x000000061f400000, 0x000000061f800000|  0%| F|  |TAMS 0x000000061f400000, 0x000000061f400000| Untracked 
| 110|0x000000061f800000, 0x000000061f800000, 0x000000061fc00000|  0%| F|  |TAMS 0x000000061f800000, 0x000000061f800000| Untracked 
| 111|0x000000061fc00000, 0x000000061fc00000, 0x0000000620000000|  0%| F|  |TAMS 0x000000061fc00000, 0x000000061fc00000| Untracked 
| 112|0x0000000620000000, 0x0000000620000000, 0x0000000620400000|  0%| F|  |TAMS 0x0000000620000000, 0x0000000620000000| Untracked 
| 113|0x0000000620400000, 0x0000000620400000, 0x0000000620800000|  0%| F|  |TAMS 0x0000000620400000, 0x0000000620400000| Untracked 
| 114|0x0000000620800000, 0x0000000620800000, 0x0000000620c00000|  0%| F|  |TAMS 0x0000000620800000, 0x0000000620800000| Untracked 
| 115|0x0000000620c00000, 0x0000000620c00000, 0x0000000621000000|  0%| F|  |TAMS 0x0000000620c00000, 0x0000000620c00000| Untracked 
| 116|0x0000000621000000, 0x0000000621000000, 0x0000000621400000|  0%| F|  |TAMS 0x0000000621000000, 0x0000000621000000| Untracked 
| 117|0x0000000621400000, 0x0000000621400000, 0x0000000621800000|  0%| F|  |TAMS 0x0000000621400000, 0x0000000621400000| Untracked 
| 118|0x0000000621800000, 0x0000000621800000, 0x0000000621c00000|  0%| F|  |TAMS 0x0000000621800000, 0x0000000621800000| Untracked 
| 119|0x0000000621c00000, 0x0000000621c00000, 0x0000000622000000|  0%| F|  |TAMS 0x0000000621c00000, 0x0000000621c00000| Untracked 
| 120|0x0000000622000000, 0x0000000622000000, 0x0000000622400000|  0%| F|  |TAMS 0x0000000622000000, 0x0000000622000000| Untracked 
| 121|0x0000000622400000, 0x0000000622400000, 0x0000000622800000|  0%| F|  |TAMS 0x0000000622400000, 0x0000000622400000| Untracked 
| 122|0x0000000622800000, 0x0000000622800000, 0x0000000622c00000|  0%| F|  |TAMS 0x0000000622800000, 0x0000000622800000| Untracked 
| 123|0x0000000622c00000, 0x0000000622c00000, 0x0000000623000000|  0%| F|  |TAMS 0x0000000622c00000, 0x0000000622c00000| Untracked 
| 124|0x0000000623000000, 0x00000006232ea380, 0x0000000623400000| 72%| E|  |TAMS 0x0000000623000000, 0x0000000623000000| Complete 
| 125|0x0000000623400000, 0x0000000623800000, 0x0000000623800000|100%| E|CS|TAMS 0x0000000623400000, 0x0000000623400000| Complete 
| 126|0x0000000623800000, 0x0000000623c00000, 0x0000000623c00000|100%| E|CS|TAMS 0x0000000623800000, 0x0000000623800000| Complete 

Card table byte_map: [0x0000023f1c980000,0x0000023f1d960000] _byte_map_base: 0x0000023f19960000

Marking Bits (Prev, Next): (CMBitMap*) 0x0000023f04197ff0, (CMBitMap*) 0x0000023f04198030
 Prev Bits: [0x0000023f1e940000, 0x0000023f26840000)
 Next Bits: [0x0000023f26840000, 0x0000023f2e740000)

Polling page: 0x0000023f02590000

Metaspace:

Usage:
  Non-class:      2.13 MB used.
      Class:    205.35 KB used.
       Both:      2.33 MB used.

Virtual space:
  Non-class space:        8.00 MB reserved,       2.19 MB ( 27%) committed,  1 nodes.
      Class space:        1.00 GB reserved,     256.00 KB ( <1%) committed,  1 nodes.
             Both:        1.01 GB reserved,       2.44 MB ( <1%) committed. 

Chunk freelists:
   Non-Class:  3.77 MB
       Class:  3.70 MB
        Both:  7.47 MB

MaxMetaspaceSize: unlimited
CompressedClassSpaceSize: 1.00 GB
Initial GC threshold: 21.00 MB
Current GC threshold: 21.00 MB
CDS: on
MetaspaceReclaimPolicy: balanced
 - commit_granule_bytes: 65536.
 - commit_granule_words: 8192.
 - virtual_space_node_default_size: 1048576.
 - enlarge_chunks_in_place: 1.
 - new_chunks_are_fully_committed: 0.
 - uncommit_free_chunks: 1.
 - use_allocation_guard: 0.
 - handle_deallocations: 1.


Internal statistics:

num_allocs_failed_limit: 0.
num_arena_births: 18.
num_arena_deaths: 0.
num_vsnodes_births: 2.
num_vsnodes_deaths: 0.
num_space_committed: 39.
num_space_uncommitted: 0.
num_chunks_returned_to_freelist: 0.
num_chunks_taken_from_freelist: 38.
num_chunk_merges: 0.
num_chunk_splits: 21.
num_chunks_enlarged: 13.
num_purges: 0.
num_inconsistent_stats: 0.

CodeHeap 'non-profiled nmethods': size=120000Kb used=188Kb max_used=188Kb free=119811Kb
 bounds [0x0000023f137e0000, 0x0000023f13a50000, 0x0000023f1ad10000]
CodeHeap 'profiled nmethods': size=120000Kb used=996Kb max_used=996Kb free=119003Kb
 bounds [0x0000023f0c2b0000, 0x0000023f0c520000, 0x0000023f137e0000]
CodeHeap 'non-nmethods': size=5760Kb used=1136Kb max_used=1162Kb free=4624Kb
 bounds [0x0000023f0bd10000, 0x0000023f0bf80000, 0x0000023f0c2b0000]
 total_blobs=984 nmethods=564 adapters=333
 compilation: enabled
              stopped_count=0, restarted_count=0
 full_count=0

Compilation events (20 events):
Event: 0.176 Thread 0x0000023f2e9c7560  558       1       java.lang.reflect.Method::getName (5 bytes)
Event: 0.176 Thread 0x0000023f2e9c7560 nmethod 558 0x0000023f1380ba10 code [0x0000023f1380bba0, 0x0000023f1380bc78]
Event: 0.176 Thread 0x0000023f2e9c7560  561       3       java.lang.String::toString (2 bytes)
Event: 0.176 Thread 0x0000023f2e9c7560 nmethod 561 0x0000023f0c398a10 code [0x0000023f0c398ba0, 0x0000023f0c398cb8]
Event: 0.176 Thread 0x0000023f2e9c7560  559       3       java.lang.String::toLowerCase (8 bytes)
Event: 0.177 Thread 0x0000023f2e9c7560 nmethod 559 0x0000023f0c398d90 code [0x0000023f0c398f60, 0x0000023f0c3992f8]
Event: 0.177 Thread 0x0000023f2e9c7560  560       3       java.util.Locale::getDefault (4 bytes)
Event: 0.177 Thread 0x0000023f2e9c7560 nmethod 560 0x0000023f0c399410 code [0x0000023f0c3995a0, 0x0000023f0c399698]
Event: 0.177 Thread 0x0000023f2e9c7560  563       3       sun.net.www.protocol.file.Handler::parseURL (18 bytes)
Event: 0.177 Thread 0x0000023f2e9c7560 nmethod 563 0x0000023f0c399710 code [0x0000023f0c3998c0, 0x0000023f0c399a78]
Event: 0.177 Thread 0x0000023f2e9c7560  564       3       java.net.URLStreamHandler::parseURL (1201 bytes)
Event: 0.177 Thread 0x0000023f2e9b31f0 nmethod 551 0x0000023f1380c190 code [0x0000023f1380c340, 0x0000023f1380c9e8]
Event: 0.177 Thread 0x0000023f2e9b31f0  553       4       java.lang.StringLatin1::inflate (34 bytes)
Event: 0.178 Thread 0x0000023f3163a720 nmethod 546 0x0000023f1380cd90 code [0x0000023f1380cf40, 0x0000023f1380d488]
Event: 0.178 Thread 0x0000023f3163a720  554 %     4       java.lang.StringLatin1::indexOf @ 30 (121 bytes)
Event: 0.180 Thread 0x0000023f2e9b31f0 nmethod 553 0x0000023f1380d790 code [0x0000023f1380d900, 0x0000023f1380dc18]
Event: 0.180 Thread 0x0000023f2e9b31f0  552       4       java.lang.StringBuilder::append (8 bytes)
Event: 0.180 Thread 0x0000023f3163a720 nmethod 554% 0x0000023f1380dd10 code [0x0000023f1380dea0, 0x0000023f1380e218]
Event: 0.183 Thread 0x0000023f2e9c7560 nmethod 564 0x0000023f0c399b90 code [0x0000023f0c39acc0, 0x0000023f0c3a5388]
Event: 0.183 Thread 0x0000023f2e9b31f0 nmethod 552 0x0000023f1380e490 code [0x0000023f1380e640, 0x0000023f1380ecc8]

GC Heap History (0 events):
No events

Deoptimization events (20 events):
Event: 0.069 Thread 0x0000023f0412c540 Uncommon trap: trap_request=0xffffff45 fr.pc=0x0000023f137eec88 relative=0x0000000000000828
Event: 0.069 Thread 0x0000023f0412c540 Uncommon trap: reason=unstable_if action=reinterpret pc=0x0000023f137eec88 method=java.util.HashMap.putVal(ILjava/lang/Object;Ljava/lang/Object;ZZ)Ljava/lang/Object; @ 181 c2
Event: 0.069 Thread 0x0000023f0412c540 DEOPT PACKING pc=0x0000023f137eec88 sp=0x0000009a4a8fe8c0
Event: 0.069 Thread 0x0000023f0412c540 DEOPT UNPACKING pc=0x0000023f0bd623a3 sp=0x0000009a4a8fe860 mode 2
Event: 0.081 Thread 0x0000023f0412c540 Uncommon trap: trap_request=0xffffff45 fr.pc=0x0000023f137f3894 relative=0x0000000000000174
Event: 0.081 Thread 0x0000023f0412c540 Uncommon trap: reason=unstable_if action=reinterpret pc=0x0000023f137f3894 method=java.util.zip.ZipFile$Source.isMetaName([BII)Z @ 43 c2
Event: 0.081 Thread 0x0000023f0412c540 DEOPT PACKING pc=0x0000023f137f3894 sp=0x0000009a4a8fe010
Event: 0.081 Thread 0x0000023f0412c540 DEOPT UNPACKING pc=0x0000023f0bd623a3 sp=0x0000009a4a8fdfb8 mode 2
Event: 0.103 Thread 0x0000023f0412c540 Uncommon trap: trap_request=0xffffff45 fr.pc=0x0000023f137fb698 relative=0x0000000000000178
Event: 0.103 Thread 0x0000023f0412c540 Uncommon trap: reason=unstable_if action=reinterpret pc=0x0000023f137fb698 method=java.util.zip.ZipFile$Source.isMetaName([BII)Z @ 57 c2
Event: 0.103 Thread 0x0000023f0412c540 DEOPT PACKING pc=0x0000023f137fb698 sp=0x0000009a4a8fdff0
Event: 0.103 Thread 0x0000023f0412c540 DEOPT UNPACKING pc=0x0000023f0bd623a3 sp=0x0000009a4a8fdf98 mode 2
Event: 0.115 Thread 0x0000023f0412c540 Uncommon trap: trap_request=0xffffff45 fr.pc=0x0000023f137f2664 relative=0x0000000000000064
Event: 0.115 Thread 0x0000023f0412c540 Uncommon trap: reason=unstable_if action=reinterpret pc=0x0000023f137f2664 method=java.io.WinNTFileSystem.isSlash(C)Z @ 9 c2
Event: 0.115 Thread 0x0000023f0412c540 DEOPT PACKING pc=0x0000023f137f2664 sp=0x0000009a4a8fd470
Event: 0.115 Thread 0x0000023f0412c540 DEOPT UNPACKING pc=0x0000023f0bd623a3 sp=0x0000009a4a8fd3f8 mode 2
Event: 0.151 Thread 0x0000023f0412c540 DEOPT PACKING pc=0x0000023f0c2ef256 sp=0x0000009a4a8fc540
Event: 0.151 Thread 0x0000023f0412c540 DEOPT UNPACKING pc=0x0000023f0bd62b43 sp=0x0000009a4a8fb9e0 mode 0
Event: 0.175 Thread 0x0000023f0412c540 DEOPT PACKING pc=0x0000023f0c2be83e sp=0x0000009a4a8fa950
Event: 0.175 Thread 0x0000023f0412c540 DEOPT UNPACKING pc=0x0000023f0bd62b43 sp=0x0000009a4a8f9dc8 mode 0

Classes unloaded (0 events):
No events

Classes redefined (0 events):
No events

Internal exceptions (4 events):
Event: 0.107 Thread 0x0000023f326676e0 Exception <a 'java/lang/NoSuchMethodError'{0x0000000623088038}: 'java.lang.Object java.lang.invoke.DirectMethodHandle$Holder.invokeStaticInit(java.lang.Object)'> (0x0000000623088038) 
thrown [s\open\src\hotspot\share\interpreter\linkResolver.cpp, line 759]
Event: 0.110 Thread 0x0000023f326676e0 Exception <a 'java/lang/NoSuchMethodError'{0x0000000623095f28}: 'void java.lang.invoke.DirectMethodHandle$Holder.invokeStatic(java.lang.Object, java.lang.Object)'> (0x0000000623095f28) 
thrown [s\open\src\hotspot\share\interpreter\linkResolver.cpp, line 759]
Event: 0.122 Thread 0x0000023f0412c540 Exception <a 'java/lang/NoSuchMethodError'{0x000000062314bf78}: 'java.lang.Object java.lang.invoke.DirectMethodHandle$Holder.invokeStaticInit(java.lang.Object, int, int, int, int)'> (0x000000062314bf78) 
thrown [s\open\src\hotspot\share\interpreter\linkResolver.cpp, line 759]
Event: 0.154 Thread 0x0000023f0412c540 Exception <a 'java/lang/NoSuchMethodError'{0x00000006231f1e80}: 'java.lang.Object java.lang.invoke.DirectMethodHandle$Holder.invokeStaticInit(java.lang.Object, java.lang.Object, int, int, int, int)'> (0x00000006231f1e80) 
thrown [s\open\src\hotspot\share\interpreter\linkResolver.cpp, line 759]

VM Operations (8 events):
Event: 0.054 Executing VM operation: HandshakeAllThreads
Event: 0.054 Executing VM operation: HandshakeAllThreads done
Event: 0.107 Executing VM operation: HandshakeAllThreads
Event: 0.107 Executing VM operation: HandshakeAllThreads done
Event: 0.115 Executing VM operation: HandshakeAllThreads
Event: 0.115 Executing VM operation: HandshakeAllThreads done
Event: 0.166 Executing VM operation: HandshakeAllThreads
Event: 0.166 Executing VM operation: HandshakeAllThreads done

Events (20 events):
Event: 0.171 loading class java/util/LinkedHashMap$LinkedValueIterator
Event: 0.171 loading class java/util/LinkedHashMap$LinkedValueIterator done
Event: 0.171 loading class java/lang/reflect/ProxyGenerator
Event: 0.172 loading class java/lang/reflect/ProxyGenerator done
Event: 0.172 loading class java/lang/reflect/ProxyGenerator$ProxyMethod
Event: 0.172 loading class java/lang/reflect/ProxyGenerator$ProxyMethod done
Event: 0.172 loading class java/lang/reflect/ProxyGenerator$PrimitiveTypeInfo
Event: 0.172 loading class java/lang/reflect/ProxyGenerator$PrimitiveTypeInfo done
Event: 0.172 loading class jdk/internal/org/objectweb/asm/Edge
Event: 0.172 loading class jdk/internal/org/objectweb/asm/Edge done
Event: 0.173 loading class java/lang/reflect/UndeclaredThrowableException
Event: 0.173 loading class java/lang/reflect/UndeclaredThrowableException done
Event: 0.173 loading class java/lang/reflect/Proxy$ProxyBuilder$1
Event: 0.173 loading class java/lang/reflect/Proxy$ProxyBuilder$1 done
Event: 0.175 loading class java/lang/SecurityException
Event: 0.175 loading class java/lang/SecurityException done
Event: 0.176 loading class java/lang/reflect/TypeVariable
Event: 0.176 loading class java/lang/reflect/TypeVariable done
Event: 0.176 loading class java/lang/reflect/AnnotatedType
Event: 0.176 loading class java/lang/reflect/AnnotatedType done


Dynamic libraries:
0x00007ff6e3d00000 - 0x00007ff6e3d10000 	E:\jdk-17.05\bin\java.exe
0x00007ffc12b30000 - 0x00007ffc12d25000 	C:\Windows\SYSTEM32\ntdll.dll
0x00007ffc10dc0000 - 0x00007ffc10e7e000 	C:\Windows\System32\KERNEL32.DLL
0x00007ffc10020000 - 0x00007ffc102e8000 	C:\Windows\System32\KERNELBASE.dll
0x00007ffc10300000 - 0x00007ffc10400000 	C:\Windows\System32\ucrtbase.dll
0x00007ffbfa510000 - 0x00007ffbfa528000 	E:\jdk-17.05\bin\jli.dll
0x00007ffc11e70000 - 0x00007ffc11f1c000 	C:\Windows\System32\ADVAPI32.dll
0x00007ffbf8d90000 - 0x00007ffbf8daa000 	E:\jdk-17.05\bin\VCRUNTIME140.dll
0x00007ffc10b00000 - 0x00007ffc10b9e000 	C:\Windows\System32\msvcrt.dll
0x00007ffc10e80000 - 0x00007ffc10f1b000 	C:\Windows\System32\sechost.dll
0x00007ffc121c0000 - 0x00007ffc122ea000 	C:\Windows\System32\RPCRT4.dll
0x00007ffc10ba0000 - 0x00007ffc10d41000 	C:\Windows\System32\USER32.dll
0x00007ffc0fed0000 - 0x00007ffc0fef2000 	C:\Windows\System32\win32u.dll
0x00007ffc12180000 - 0x00007ffc121ab000 	C:\Windows\System32\GDI32.dll
0x00007ffc10400000 - 0x00007ffc1050d000 	C:\Windows\System32\gdi32full.dll
0x00007ffbfa250000 - 0x00007ffbfa4ea000 	C:\Windows\WinSxS\amd64_microsoft.windows.common-controls_6595b64144ccf1df_6.0.19041.1110_none_60b5254171f9507e\COMCTL32.dll
0x00007ffc10810000 - 0x00007ffc108ad000 	C:\Windows\System32\msvcp_win.dll
0x00007ffc0fa30000 - 0x00007ffc0fa3a000 	C:\Windows\SYSTEM32\VERSION.dll
0x00007ffc11f20000 - 0x00007ffc11f50000 	C:\Windows\System32\IMM32.DLL
0x0000000062ec0000 - 0x0000000062ecd000 	C:\Program Files (x86)\360\360Safe\safemon\SafeWrapper.dll
0x00007ffbfda90000 - 0x00007ffbfdb93000 	C:\Program Files (x86)\360\360Safe\safemon\libzdtp64.dll
0x00007ffc122f0000 - 0x00007ffc12a34000 	C:\Windows\System32\SHELL32.dll
0x00007ffc10d50000 - 0x00007ffc10da5000 	C:\Windows\System32\SHLWAPI.dll
0x00007ffbfc610000 - 0x00007ffbfc61c000 	E:\jdk-17.05\bin\vcruntime140_1.dll
0x00007ffbd9090000 - 0x00007ffbd911d000 	E:\jdk-17.05\bin\msvcp140.dll
0x00007ffba28b0000 - 0x00007ffba3472000 	E:\jdk-17.05\bin\server\jvm.dll
0x00007ffc109b0000 - 0x00007ffc109b8000 	C:\Windows\System32\PSAPI.DLL
0x00007ffbfd400000 - 0x00007ffbfd409000 	C:\Windows\SYSTEM32\WSOCK32.dll
0x00007ffc10a90000 - 0x00007ffc10afb000 	C:\Windows\System32\WS2_32.dll
0x00007ffbfd3a0000 - 0x00007ffbfd3c7000 	C:\Windows\SYSTEM32\WINMM.dll
0x00007ffc0ffb0000 - 0x00007ffc0ffc2000 	C:\Windows\System32\kernel.appcore.dll
0x00007ffbfc5f0000 - 0x00007ffbfc5fa000 	E:\jdk-17.05\bin\jimage.dll
0x00007ffc0d960000 - 0x00007ffc0db44000 	C:\Windows\SYSTEM32\DBGHELP.DLL
0x00007ffbfbdc0000 - 0x00007ffbfbdec000 	C:\Windows\SYSTEM32\dbgcore.DLL
0x00007ffc105c0000 - 0x00007ffc10642000 	C:\Windows\System32\bcryptPrimitives.dll
0x00007ffbf8d80000 - 0x00007ffbf8d8e000 	E:\jdk-17.05\bin\instrument.dll
0x00007ffbf8100000 - 0x00007ffbf8125000 	E:\jdk-17.05\bin\java.dll
0x00007ffbd8ee0000 - 0x00007ffbd8fb6000 	E:\jdk-17.05\bin\jsvml.dll
0x00007ffc0e0c0000 - 0x00007ffc0e854000 	C:\Windows\SYSTEM32\windows.storage.dll
0x00007ffc115c0000 - 0x00007ffc11915000 	C:\Windows\System32\combase.dll
0x00007ffc0f830000 - 0x00007ffc0f85e000 	C:\Windows\SYSTEM32\Wldp.dll
0x00007ffc11fd0000 - 0x00007ffc1207d000 	C:\Windows\System32\SHCORE.dll
0x00007ffc0fe10000 - 0x00007ffc0fe2f000 	C:\Windows\SYSTEM32\profapi.dll
0x00007ffbf8070000 - 0x00007ffbf8088000 	E:\jdk-17.05\bin\zip.dll
0x00007ffbf80b0000 - 0x00007ffbf80c9000 	E:\jdk-17.05\bin\net.dll
0x00007ffc0c210000 - 0x00007ffc0c31c000 	C:\Windows\SYSTEM32\WINHTTP.dll
0x00007ffc0f590000 - 0x00007ffc0f5fa000 	C:\Windows\system32\mswsock.dll
0x00007ffbf8090000 - 0x00007ffbf80a6000 	E:\jdk-17.05\bin\nio.dll
0x00007ffbf8050000 - 0x00007ffbf806a000 	D:\IntelliJ IDEA 2022.3\bin\breakgen64.dll
0x00007ffbf8ed0000 - 0x00007ffbf8ee0000 	E:\jdk-17.05\bin\verify.dll
0x00007ffc0f780000 - 0x00007ffc0f798000 	C:\Windows\SYSTEM32\CRYPTSP.dll
0x00007ffc0ef10000 - 0x00007ffc0ef44000 	C:\Windows\system32\rsaenh.dll
0x00007ffc10680000 - 0x00007ffc106a7000 	C:\Windows\System32\bcrypt.dll
0x00007ffc0fdd0000 - 0x00007ffc0fdfe000 	C:\Windows\SYSTEM32\USERENV.dll
0x00007ffc0f7a0000 - 0x00007ffc0f7ac000 	C:\Windows\SYSTEM32\CRYPTBASE.dll
0x00007ffc0f280000 - 0x00007ffc0f2bb000 	C:\Windows\SYSTEM32\IPHLPAPI.DLL
0x00007ffc10db0000 - 0x00007ffc10db8000 	C:\Windows\System32\NSI.dll
0x00007ffc0a770000 - 0x00007ffc0a787000 	C:\Windows\SYSTEM32\dhcpcsvc6.DLL
0x00007ffc0a750000 - 0x00007ffc0a76d000 	C:\Windows\SYSTEM32\dhcpcsvc.DLL
0x00007ffc0f2c0000 - 0x00007ffc0f38b000 	C:\Windows\SYSTEM32\DNSAPI.dll
0x0000000180000000 - 0x0000000180031000 	C:\Users\Administrator\AppData\Local\Temp\jna145503316563551115.tmp
0x00007ffbb8bb0000 - 0x00007ffbb8d12000 	D:\Documents\WeChat Files\wxid_chyxeiwg3hv922\FileStorage\File\2024-08\bin\dll64.dll

dbghelp: loaded successfully - version: 4.0.5 - missing functions: none
symbol engine: initialized successfully - sym options: 0x614 - pdb path: .;E:\jdk-17.05\bin;C:\Windows\SYSTEM32;C:\Windows\WinSxS\amd64_microsoft.windows.common-controls_6595b64144ccf1df_6.0.19041.1110_none_60b5254171f9507e;C:\Program Files (x86)\360\360Safe\safemon;E:\jdk-17.05\bin\server;D:\IntelliJ IDEA 2022.3\bin;C:\Users\Administrator\AppData\Local\Temp;D:\Documents\WeChat Files\wxid_chyxeiwg3hv922\FileStorage\File\2024-08\bin

VM Arguments:
jvm_args: -javaagent:D:\IntelliJ IDEA 2022.3\lib\idea_rt.jar=59281:D:\IntelliJ IDEA 2022.3\bin -Dfile.encoding=UTF-8 
java_command: com.yt.server.Test
java_class_path (initial): E:\aaa\spring-native-ytserver-gradle-high\out\production\classes;E:\aaa\spring-native-ytserver-gradle-high\out\production\resources;E:\aaa\spring-native-ytserver-gradle-high\out\aot\classes;E:\aaa\spring-native-ytserver-gradle-high\out\aot\resources;D:\gradle\caches\modules-2\files-2.1\org.springframework.boot\spring-boot-starter-web\3.0.2\3f6a2cb4cb11bac3611f5a95e234589eb190dd29\spring-boot-starter-web-3.0.2.jar;D:\gradle\caches\modules-2\files-2.1\org.mybatis.spring.boot\mybatis-spring-boot-starter\3.0.1\24dc6d5ea60fe36c0310681c16a25e9c7d9c45ce\mybatis-spring-boot-starter-3.0.1.jar;D:\gradle\caches\modules-2\files-2.1\ch.qos.logback\logback-classic\1.4.5\28e7dc0b208d6c3f15beefd73976e064b4ecfa9b\logback-classic-1.4.5.jar;D:\gradle\caches\modules-2\files-2.1\org.javassist\javassist\3.29.2-GA\6c32028609e5dd4a1b78e10fbcd122b09b3928b1\javassist-3.29.2-GA.jar;D:\gradle\caches\modules-2\files-2.1\com.github.pagehelper\pagehelper\5.3.2\a6b2439ba65b849dda324268fa121fe3584dad59\pagehelper-5.3.2.jar;D:\gradle\caches\modules-2\files-2.1\com.github.ggalmazor\lt_downsampling_java8\0.0.7\2e4eb07d59e717664c128edad0b443aa8abe4365\lt_downsampling_java8-0.0.7.jar;D:\gradle\caches\modules-2\files-2.1\com.fasterxml.jackson.core\jackson-databind\2.14.1\268524b9056cae1211b9f1f52560ef19347f4d17\jackson-databind-2.14.1.jar;D:\gradle\caches\modules-2\files-2.1\com.zaxxer\HikariCP\5.0.1\a74c7f0a37046846e88d54f7cb6ea6d565c65f9c\HikariCP-5.0.1.jar;D:\gradle\caches\modules-2\files-2.1\commons-io\commons-io\2.11.0\a2503f302b11ebde7ebc3df41daebe0e4eea3689\commons-io-2.11.0.jar;D:\gradle\caches\modules-2\files-2.1\commons-codec\commons-codec\1.15\49d94806b6e3dc933dacbd8acb0fdbab8ebd1e5d\commons-codec-1.15.jar;D:\gradle\caches\modules-2\files-2.1\org.apache.commons\commons-lang3\3.12.0\c6842c86792ff03b9f1d1fe2aab8dc23aa6c6f0e\commons-lang3-3.12.0.jar;D:\gradle\caches\modules-2\files-2.1\com.google.code.gson\gson\2.9.1\2cc2131b98ebfb04e2b2c7dfb84431f4045096b\gson-2.9.1.
Launcher Type: SUN_STANDARD

[Global flags]
     intx CICompilerCount                          = 4                                         {product} {ergonomic}
     uint ConcGCThreads                            = 3                                         {product} {ergonomic}
     uint G1ConcRefinementThreads                  = 10                                        {product} {ergonomic}
   size_t G1HeapRegionSize                         = 4194304                                   {product} {ergonomic}
    uintx GCDrainStackTargetSize                   = 64                                        {product} {ergonomic}
   size_t InitialHeapSize                          = 532676608                                 {product} {ergonomic}
   size_t MarkStackSize                            = 4194304                                   {product} {ergonomic}
   size_t MaxHeapSize                              = 8522825728                                {product} {ergonomic}
   size_t MaxNewSize                               = 5112856576                                {product} {ergonomic}
   size_t MinHeapDeltaBytes                        = 4194304                                   {product} {ergonomic}
   size_t MinHeapSize                              = 8388608                                   {product} {ergonomic}
    uintx NonNMethodCodeHeapSize                   = 5839372                                {pd product} {ergonomic}
    uintx NonProfiledCodeHeapSize                  = 122909434                              {pd product} {ergonomic}
    uintx ProfiledCodeHeapSize                     = 122909434                              {pd product} {ergonomic}
    uintx ReservedCodeCacheSize                    = 251658240                              {pd product} {ergonomic}
     bool SegmentedCodeCache                       = true                                      {product} {ergonomic}
   size_t SoftMaxHeapSize                          = 8522825728                             {manageable} {ergonomic}
     bool UseCompressedClassPointers               = true                           {product lp64_product} {ergonomic}
     bool UseCompressedOops                        = true                           {product lp64_product} {ergonomic}
     bool UseG1GC                                  = true                                      {product} {ergonomic}
     bool UseLargePagesIndividualAllocation        = false                                  {pd product} {ergonomic}

Logging:
Log output configuration:
 #0: stdout all=warning uptime,level,tags
 #1: stderr all=off uptime,level,tags

Environment Variables:
JAVA_HOME=E:\jdk11\bin333
PATH=D:\vmware\bin\;C:\Windows\system32;C:\Windows;C:\Windows\System32\Wbem;C:\Windows\System32\WindowsPowerShell\v1.0\;C:\Windows\System32\OpenSSH\;C:\Program Files (x86)\Microsoft Visual Studio\2022\BuildTools\VC\Tools\MSVC\14.29.30133\bin\HostX64\x64;F:\xshell6\;G:\VMware Workstation\bin\;C:\Windows\system32;C:\Windows;C:\Windows\System32\Wbem;C:\Windows\System32\WindowsPowerShell\v1.0\;C:\Windows\System32\OpenSSH\;C:\Program Files (x86)\NVIDIA Corporation\PhysX\Common;C:\Program Files\NVIDIA Corporation\NVIDIA NvDLISR;E:\Git\cmd;C:\Program Files\TortoiseSVN\bin;E:\graalvm\graalvm-ce-java17-22.3.0\bin;C:\Program Files (x86)\Windows Kits\10\Include\10.0.18362.0\ucrt;C:\Program Files (x86)\Windows Kits\10\Include\10.0.18362.0\um;C:\Program Files (x86)\Windows Kits\10\Include\10.0.18362.0\shared;C:\Program Files (x86)\Windows Kits\10\Include\10.0.18362.0\cppwinrt;C:\Program Files (x86)\Windows Kits\10\Include\10.0.18362.0\winrt;C:\Program Files (x86)\Microsoft Visual Studio\2022\BuildTools\VC\Tools\MSVC\14.29.30133\include;C:\Program Files (x86)\Windows Kits\10\Lib\10.0.18362.0\um\x64;C:\Program Files (x86)\Windows Kits\10\Lib\10.0.18362.0\ucrt\x64;C:\Program Files (x86)\Microsoft Visual Studio\2022\BuildTools\VC\Tools\MSVC\14.29.30133\lib\x64;E:\apache-maven-3.8.4\bin;C:\Users\Administrator\AppData\Roaming\npm;D:\gradle\bin;C:\Program Files\Docker\Docker\resources\bin;C:\TDengine;D:\Git\cmd;E:\mingGw\mingw64\bin;E:\xtrabackup\xtrabackup-1.6.32bit;C:\Program Files\nodejs\;E:\jdk11\bin333;D:\xshell\;C:\Program Files (x86)\Windows Kits\10\Windows Performance Toolkit\;E:\adb\platform-tools;C:\Users\Administrator\AppData\Local\Programs\Python\Python311\Scripts\;C:\Users\Administrator\AppData\Local\Programs\Python\Python311\;C:\Users\Administrator\AppData\Local\Microsoft\WindowsApps;D:\IntelliJ IDEA 2022.3\bin;D:\Microsoft VS Code\bin
USERNAME=Administrator
OS=Windows_NT
PROCESSOR_IDENTIFIER=Intel64 Family 6 Model 151 Stepping 5, GenuineIntel



---------------  S Y S T E M  ---------------

OS:
 Windows 10 , 64 bit Build 19041 (10.0.19041.1348)
OS uptime: 0 days 2:36 hours

CPU: total 12 (initial active 12) (6 cores per cpu, 2 threads per core) family 6 model 151 stepping 5 microcode 0x1f, cx8, cmov, fxsr, ht, mmx, 3dnowpref, sse, sse2, sse3, ssse3, sse4.1, sse4.2, popcnt, lzcnt, tsc, tscinvbit, avx, avx2, aes, erms, clmul, bmi1, bmi2, adx, sha, fma, vzeroupper, clflush, clflushopt, clwb

Memory: 4k page, system-wide physical 32509M (17878M free)
TotalPageFile size 65277M (AvailPageFile size 48807M)
current process WorkingSet (physical memory assigned to process): 58M, peak: 58M
current process commit charge ("private bytes"): 623M, peak: 623M

vm_info: Java HotSpot(TM) 64-Bit Server VM (17.0.5+9-LTS-191) for windows-amd64 JRE (17.0.5+9-LTS-191), built on Sep 13 2022 17:31:43 by "mach5one" with MS VC++ 16.8 / 16.9 (VS2019)

END.
