#
# A fatal error has been detected by the Java Runtime Environment:
#
#  EXCEPTION_ACCESS_VIOLATION (0xc0000005) at pc=0x00007ffe96dba31d, pid=1936, tid=4384
#
# JRE version: Java(TM) SE Runtime Environment (17.0.5+9) (build 17.0.5+9-LTS-191)
# Java VM: Java HotSpot(TM) 64-Bit Server VM (17.0.5+9-LTS-191, mixed mode, sharing, tiered, compressed oops, compressed class ptrs, g1 gc, windows-amd64)
# Problematic frame:
# C  [msvcrt.dll+0x5a31d]
#
# No core dump will be written. Minidumps are not enabled by default on client versions of Windows
#
# If you would like to submit a bug report, please visit:
#   https://bugreport.java.com/bugreport/crash.jsp
# The crash happened outside the Java Virtual Machine in native code.
# See problematic frame for where to report the bug.
#

---------------  S U M M A R Y ------------

Command Line: -javaagent:D:\IntelliJ IDEA 2022.3\lib\idea_rt.jar=51175:D:\IntelliJ IDEA 2022.3\bin -Dfile.encoding=UTF-8 com.yt.server.Test

Host: 12th Gen Intel(R) Core(TM) i5-12400, 12 cores, 31G,  Windows 10 , 64 bit Build 19041 (10.0.19041.1348)
Time: Mon Aug 26 08:37:16 2024  Windows 10 , 64 bit Build 19041 (10.0.19041.1348) elapsed time: 0.396849 seconds (0d 0h 0m 0s)

---------------  T H R E A D  ---------------

Current thread (0x000001dbaf2e0830):  JavaThread "main" [_thread_in_native, id=4384, stack(0x000000adf5c00000,0x000000adf5d00000)]

Stack: [0x000000adf5c00000,0x000000adf5d00000],  sp=0x000000adf5cfec68,  free space=1019k
Native frames: (J=compiled Java code, j=interpreted, Vv=VM code, C=native code)
C  [msvcrt.dll+0x5a31d]
C  [dll64.dll+0x6185]

Java frames: (J=compiled Java code, j=interpreted, Vv=VM code)
j  com.sun.jna.Function.invokeInt(I[Ljava/lang/Object;)I+0
j  com.sun.jna.Function.invoke([Ljava/lang/Object;Ljava/lang/Class;)Ljava/lang/Object;+309
j  com.sun.jna.Function.invoke(Ljava/lang/Class;[Ljava/lang/Object;Ljava/util/Map;)Ljava/lang/Object;+194
j  com.sun.jna.Library$Handler.invoke(Ljava/lang/Object;Ljava/lang/reflect/Method;[Ljava/lang/Object;)Ljava/lang/Object;+344
j  com.yt.server.$Proxy0.GetIDCode(Lcom/sun/jna/Pointer;Lcom/sun/jna/ptr/ShortByReference;)I+20
j  com.yt.server.Test.main([Ljava/lang/String;)V+27
v  ~StubRoutines::call_stub

siginfo: EXCEPTION_ACCESS_VIOLATION (0xc0000005), writing address 0x000000000001e240


Register to memory mapping:

RIP=0x00007ffe96dba31d msvcrt.dll
RAX=0x000000adf5cfed00 is pointing into the stack for thread: 0x000001dbaf2e0830
RBX=0x000000adf5cfedc8 is pointing into the stack for thread: 0x000001dbaf2e0830
RCX=0xffff8001d0e47cba is an unknown value
RDX=0x00007ffe2f1d6586 dll64.dll
RSP=0x000000adf5cfec68 is pointing into the stack for thread: 0x000001dbaf2e0830
RBP=0x00007ffe2f1d6586 dll64.dll
RSI=0x000000adf5cfeda8 is pointing into the stack for thread: 0x000001dbaf2e0830
RDI=0x000000adf5cfed88 is pointing into the stack for thread: 0x000001dbaf2e0830
R8 =0x0000000000000001 is an unknown value
R9 =0x000000adf5cfec10 is pointing into the stack for thread: 0x000001dbaf2e0830
R10=0x0 is NULL
R11=0x000000000001e240 is an unknown value
R12=0x000000adf5cfed68 is pointing into the stack for thread: 0x000001dbaf2e0830
R13=0x000001dbdcbe1c50 points into unknown readable memory: 0x000001dbdcbe0000 | 00 00 be dc db 01 00 00
R14=0x000000000001e240 is an unknown value
R15=0x000000adf5cfed48 is pointing into the stack for thread: 0x000001dbaf2e0830


Registers:
RAX=0x000000adf5cfed00, RBX=0x000000adf5cfedc8, RCX=0xffff8001d0e47cba, RDX=0x00007ffe2f1d6586
RSP=0x000000adf5cfec68, RBP=0x00007ffe2f1d6586, RSI=0x000000adf5cfeda8, RDI=0x000000adf5cfed88
R8 =0x0000000000000001, R9 =0x000000adf5cfec10, R10=0x0000000000000000, R11=0x000000000001e240
R12=0x000000adf5cfed68, R13=0x000001dbdcbe1c50, R14=0x000000000001e240, R15=0x000000adf5cfed48
RIP=0x00007ffe96dba31d, EFLAGS=0x0000000000010206

Top of Stack: (sp=0x000000adf5cfec68)
0x000000adf5cfec68:   00007ffe2f0c6185 000000adf5cfedc8
0x000000adf5cfec78:   00007ffe2f1d75c0 0000000000000000
0x000000adf5cfec88:   0000000000000000 0000000000000000
0x000000adf5cfec98:   00007ffe30f6efa0 000000adf5cfede8
0x000000adf5cfeca8:   000000adf5cfed28 000000adf5cfed08
0x000000adf5cfecb8:   000000adf5cfecf0 0000000000000000
0x000000adf5cfecc8:   00007ffe307edd3c 0000000000000000
0x000000adf5cfecd8:   0000000000000000 000001dbaf2e0800
0x000000adf5cfece8:   00007ffe30f6efa0 0000000000000000
0x000000adf5cfecf8:   0000000000000000 0000000000000000
0x000000adf5cfed08:   000001dbddc17260 000000000000005a
0x000000adf5cfed18:   000000000000009c 000000000000000e
0x000000adf5cfed28:   000001dbddc174c0 000000000000005d
0x000000adf5cfed38:   000000000000009c 0000000000000000
0x000000adf5cfed48:   000001dbddc176d0 00000000000000ea
0x000000adf5cfed58:   0000000000000168 000001dbaf2e0800 

Instructions: (pc=0x00007ffe96dba31d)
0x00007ffe96dba21d:   d0 48 8d 42 ff c3 cc cc cc cc cc cc cc cc cc cc
0x00007ffe96dba22d:   cc cc cc 45 33 c0 48 8b c2 48 85 d2 74 12 48 ff
0x00007ffe96dba23d:   c8 66 44 39 01 74 0c 48 83 c1 02 48 85 c0 75 ee
0x00007ffe96dba24d:   48 ff c8 48 2b d0 48 8d 42 ff c3 cc cc cc cc cc
0x00007ffe96dba25d:   cc cc cc cc cc cc cc cc cc 66 66 0f 1f 84 00 00
0x00007ffe96dba26d:   00 00 00 4c 8b d9 f6 c1 07 74 12 8a 01 84 c0 0f
0x00007ffe96dba27d:   84 91 00 00 00 48 ff c1 f6 c1 07 75 ee 48 8b 01
0x00007ffe96dba28d:   4c 8b d0 49 b9 ff fe fe fe fe fe fe 7e 4d 03 ca
0x00007ffe96dba29d:   49 83 f2 ff 4d 33 d1 48 83 c1 08 49 b9 00 01 01
0x00007ffe96dba2ad:   01 01 01 01 81 4d 85 d1 74 d3 48 83 e9 08 84 c0
0x00007ffe96dba2bd:   74 54 48 ff c1 84 e4 74 4d 48 ff c1 48 c1 e8 10
0x00007ffe96dba2cd:   84 c0 74 42 48 ff c1 84 e4 74 3b 48 ff c1 48 c1
0x00007ffe96dba2dd:   e8 10 84 c0 74 30 48 ff c1 84 e4 74 29 48 ff c1
0x00007ffe96dba2ed:   c1 e8 10 84 c0 74 1f 48 ff c1 84 e4 74 18 48 ff
0x00007ffe96dba2fd:   c1 eb 8a cc cc cc cc cc cc 66 66 0f 1f 84 00 00
0x00007ffe96dba30d:   00 00 00 4c 8b d9 48 2b ca f6 c2 07 74 1f 8a 02
0x00007ffe96dba31d:   88 04 0a 84 c0 74 0a 48 ff c2 f6 c2 07 75 ef eb
0x00007ffe96dba32d:   0c 49 8b c3 c3 48 89 04 0a 48 83 c2 08 48 8b 02
0x00007ffe96dba33d:   49 b9 ff fe fe fe fe fe fe 7e 4c 03 c8 4c 8b d0
0x00007ffe96dba34d:   49 83 f2 ff 4d 33 d1 49 b9 00 01 01 01 01 01 01
0x00007ffe96dba35d:   81 4d 85 d1 74 cf 84 c0 88 04 0a 74 59 48 ff c2
0x00007ffe96dba36d:   84 e4 88 24 0a 74 4f 48 ff c2 48 c1 e8 10 84 c0
0x00007ffe96dba37d:   88 04 0a 74 41 48 ff c2 84 e4 88 24 0a 74 37 48
0x00007ffe96dba38d:   ff c2 48 c1 e8 10 84 c0 88 04 0a 74 29 48 ff c2
0x00007ffe96dba39d:   84 e4 88 24 0a 74 1f 48 ff c2 c1 e8 10 84 c0 88
0x00007ffe96dba3ad:   04 0a 74 12 48 ff c2 84 e4 88 24 0a 74 08 48 ff
0x00007ffe96dba3bd:   c2 e9 77 ff ff ff 49 8b c3 c3 cc cc cc cc cc cc
0x00007ffe96dba3cd:   cc cc cc 48 89 5c 24 08 48 89 74 24 10 57 48 83
0x00007ffe96dba3dd:   ec 30 48 8b f9 48 85 c9 74 4b 48 83 cb ff 48 ff
0x00007ffe96dba3ed:   c3 80 3c 19 00 75 f7 48 8d 4b 01 e8 d3 f8 fb ff
0x00007ffe96dba3fd:   48 8b f0 48 85 c0 74 2d 4c 8b c7 48 8d 53 01 48
0x00007ffe96dba40d:   8b c8 e8 7c 2d 00 00 85 c0 74 15 48 83 64 24 20 


Stack slot to memory mapping:
stack at sp + 0 slots: 0x00007ffe2f0c6185 dll64.dll
stack at sp + 1 slots: 0x000000adf5cfedc8 is pointing into the stack for thread: 0x000001dbaf2e0830
stack at sp + 2 slots: 0x00007ffe2f1d75c0 dll64.dll
stack at sp + 3 slots: 0x0 is NULL
stack at sp + 4 slots: 0x0 is NULL
stack at sp + 5 slots: 0x0 is NULL
stack at sp + 6 slots: 0x00007ffe30f6efa0 jvm.dll
stack at sp + 7 slots: 0x000000adf5cfede8 is pointing into the stack for thread: 0x000001dbaf2e0830


---------------  P R O C E S S  ---------------

Threads class SMR info:
_java_thread_list=0x000001dbdd478e50, length=14, elements={
0x000001dbaf2e0830, 0x000001dbd9b32980, 0x000001dbd9b337f0, 0x000001dbd9b44790,
0x000001dbdc67e3b0, 0x000001dbdc67ec70, 0x000001dbdc67f530, 0x000001dbdc6848e0,
0x000001dbd9b45330, 0x000001dbdc695cf0, 0x000001dbd9b1de30, 0x000001dbdc8f6f00,
0x000001dbdd52edf0, 0x000001dbdd52f2c0
}

Java Threads: ( => current thread )
=>0x000001dbaf2e0830 JavaThread "main" [_thread_in_native, id=4384, stack(0x000000adf5c00000,0x000000adf5d00000)]
  0x000001dbd9b32980 JavaThread "Reference Handler" daemon [_thread_blocked, id=11080, stack(0x000000adf6300000,0x000000adf6400000)]
  0x000001dbd9b337f0 JavaThread "Finalizer" daemon [_thread_blocked, id=7252, stack(0x000000adf6400000,0x000000adf6500000)]
  0x000001dbd9b44790 JavaThread "Signal Dispatcher" daemon [_thread_blocked, id=8452, stack(0x000000adf6500000,0x000000adf6600000)]
  0x000001dbdc67e3b0 JavaThread "Attach Listener" daemon [_thread_blocked, id=12000, stack(0x000000adf6600000,0x000000adf6700000)]
  0x000001dbdc67ec70 JavaThread "Service Thread" daemon [_thread_blocked, id=8556, stack(0x000000adf6700000,0x000000adf6800000)]
  0x000001dbdc67f530 JavaThread "Monitor Deflation Thread" daemon [_thread_blocked, id=9392, stack(0x000000adf6800000,0x000000adf6900000)]
  0x000001dbdc6848e0 JavaThread "C2 CompilerThread0" daemon [_thread_blocked, id=2336, stack(0x000000adf6900000,0x000000adf6a00000)]
  0x000001dbd9b45330 JavaThread "C1 CompilerThread0" daemon [_thread_blocked, id=3336, stack(0x000000adf6a00000,0x000000adf6b00000)]
  0x000001dbdc695cf0 JavaThread "Sweeper thread" daemon [_thread_blocked, id=6464, stack(0x000000adf6b00000,0x000000adf6c00000)]
  0x000001dbd9b1de30 JavaThread "Common-Cleaner" daemon [_thread_blocked, id=5128, stack(0x000000adf6c00000,0x000000adf6d00000)]
  0x000001dbdc8f6f00 JavaThread "C2 CompilerThread1" daemon [_thread_blocked, id=8636, stack(0x000000adf6d00000,0x000000adf6e00000)]
  0x000001dbdd52edf0 JavaThread "Monitor Ctrl-Break" daemon [_thread_in_native, id=13984, stack(0x000000adf6e00000,0x000000adf6f00000)]
  0x000001dbdd52f2c0 JavaThread "Notification Thread" daemon [_thread_blocked, id=14248, stack(0x000000adf6f00000,0x000000adf7000000)]

Other Threads:
  0x000001dbd9b2ce70 VMThread "VM Thread" [stack: 0x000000adf6200000,0x000000adf6300000] [id=1672]
  0x000001dbad8cd5e0 WatcherThread [stack: 0x000000adf7000000,0x000000adf7100000] [id=9688]
  0x000001dbd9990900 GCTaskThread "GC Thread#0" [stack: 0x000000adf5d00000,0x000000adf5e00000] [id=8744]
  0x000001dbad8c9f70 ConcurrentGCThread "G1 Main Marker" [stack: 0x000000adf5e00000,0x000000adf5f00000] [id=1900]
  0x000001dbad8ca790 ConcurrentGCThread "G1 Conc#0" [stack: 0x000000adf5f00000,0x000000adf6000000] [id=5892]
  0x000001dbd9a6a590 ConcurrentGCThread "G1 Refine#0" [stack: 0x000000adf6000000,0x000000adf6100000] [id=9136]
  0x000001dbd9a6afb0 ConcurrentGCThread "G1 Service" [stack: 0x000000adf6100000,0x000000adf6200000] [id=2592]

Threads with active compile tasks:

VM state: not at safepoint (normal execution)

VM Mutex/Monitor currently owned by a thread: None

Heap address: 0x0000000604000000, size: 8128 MB, Compressed Oops mode: Zero based, Oop shift amount: 3

CDS archive(s) mapped at: [0x0000000800000000-0x0000000800bd0000-0x0000000800bd0000), size 12386304, SharedBaseAddress: 0x0000000800000000, ArchiveRelocationMode: 0.
Compressed class space mapped at: 0x0000000800c00000-0x0000000840c00000, reserved size: 1073741824
Narrow klass base: 0x0000000800000000, Narrow klass shift: 0, Narrow klass range: 0x100000000

GC Precious Log:
 CPUs: 12 total, 12 available
 Memory: 32509M
 Large Page Support: Disabled
 NUMA Support: Disabled
 Compressed Oops: Enabled (Zero based)
 Heap Region Size: 4M
 Heap Min Capacity: 8M
 Heap Initial Capacity: 508M
 Heap Max Capacity: 8128M
 Pre-touch: Disabled
 Parallel Workers: 10
 Concurrent Workers: 3
 Concurrent Refinement Workers: 10
 Periodic GC: Disabled

Heap:
 garbage-first heap   total 520192K, used 8192K [0x0000000604000000, 0x0000000800000000)
  region size 4096K, 3 young (12288K), 0 survivors (0K)
 Metaspace       used 2398K, committed 2496K, reserved 1056768K
  class space    used 207K, committed 256K, reserved 1048576K

Heap Regions: E=young(eden), S=young(survivor), O=old, HS=humongous(starts), HC=humongous(continues), CS=collection set, F=free, OA=open archive, CA=closed archive, TAMS=top-at-mark-start (previous, next)
|   0|0x0000000604000000, 0x0000000604000000, 0x0000000604400000|  0%| F|  |TAMS 0x0000000604000000, 0x0000000604000000| Untracked 
|   1|0x0000000604400000, 0x0000000604400000, 0x0000000604800000|  0%| F|  |TAMS 0x0000000604400000, 0x0000000604400000| Untracked 
|   2|0x0000000604800000, 0x0000000604800000, 0x0000000604c00000|  0%| F|  |TAMS 0x0000000604800000, 0x0000000604800000| Untracked 
|   3|0x0000000604c00000, 0x0000000604c00000, 0x0000000605000000|  0%| F|  |TAMS 0x0000000604c00000, 0x0000000604c00000| Untracked 
|   4|0x0000000605000000, 0x0000000605000000, 0x0000000605400000|  0%| F|  |TAMS 0x0000000605000000, 0x0000000605000000| Untracked 
|   5|0x0000000605400000, 0x0000000605400000, 0x0000000605800000|  0%| F|  |TAMS 0x0000000605400000, 0x0000000605400000| Untracked 
|   6|0x0000000605800000, 0x0000000605800000, 0x0000000605c00000|  0%| F|  |TAMS 0x0000000605800000, 0x0000000605800000| Untracked 
|   7|0x0000000605c00000, 0x0000000605c00000, 0x0000000606000000|  0%| F|  |TAMS 0x0000000605c00000, 0x0000000605c00000| Untracked 
|   8|0x0000000606000000, 0x0000000606000000, 0x0000000606400000|  0%| F|  |TAMS 0x0000000606000000, 0x0000000606000000| Untracked 
|   9|0x0000000606400000, 0x0000000606400000, 0x0000000606800000|  0%| F|  |TAMS 0x0000000606400000, 0x0000000606400000| Untracked 
|  10|0x0000000606800000, 0x0000000606800000, 0x0000000606c00000|  0%| F|  |TAMS 0x0000000606800000, 0x0000000606800000| Untracked 
|  11|0x0000000606c00000, 0x0000000606c00000, 0x0000000607000000|  0%| F|  |TAMS 0x0000000606c00000, 0x0000000606c00000| Untracked 
|  12|0x0000000607000000, 0x0000000607000000, 0x0000000607400000|  0%| F|  |TAMS 0x0000000607000000, 0x0000000607000000| Untracked 
|  13|0x0000000607400000, 0x0000000607400000, 0x0000000607800000|  0%| F|  |TAMS 0x0000000607400000, 0x0000000607400000| Untracked 
|  14|0x0000000607800000, 0x0000000607800000, 0x0000000607c00000|  0%| F|  |TAMS 0x0000000607800000, 0x0000000607800000| Untracked 
|  15|0x0000000607c00000, 0x0000000607c00000, 0x0000000608000000|  0%| F|  |TAMS 0x0000000607c00000, 0x0000000607c00000| Untracked 
|  16|0x0000000608000000, 0x0000000608000000, 0x0000000608400000|  0%| F|  |TAMS 0x0000000608000000, 0x0000000608000000| Untracked 
|  17|0x0000000608400000, 0x0000000608400000, 0x0000000608800000|  0%| F|  |TAMS 0x0000000608400000, 0x0000000608400000| Untracked 
|  18|0x0000000608800000, 0x0000000608800000, 0x0000000608c00000|  0%| F|  |TAMS 0x0000000608800000, 0x0000000608800000| Untracked 
|  19|0x0000000608c00000, 0x0000000608c00000, 0x0000000609000000|  0%| F|  |TAMS 0x0000000608c00000, 0x0000000608c00000| Untracked 
|  20|0x0000000609000000, 0x0000000609000000, 0x0000000609400000|  0%| F|  |TAMS 0x0000000609000000, 0x0000000609000000| Untracked 
|  21|0x0000000609400000, 0x0000000609400000, 0x0000000609800000|  0%| F|  |TAMS 0x0000000609400000, 0x0000000609400000| Untracked 
|  22|0x0000000609800000, 0x0000000609800000, 0x0000000609c00000|  0%| F|  |TAMS 0x0000000609800000, 0x0000000609800000| Untracked 
|  23|0x0000000609c00000, 0x0000000609c00000, 0x000000060a000000|  0%| F|  |TAMS 0x0000000609c00000, 0x0000000609c00000| Untracked 
|  24|0x000000060a000000, 0x000000060a000000, 0x000000060a400000|  0%| F|  |TAMS 0x000000060a000000, 0x000000060a000000| Untracked 
|  25|0x000000060a400000, 0x000000060a400000, 0x000000060a800000|  0%| F|  |TAMS 0x000000060a400000, 0x000000060a400000| Untracked 
|  26|0x000000060a800000, 0x000000060a800000, 0x000000060ac00000|  0%| F|  |TAMS 0x000000060a800000, 0x000000060a800000| Untracked 
|  27|0x000000060ac00000, 0x000000060ac00000, 0x000000060b000000|  0%| F|  |TAMS 0x000000060ac00000, 0x000000060ac00000| Untracked 
|  28|0x000000060b000000, 0x000000060b000000, 0x000000060b400000|  0%| F|  |TAMS 0x000000060b000000, 0x000000060b000000| Untracked 
|  29|0x000000060b400000, 0x000000060b400000, 0x000000060b800000|  0%| F|  |TAMS 0x000000060b400000, 0x000000060b400000| Untracked 
|  30|0x000000060b800000, 0x000000060b800000, 0x000000060bc00000|  0%| F|  |TAMS 0x000000060b800000, 0x000000060b800000| Untracked 
|  31|0x000000060bc00000, 0x000000060bc00000, 0x000000060c000000|  0%| F|  |TAMS 0x000000060bc00000, 0x000000060bc00000| Untracked 
|  32|0x000000060c000000, 0x000000060c000000, 0x000000060c400000|  0%| F|  |TAMS 0x000000060c000000, 0x000000060c000000| Untracked 
|  33|0x000000060c400000, 0x000000060c400000, 0x000000060c800000|  0%| F|  |TAMS 0x000000060c400000, 0x000000060c400000| Untracked 
|  34|0x000000060c800000, 0x000000060c800000, 0x000000060cc00000|  0%| F|  |TAMS 0x000000060c800000, 0x000000060c800000| Untracked 
|  35|0x000000060cc00000, 0x000000060cc00000, 0x000000060d000000|  0%| F|  |TAMS 0x000000060cc00000, 0x000000060cc00000| Untracked 
|  36|0x000000060d000000, 0x000000060d000000, 0x000000060d400000|  0%| F|  |TAMS 0x000000060d000000, 0x000000060d000000| Untracked 
|  37|0x000000060d400000, 0x000000060d400000, 0x000000060d800000|  0%| F|  |TAMS 0x000000060d400000, 0x000000060d400000| Untracked 
|  38|0x000000060d800000, 0x000000060d800000, 0x000000060dc00000|  0%| F|  |TAMS 0x000000060d800000, 0x000000060d800000| Untracked 
|  39|0x000000060dc00000, 0x000000060dc00000, 0x000000060e000000|  0%| F|  |TAMS 0x000000060dc00000, 0x000000060dc00000| Untracked 
|  40|0x000000060e000000, 0x000000060e000000, 0x000000060e400000|  0%| F|  |TAMS 0x000000060e000000, 0x000000060e000000| Untracked 
|  41|0x000000060e400000, 0x000000060e400000, 0x000000060e800000|  0%| F|  |TAMS 0x000000060e400000, 0x000000060e400000| Untracked 
|  42|0x000000060e800000, 0x000000060e800000, 0x000000060ec00000|  0%| F|  |TAMS 0x000000060e800000, 0x000000060e800000| Untracked 
|  43|0x000000060ec00000, 0x000000060ec00000, 0x000000060f000000|  0%| F|  |TAMS 0x000000060ec00000, 0x000000060ec00000| Untracked 
|  44|0x000000060f000000, 0x000000060f000000, 0x000000060f400000|  0%| F|  |TAMS 0x000000060f000000, 0x000000060f000000| Untracked 
|  45|0x000000060f400000, 0x000000060f400000, 0x000000060f800000|  0%| F|  |TAMS 0x000000060f400000, 0x000000060f400000| Untracked 
|  46|0x000000060f800000, 0x000000060f800000, 0x000000060fc00000|  0%| F|  |TAMS 0x000000060f800000, 0x000000060f800000| Untracked 
|  47|0x000000060fc00000, 0x000000060fc00000, 0x0000000610000000|  0%| F|  |TAMS 0x000000060fc00000, 0x000000060fc00000| Untracked 
|  48|0x0000000610000000, 0x0000000610000000, 0x0000000610400000|  0%| F|  |TAMS 0x0000000610000000, 0x0000000610000000| Untracked 
|  49|0x0000000610400000, 0x0000000610400000, 0x0000000610800000|  0%| F|  |TAMS 0x0000000610400000, 0x0000000610400000| Untracked 
|  50|0x0000000610800000, 0x0000000610800000, 0x0000000610c00000|  0%| F|  |TAMS 0x0000000610800000, 0x0000000610800000| Untracked 
|  51|0x0000000610c00000, 0x0000000610c00000, 0x0000000611000000|  0%| F|  |TAMS 0x0000000610c00000, 0x0000000610c00000| Untracked 
|  52|0x0000000611000000, 0x0000000611000000, 0x0000000611400000|  0%| F|  |TAMS 0x0000000611000000, 0x0000000611000000| Untracked 
|  53|0x0000000611400000, 0x0000000611400000, 0x0000000611800000|  0%| F|  |TAMS 0x0000000611400000, 0x0000000611400000| Untracked 
|  54|0x0000000611800000, 0x0000000611800000, 0x0000000611c00000|  0%| F|  |TAMS 0x0000000611800000, 0x0000000611800000| Untracked 
|  55|0x0000000611c00000, 0x0000000611c00000, 0x0000000612000000|  0%| F|  |TAMS 0x0000000611c00000, 0x0000000611c00000| Untracked 
|  56|0x0000000612000000, 0x0000000612000000, 0x0000000612400000|  0%| F|  |TAMS 0x0000000612000000, 0x0000000612000000| Untracked 
|  57|0x0000000612400000, 0x0000000612400000, 0x0000000612800000|  0%| F|  |TAMS 0x0000000612400000, 0x0000000612400000| Untracked 
|  58|0x0000000612800000, 0x0000000612800000, 0x0000000612c00000|  0%| F|  |TAMS 0x0000000612800000, 0x0000000612800000| Untracked 
|  59|0x0000000612c00000, 0x0000000612c00000, 0x0000000613000000|  0%| F|  |TAMS 0x0000000612c00000, 0x0000000612c00000| Untracked 
|  60|0x0000000613000000, 0x0000000613000000, 0x0000000613400000|  0%| F|  |TAMS 0x0000000613000000, 0x0000000613000000| Untracked 
|  61|0x0000000613400000, 0x0000000613400000, 0x0000000613800000|  0%| F|  |TAMS 0x0000000613400000, 0x0000000613400000| Untracked 
|  62|0x0000000613800000, 0x0000000613800000, 0x0000000613c00000|  0%| F|  |TAMS 0x0000000613800000, 0x0000000613800000| Untracked 
|  63|0x0000000613c00000, 0x0000000613c00000, 0x0000000614000000|  0%| F|  |TAMS 0x0000000613c00000, 0x0000000613c00000| Untracked 
|  64|0x0000000614000000, 0x0000000614000000, 0x0000000614400000|  0%| F|  |TAMS 0x0000000614000000, 0x0000000614000000| Untracked 
|  65|0x0000000614400000, 0x0000000614400000, 0x0000000614800000|  0%| F|  |TAMS 0x0000000614400000, 0x0000000614400000| Untracked 
|  66|0x0000000614800000, 0x0000000614800000, 0x0000000614c00000|  0%| F|  |TAMS 0x0000000614800000, 0x0000000614800000| Untracked 
|  67|0x0000000614c00000, 0x0000000614c00000, 0x0000000615000000|  0%| F|  |TAMS 0x0000000614c00000, 0x0000000614c00000| Untracked 
|  68|0x0000000615000000, 0x0000000615000000, 0x0000000615400000|  0%| F|  |TAMS 0x0000000615000000, 0x0000000615000000| Untracked 
|  69|0x0000000615400000, 0x0000000615400000, 0x0000000615800000|  0%| F|  |TAMS 0x0000000615400000, 0x0000000615400000| Untracked 
|  70|0x0000000615800000, 0x0000000615800000, 0x0000000615c00000|  0%| F|  |TAMS 0x0000000615800000, 0x0000000615800000| Untracked 
|  71|0x0000000615c00000, 0x0000000615c00000, 0x0000000616000000|  0%| F|  |TAMS 0x0000000615c00000, 0x0000000615c00000| Untracked 
|  72|0x0000000616000000, 0x0000000616000000, 0x0000000616400000|  0%| F|  |TAMS 0x0000000616000000, 0x0000000616000000| Untracked 
|  73|0x0000000616400000, 0x0000000616400000, 0x0000000616800000|  0%| F|  |TAMS 0x0000000616400000, 0x0000000616400000| Untracked 
|  74|0x0000000616800000, 0x0000000616800000, 0x0000000616c00000|  0%| F|  |TAMS 0x0000000616800000, 0x0000000616800000| Untracked 
|  75|0x0000000616c00000, 0x0000000616c00000, 0x0000000617000000|  0%| F|  |TAMS 0x0000000616c00000, 0x0000000616c00000| Untracked 
|  76|0x0000000617000000, 0x0000000617000000, 0x0000000617400000|  0%| F|  |TAMS 0x0000000617000000, 0x0000000617000000| Untracked 
|  77|0x0000000617400000, 0x0000000617400000, 0x0000000617800000|  0%| F|  |TAMS 0x0000000617400000, 0x0000000617400000| Untracked 
|  78|0x0000000617800000, 0x0000000617800000, 0x0000000617c00000|  0%| F|  |TAMS 0x0000000617800000, 0x0000000617800000| Untracked 
|  79|0x0000000617c00000, 0x0000000617c00000, 0x0000000618000000|  0%| F|  |TAMS 0x0000000617c00000, 0x0000000617c00000| Untracked 
|  80|0x0000000618000000, 0x0000000618000000, 0x0000000618400000|  0%| F|  |TAMS 0x0000000618000000, 0x0000000618000000| Untracked 
|  81|0x0000000618400000, 0x0000000618400000, 0x0000000618800000|  0%| F|  |TAMS 0x0000000618400000, 0x0000000618400000| Untracked 
|  82|0x0000000618800000, 0x0000000618800000, 0x0000000618c00000|  0%| F|  |TAMS 0x0000000618800000, 0x0000000618800000| Untracked 
|  83|0x0000000618c00000, 0x0000000618c00000, 0x0000000619000000|  0%| F|  |TAMS 0x0000000618c00000, 0x0000000618c00000| Untracked 
|  84|0x0000000619000000, 0x0000000619000000, 0x0000000619400000|  0%| F|  |TAMS 0x0000000619000000, 0x0000000619000000| Untracked 
|  85|0x0000000619400000, 0x0000000619400000, 0x0000000619800000|  0%| F|  |TAMS 0x0000000619400000, 0x0000000619400000| Untracked 
|  86|0x0000000619800000, 0x0000000619800000, 0x0000000619c00000|  0%| F|  |TAMS 0x0000000619800000, 0x0000000619800000| Untracked 
|  87|0x0000000619c00000, 0x0000000619c00000, 0x000000061a000000|  0%| F|  |TAMS 0x0000000619c00000, 0x0000000619c00000| Untracked 
|  88|0x000000061a000000, 0x000000061a000000, 0x000000061a400000|  0%| F|  |TAMS 0x000000061a000000, 0x000000061a000000| Untracked 
|  89|0x000000061a400000, 0x000000061a400000, 0x000000061a800000|  0%| F|  |TAMS 0x000000061a400000, 0x000000061a400000| Untracked 
|  90|0x000000061a800000, 0x000000061a800000, 0x000000061ac00000|  0%| F|  |TAMS 0x000000061a800000, 0x000000061a800000| Untracked 
|  91|0x000000061ac00000, 0x000000061ac00000, 0x000000061b000000|  0%| F|  |TAMS 0x000000061ac00000, 0x000000061ac00000| Untracked 
|  92|0x000000061b000000, 0x000000061b000000, 0x000000061b400000|  0%| F|  |TAMS 0x000000061b000000, 0x000000061b000000| Untracked 
|  93|0x000000061b400000, 0x000000061b400000, 0x000000061b800000|  0%| F|  |TAMS 0x000000061b400000, 0x000000061b400000| Untracked 
|  94|0x000000061b800000, 0x000000061b800000, 0x000000061bc00000|  0%| F|  |TAMS 0x000000061b800000, 0x000000061b800000| Untracked 
|  95|0x000000061bc00000, 0x000000061bc00000, 0x000000061c000000|  0%| F|  |TAMS 0x000000061bc00000, 0x000000061bc00000| Untracked 
|  96|0x000000061c000000, 0x000000061c000000, 0x000000061c400000|  0%| F|  |TAMS 0x000000061c000000, 0x000000061c000000| Untracked 
|  97|0x000000061c400000, 0x000000061c400000, 0x000000061c800000|  0%| F|  |TAMS 0x000000061c400000, 0x000000061c400000| Untracked 
|  98|0x000000061c800000, 0x000000061c800000, 0x000000061cc00000|  0%| F|  |TAMS 0x000000061c800000, 0x000000061c800000| Untracked 
|  99|0x000000061cc00000, 0x000000061cc00000, 0x000000061d000000|  0%| F|  |TAMS 0x000000061cc00000, 0x000000061cc00000| Untracked 
| 100|0x000000061d000000, 0x000000061d000000, 0x000000061d400000|  0%| F|  |TAMS 0x000000061d000000, 0x000000061d000000| Untracked 
| 101|0x000000061d400000, 0x000000061d400000, 0x000000061d800000|  0%| F|  |TAMS 0x000000061d400000, 0x000000061d400000| Untracked 
| 102|0x000000061d800000, 0x000000061d800000, 0x000000061dc00000|  0%| F|  |TAMS 0x000000061d800000, 0x000000061d800000| Untracked 
| 103|0x000000061dc00000, 0x000000061dc00000, 0x000000061e000000|  0%| F|  |TAMS 0x000000061dc00000, 0x000000061dc00000| Untracked 
| 104|0x000000061e000000, 0x000000061e000000, 0x000000061e400000|  0%| F|  |TAMS 0x000000061e000000, 0x000000061e000000| Untracked 
| 105|0x000000061e400000, 0x000000061e400000, 0x000000061e800000|  0%| F|  |TAMS 0x000000061e400000, 0x000000061e400000| Untracked 
| 106|0x000000061e800000, 0x000000061e800000, 0x000000061ec00000|  0%| F|  |TAMS 0x000000061e800000, 0x000000061e800000| Untracked 
| 107|0x000000061ec00000, 0x000000061ec00000, 0x000000061f000000|  0%| F|  |TAMS 0x000000061ec00000, 0x000000061ec00000| Untracked 
| 108|0x000000061f000000, 0x000000061f000000, 0x000000061f400000|  0%| F|  |TAMS 0x000000061f000000, 0x000000061f000000| Untracked 
| 109|0x000000061f400000, 0x000000061f400000, 0x000000061f800000|  0%| F|  |TAMS 0x000000061f400000, 0x000000061f400000| Untracked 
| 110|0x000000061f800000, 0x000000061f800000, 0x000000061fc00000|  0%| F|  |TAMS 0x000000061f800000, 0x000000061f800000| Untracked 
| 111|0x000000061fc00000, 0x000000061fc00000, 0x0000000620000000|  0%| F|  |TAMS 0x000000061fc00000, 0x000000061fc00000| Untracked 
| 112|0x0000000620000000, 0x0000000620000000, 0x0000000620400000|  0%| F|  |TAMS 0x0000000620000000, 0x0000000620000000| Untracked 
| 113|0x0000000620400000, 0x0000000620400000, 0x0000000620800000|  0%| F|  |TAMS 0x0000000620400000, 0x0000000620400000| Untracked 
| 114|0x0000000620800000, 0x0000000620800000, 0x0000000620c00000|  0%| F|  |TAMS 0x0000000620800000, 0x0000000620800000| Untracked 
| 115|0x0000000620c00000, 0x0000000620c00000, 0x0000000621000000|  0%| F|  |TAMS 0x0000000620c00000, 0x0000000620c00000| Untracked 
| 116|0x0000000621000000, 0x0000000621000000, 0x0000000621400000|  0%| F|  |TAMS 0x0000000621000000, 0x0000000621000000| Untracked 
| 117|0x0000000621400000, 0x0000000621400000, 0x0000000621800000|  0%| F|  |TAMS 0x0000000621400000, 0x0000000621400000| Untracked 
| 118|0x0000000621800000, 0x0000000621800000, 0x0000000621c00000|  0%| F|  |TAMS 0x0000000621800000, 0x0000000621800000| Untracked 
| 119|0x0000000621c00000, 0x0000000621c00000, 0x0000000622000000|  0%| F|  |TAMS 0x0000000621c00000, 0x0000000621c00000| Untracked 
| 120|0x0000000622000000, 0x0000000622000000, 0x0000000622400000|  0%| F|  |TAMS 0x0000000622000000, 0x0000000622000000| Untracked 
| 121|0x0000000622400000, 0x0000000622400000, 0x0000000622800000|  0%| F|  |TAMS 0x0000000622400000, 0x0000000622400000| Untracked 
| 122|0x0000000622800000, 0x0000000622800000, 0x0000000622c00000|  0%| F|  |TAMS 0x0000000622800000, 0x0000000622800000| Untracked 
| 123|0x0000000622c00000, 0x0000000622c00000, 0x0000000623000000|  0%| F|  |TAMS 0x0000000622c00000, 0x0000000622c00000| Untracked 
| 124|0x0000000623000000, 0x00000006232ee160, 0x0000000623400000| 73%| E|  |TAMS 0x0000000623000000, 0x0000000623000000| Complete 
| 125|0x0000000623400000, 0x0000000623800000, 0x0000000623800000|100%| E|CS|TAMS 0x0000000623400000, 0x0000000623400000| Complete 
| 126|0x0000000623800000, 0x0000000623c00000, 0x0000000623c00000|100%| E|CS|TAMS 0x0000000623800000, 0x0000000623800000| Complete 

Card table byte_map: [0x000001dbc7b90000,0x000001dbc8b70000] _byte_map_base: 0x000001dbc4b70000

Marking Bits (Prev, Next): (CMBitMap*) 0x000001dbaf34e670, (CMBitMap*) 0x000001dbaf34e6b0
 Prev Bits: [0x000001dbc9b50000, 0x000001dbd1a50000)
 Next Bits: [0x000001dbd1a50000, 0x000001dbd9950000)

Polling page: 0x000001dbaf260000

Metaspace:

Usage:
  Non-class:      2.14 MB used.
      Class:    207.49 KB used.
       Both:      2.34 MB used.

Virtual space:
  Non-class space:        8.00 MB reserved,       2.19 MB ( 27%) committed,  1 nodes.
      Class space:        1.00 GB reserved,     256.00 KB ( <1%) committed,  1 nodes.
             Both:        1.01 GB reserved,       2.44 MB ( <1%) committed. 

Chunk freelists:
   Non-Class:  3.77 MB
       Class:  3.70 MB
        Both:  7.47 MB

MaxMetaspaceSize: unlimited
CompressedClassSpaceSize: 1.00 GB
Initial GC threshold: 21.00 MB
Current GC threshold: 21.00 MB
CDS: on
MetaspaceReclaimPolicy: balanced
 - commit_granule_bytes: 65536.
 - commit_granule_words: 8192.
 - virtual_space_node_default_size: 1048576.
 - enlarge_chunks_in_place: 1.
 - new_chunks_are_fully_committed: 0.
 - uncommit_free_chunks: 1.
 - use_allocation_guard: 0.
 - handle_deallocations: 1.


Internal statistics:

num_allocs_failed_limit: 0.
num_arena_births: 18.
num_arena_deaths: 0.
num_vsnodes_births: 2.
num_vsnodes_deaths: 0.
num_space_committed: 39.
num_space_uncommitted: 0.
num_chunks_returned_to_freelist: 0.
num_chunks_taken_from_freelist: 40.
num_chunk_merges: 0.
num_chunk_splits: 21.
num_chunks_enlarged: 13.
num_purges: 0.
num_inconsistent_stats: 0.

CodeHeap 'non-profiled nmethods': size=120000Kb used=187Kb max_used=187Kb free=119812Kb
 bounds [0x000001dbbe9f0000, 0x000001dbbec60000, 0x000001dbc5f20000]
CodeHeap 'profiled nmethods': size=120000Kb used=1017Kb max_used=1017Kb free=118982Kb
 bounds [0x000001dbb74c0000, 0x000001dbb7730000, 0x000001dbbe9f0000]
CodeHeap 'non-nmethods': size=5760Kb used=1134Kb max_used=1151Kb free=4625Kb
 bounds [0x000001dbb6f20000, 0x000001dbb7190000, 0x000001dbb74c0000]
 total_blobs=985 nmethods=565 adapters=333
 compilation: enabled
              stopped_count=0, restarted_count=0
 full_count=0

Compilation events (20 events):
Event: 0.263 Thread 0x000001dbd9b45330 nmethod 557 0x000001dbb75ad010 code [0x000001dbb75ad1a0, 0x000001dbb75ad2e8]
Event: 0.263 Thread 0x000001dbd9b45330  556       3       java.util.ArrayDeque::addLast (51 bytes)
Event: 0.264 Thread 0x000001dbdc8f6f00  560       4       java.lang.StringLatin1::indexOf (121 bytes)
Event: 0.264 Thread 0x000001dbd9b45330 nmethod 556 0x000001dbb75ad390 code [0x000001dbb75ad560, 0x000001dbb75ada38]
Event: 0.264 Thread 0x000001dbd9b45330  558       3       java.lang.String::toLowerCase (8 bytes)
Event: 0.264 Thread 0x000001dbd9b45330 nmethod 558 0x000001dbb75adc10 code [0x000001dbb75adde0, 0x000001dbb75ae178]
Event: 0.264 Thread 0x000001dbd9b45330  559       3       java.util.Locale::getDefault (4 bytes)
Event: 0.264 Thread 0x000001dbd9b45330 nmethod 559 0x000001dbb75ae290 code [0x000001dbb75ae420, 0x000001dbb75ae518]
Event: 0.264 Thread 0x000001dbdc6848e0 nmethod 543 0x000001dbbea1da10 code [0x000001dbbea1db80, 0x000001dbbea1de98]
Event: 0.264 Thread 0x000001dbd9b45330  562       3       sun.net.www.protocol.file.Handler::parseURL (18 bytes)
Event: 0.265 Thread 0x000001dbd9b45330 nmethod 562 0x000001dbb75ae590 code [0x000001dbb75ae740, 0x000001dbb75ae8f8]
Event: 0.265 Thread 0x000001dbd9b45330  563       3       java.net.URLStreamHandler::parseURL (1201 bytes)
Event: 0.269 Thread 0x000001dbdc8f6f00 nmethod 560 0x000001dbbea1df90 code [0x000001dbbea1e120, 0x000001dbbea1e618]
Event: 0.271 Thread 0x000001dbd9b45330 nmethod 563 0x000001dbb75aea10 code [0x000001dbb75afb40, 0x000001dbb75ba208]
Event: 0.271 Thread 0x000001dbd9b45330  564       3       java.lang.String::toString (2 bytes)
Event: 0.271 Thread 0x000001dbd9b45330 nmethod 564 0x000001dbb75be110 code [0x000001dbb75be2a0, 0x000001dbb75be3b8]
Event: 0.271 Thread 0x000001dbd9b45330  566       1       java.security.CodeSource::getLocationNoFragString (5 bytes)
Event: 0.271 Thread 0x000001dbd9b45330 nmethod 566 0x000001dbbea1e890 code [0x000001dbbea1ea20, 0x000001dbbea1eaf8]
Event: 0.271 Thread 0x000001dbd9b45330  565       1       java.lang.reflect.Method::getName (5 bytes)
Event: 0.271 Thread 0x000001dbd9b45330 nmethod 565 0x000001dbbea1eb90 code [0x000001dbbea1ed20, 0x000001dbbea1edf8]

GC Heap History (0 events):
No events

Deoptimization events (20 events):
Event: 0.087 Thread 0x000001dbaf2e0830 Uncommon trap: trap_request=0xffffff45 fr.pc=0x000001dbbe9fe4e0 relative=0x0000000000000880
Event: 0.087 Thread 0x000001dbaf2e0830 Uncommon trap: reason=unstable_if action=reinterpret pc=0x000001dbbe9fe4e0 method=java.util.HashMap.putVal(ILjava/lang/Object;Ljava/lang/Object;ZZ)Ljava/lang/Object; @ 181 c2
Event: 0.087 Thread 0x000001dbaf2e0830 DEOPT PACKING pc=0x000001dbbe9fe4e0 sp=0x000000adf5cfea20
Event: 0.087 Thread 0x000001dbaf2e0830 DEOPT UNPACKING pc=0x000001dbb6f723a3 sp=0x000000adf5cfe9c0 mode 2
Event: 0.101 Thread 0x000001dbaf2e0830 Uncommon trap: trap_request=0xffffff45 fr.pc=0x000001dbbea03c94 relative=0x0000000000000174
Event: 0.101 Thread 0x000001dbaf2e0830 Uncommon trap: reason=unstable_if action=reinterpret pc=0x000001dbbea03c94 method=java.util.zip.ZipFile$Source.isMetaName([BII)Z @ 43 c2
Event: 0.101 Thread 0x000001dbaf2e0830 DEOPT PACKING pc=0x000001dbbea03c94 sp=0x000000adf5cfe170
Event: 0.101 Thread 0x000001dbaf2e0830 DEOPT UNPACKING pc=0x000001dbb6f723a3 sp=0x000000adf5cfe118 mode 2
Event: 0.159 Thread 0x000001dbaf2e0830 Uncommon trap: trap_request=0xffffff45 fr.pc=0x000001dbbea0b698 relative=0x0000000000000178
Event: 0.159 Thread 0x000001dbaf2e0830 Uncommon trap: reason=unstable_if action=reinterpret pc=0x000001dbbea0b698 method=java.util.zip.ZipFile$Source.isMetaName([BII)Z @ 57 c2
Event: 0.159 Thread 0x000001dbaf2e0830 DEOPT PACKING pc=0x000001dbbea0b698 sp=0x000000adf5cfe0a0
Event: 0.159 Thread 0x000001dbaf2e0830 DEOPT UNPACKING pc=0x000001dbb6f723a3 sp=0x000000adf5cfe030 mode 2
Event: 0.191 Thread 0x000001dbaf2e0830 Uncommon trap: trap_request=0xffffff45 fr.pc=0x000001dbbea04ee4 relative=0x0000000000000064
Event: 0.191 Thread 0x000001dbaf2e0830 Uncommon trap: reason=unstable_if action=reinterpret pc=0x000001dbbea04ee4 method=java.io.WinNTFileSystem.isSlash(C)Z @ 9 c2
Event: 0.191 Thread 0x000001dbaf2e0830 DEOPT PACKING pc=0x000001dbbea04ee4 sp=0x000000adf5cfd370
Event: 0.191 Thread 0x000001dbaf2e0830 DEOPT UNPACKING pc=0x000001dbb6f723a3 sp=0x000000adf5cfd2f8 mode 2
Event: 0.257 Thread 0x000001dbaf2e0830 DEOPT PACKING pc=0x000001dbb74ce9be sp=0x000000adf5cfd900
Event: 0.257 Thread 0x000001dbaf2e0830 DEOPT UNPACKING pc=0x000001dbb6f72b43 sp=0x000000adf5cfcda0 mode 0
Event: 0.264 Thread 0x000001dbaf2e0830 DEOPT PACKING pc=0x000001dbb74f2965 sp=0x000000adf5cf8fe0
Event: 0.264 Thread 0x000001dbaf2e0830 DEOPT UNPACKING pc=0x000001dbb6f72b43 sp=0x000000adf5cf8430 mode 0

Classes unloaded (0 events):
No events

Classes redefined (0 events):
No events

Internal exceptions (4 events):
Event: 0.169 Thread 0x000001dbdd52edf0 Exception <a 'java/lang/NoSuchMethodError'{0x0000000623088038}: 'java.lang.Object java.lang.invoke.DirectMethodHandle$Holder.invokeStaticInit(java.lang.Object)'> (0x0000000623088038) 
thrown [s\open\src\hotspot\share\interpreter\linkResolver.cpp, line 759]
Event: 0.174 Thread 0x000001dbdd52edf0 Exception <a 'java/lang/NoSuchMethodError'{0x0000000623095f28}: 'void java.lang.invoke.DirectMethodHandle$Holder.invokeStatic(java.lang.Object, java.lang.Object)'> (0x0000000623095f28) 
thrown [s\open\src\hotspot\share\interpreter\linkResolver.cpp, line 759]
Event: 0.200 Thread 0x000001dbaf2e0830 Exception <a 'java/lang/NoSuchMethodError'{0x0000000623163cd0}: 'java.lang.Object java.lang.invoke.DirectMethodHandle$Holder.invokeStaticInit(java.lang.Object, int, int, int, int)'> (0x0000000623163cd0) 
thrown [s\open\src\hotspot\share\interpreter\linkResolver.cpp, line 759]
Event: 0.232 Thread 0x000001dbaf2e0830 Exception <a 'java/lang/NoSuchMethodError'{0x000000062320c548}: 'java.lang.Object java.lang.invoke.DirectMethodHandle$Holder.invokeStaticInit(java.lang.Object, java.lang.Object, int, int, int, int)'> (0x000000062320c548) 
thrown [s\open\src\hotspot\share\interpreter\linkResolver.cpp, line 759]

VM Operations (6 events):
Event: 0.168 Executing VM operation: HandshakeAllThreads
Event: 0.168 Executing VM operation: HandshakeAllThreads done
Event: 0.172 Executing VM operation: HandshakeAllThreads
Event: 0.172 Executing VM operation: HandshakeAllThreads done
Event: 0.191 Executing VM operation: HandshakeAllThreads
Event: 0.191 Executing VM operation: HandshakeAllThreads done

Events (20 events):
Event: 0.259 loading class java/util/LinkedHashMap$LinkedValueIterator
Event: 0.259 loading class java/util/LinkedHashMap$LinkedValueIterator done
Event: 0.259 loading class java/lang/reflect/ProxyGenerator
Event: 0.259 loading class java/lang/reflect/ProxyGenerator done
Event: 0.259 loading class java/lang/reflect/ProxyGenerator$ProxyMethod
Event: 0.259 loading class java/lang/reflect/ProxyGenerator$ProxyMethod done
Event: 0.260 loading class java/lang/reflect/ProxyGenerator$PrimitiveTypeInfo
Event: 0.260 loading class java/lang/reflect/ProxyGenerator$PrimitiveTypeInfo done
Event: 0.260 loading class jdk/internal/org/objectweb/asm/Edge
Event: 0.260 loading class jdk/internal/org/objectweb/asm/Edge done
Event: 0.261 loading class java/lang/reflect/UndeclaredThrowableException
Event: 0.261 loading class java/lang/reflect/UndeclaredThrowableException done
Event: 0.261 loading class java/lang/reflect/Proxy$ProxyBuilder$1
Event: 0.261 loading class java/lang/reflect/Proxy$ProxyBuilder$1 done
Event: 0.264 loading class java/lang/SecurityException
Event: 0.264 loading class java/lang/SecurityException done
Event: 0.265 loading class java/lang/reflect/TypeVariable
Event: 0.265 loading class java/lang/reflect/TypeVariable done
Event: 0.265 loading class java/lang/reflect/AnnotatedType
Event: 0.265 loading class java/lang/reflect/AnnotatedType done


Dynamic libraries:
0x00007ff7fd8f0000 - 0x00007ff7fd900000 	E:\jdk-17.05\bin\java.exe
0x00007ffe983d0000 - 0x00007ffe985c5000 	C:\Windows\SYSTEM32\ntdll.dll
0x00007ffe96ab0000 - 0x00007ffe96b6e000 	C:\Windows\System32\KERNEL32.DLL
0x00007ffe95b50000 - 0x00007ffe95e18000 	C:\Windows\System32\KERNELBASE.dll
0x00007ffe95f40000 - 0x00007ffe96040000 	C:\Windows\System32\ucrtbase.dll
0x00007ffe798e0000 - 0x00007ffe798f8000 	E:\jdk-17.05\bin\jli.dll
0x00007ffe7beb0000 - 0x00007ffe7beca000 	E:\jdk-17.05\bin\VCRUNTIME140.dll
0x00007ffe962d0000 - 0x00007ffe9637c000 	C:\Windows\System32\ADVAPI32.dll
0x00007ffe96d60000 - 0x00007ffe96dfe000 	C:\Windows\System32\msvcrt.dll
0x00007ffe96b90000 - 0x00007ffe96c2b000 	C:\Windows\System32\sechost.dll
0x00007ffe97630000 - 0x00007ffe9775a000 	C:\Windows\System32\RPCRT4.dll
0x00007ffe96600000 - 0x00007ffe967a1000 	C:\Windows\System32\USER32.dll
0x00007ffe95e20000 - 0x00007ffe95e42000 	C:\Windows\System32\win32u.dll
0x00007ffe97760000 - 0x00007ffe9778b000 	C:\Windows\System32\GDI32.dll
0x00007ffe7fe40000 - 0x00007ffe800da000 	C:\Windows\WinSxS\amd64_microsoft.windows.common-controls_6595b64144ccf1df_6.0.19041.1110_none_60b5254171f9507e\COMCTL32.dll
0x00007ffe95a40000 - 0x00007ffe95b4d000 	C:\Windows\System32\gdi32full.dll
0x00007ffe957e0000 - 0x00007ffe9587d000 	C:\Windows\System32\msvcp_win.dll
0x00007ffe952f0000 - 0x00007ffe952fa000 	C:\Windows\SYSTEM32\VERSION.dll
0x00007ffe96280000 - 0x00007ffe962b0000 	C:\Windows\System32\IMM32.DLL
0x0000000072ca0000 - 0x0000000072cad000 	C:\Program Files (x86)\360\360Safe\safemon\SafeWrapper.dll
0x00007ffe83410000 - 0x00007ffe83513000 	C:\Program Files (x86)\360\360Safe\safemon\libzdtp64.dll
0x00007ffe96e00000 - 0x00007ffe97544000 	C:\Windows\System32\SHELL32.dll
0x00007ffe97800000 - 0x00007ffe97855000 	C:\Windows\System32\SHLWAPI.dll
0x00007ffe7e3f0000 - 0x00007ffe7e3fc000 	E:\jdk-17.05\bin\vcruntime140_1.dll
0x00007ffe6a950000 - 0x00007ffe6a9dd000 	E:\jdk-17.05\bin\msvcp140.dll
0x00007ffe30730000 - 0x00007ffe312f2000 	E:\jdk-17.05\bin\server\jvm.dll
0x00007ffe96250000 - 0x00007ffe96258000 	C:\Windows\System32\PSAPI.DLL
0x00007ffe82cf0000 - 0x00007ffe82cf9000 	C:\Windows\SYSTEM32\WSOCK32.dll
0x00007ffe97790000 - 0x00007ffe977fb000 	C:\Windows\System32\WS2_32.dll
0x00007ffe82d70000 - 0x00007ffe82d97000 	C:\Windows\SYSTEM32\WINMM.dll
0x00007ffe95f20000 - 0x00007ffe95f32000 	C:\Windows\System32\kernel.appcore.dll
0x00007ffe7c750000 - 0x00007ffe7c75a000 	E:\jdk-17.05\bin\jimage.dll
0x00007ffe93370000 - 0x00007ffe93554000 	C:\Windows\SYSTEM32\DBGHELP.DLL
0x00007ffe80a40000 - 0x00007ffe80a6c000 	C:\Windows\SYSTEM32\dbgcore.DLL
0x00007ffe959b0000 - 0x00007ffe95a32000 	C:\Windows\System32\bcryptPrimitives.dll
0x00007ffe920c0000 - 0x00007ffe920ce000 	E:\jdk-17.05\bin\instrument.dll
0x00007ffe798b0000 - 0x00007ffe798d5000 	E:\jdk-17.05\bin\java.dll
0x00007ffe44cf0000 - 0x00007ffe44dc6000 	E:\jdk-17.05\bin\jsvml.dll
0x00007ffe93960000 - 0x00007ffe940f4000 	C:\Windows\SYSTEM32\windows.storage.dll
0x00007ffe97860000 - 0x00007ffe97bb5000 	C:\Windows\System32\combase.dll
0x00007ffe950d0000 - 0x00007ffe950fe000 	C:\Windows\SYSTEM32\Wldp.dll
0x00007ffe98040000 - 0x00007ffe980ed000 	C:\Windows\System32\SHCORE.dll
0x00007ffe956b0000 - 0x00007ffe956cf000 	C:\Windows\SYSTEM32\profapi.dll
0x00007ffe6ec30000 - 0x00007ffe6ec48000 	E:\jdk-17.05\bin\zip.dll
0x00007ffe722c0000 - 0x00007ffe722d9000 	E:\jdk-17.05\bin\net.dll
0x00007ffe91d90000 - 0x00007ffe91e9c000 	C:\Windows\SYSTEM32\WINHTTP.dll
0x00007ffe94e30000 - 0x00007ffe94e9a000 	C:\Windows\system32\mswsock.dll
0x00007ffe722a0000 - 0x00007ffe722b6000 	E:\jdk-17.05\bin\nio.dll
0x00007ffe7d6d0000 - 0x00007ffe7d6ea000 	D:\IntelliJ IDEA 2022.3\bin\breakgen64.dll
0x00007ffe6eb90000 - 0x00007ffe6eba0000 	E:\jdk-17.05\bin\verify.dll
0x00007ffe95030000 - 0x00007ffe95048000 	C:\Windows\SYSTEM32\CRYPTSP.dll
0x00007ffe947b0000 - 0x00007ffe947e4000 	C:\Windows\system32\rsaenh.dll
0x00007ffe95ef0000 - 0x00007ffe95f17000 	C:\Windows\System32\bcrypt.dll
0x00007ffe95670000 - 0x00007ffe9569e000 	C:\Windows\SYSTEM32\USERENV.dll
0x00007ffe95020000 - 0x00007ffe9502c000 	C:\Windows\SYSTEM32\CRYPTBASE.dll
0x00007ffe94b20000 - 0x00007ffe94b5b000 	C:\Windows\SYSTEM32\IPHLPAPI.DLL
0x00007ffe962b0000 - 0x00007ffe962b8000 	C:\Windows\System32\NSI.dll
0x00007ffe903e0000 - 0x00007ffe903f7000 	C:\Windows\SYSTEM32\dhcpcsvc6.DLL
0x00007ffe903c0000 - 0x00007ffe903dd000 	C:\Windows\SYSTEM32\dhcpcsvc.DLL
0x00007ffe94b60000 - 0x00007ffe94c2b000 	C:\Windows\SYSTEM32\DNSAPI.dll
0x0000000180000000 - 0x0000000180031000 	C:\Users\Administrator\AppData\Local\Temp\jna14063751697421367030.tmp
0x00007ffe2f0c0000 - 0x00007ffe2f222000 	D:\Documents\WeChat Files\wxid_chyxeiwg3hv922\FileStorage\File\2024-08\testDll\dll64.dll

dbghelp: loaded successfully - version: 4.0.5 - missing functions: none
symbol engine: initialized successfully - sym options: 0x614 - pdb path: .;E:\jdk-17.05\bin;C:\Windows\SYSTEM32;C:\Windows\WinSxS\amd64_microsoft.windows.common-controls_6595b64144ccf1df_6.0.19041.1110_none_60b5254171f9507e;C:\Program Files (x86)\360\360Safe\safemon;E:\jdk-17.05\bin\server;D:\IntelliJ IDEA 2022.3\bin;C:\Users\Administrator\AppData\Local\Temp;D:\Documents\WeChat Files\wxid_chyxeiwg3hv922\FileStorage\File\2024-08\testDll

VM Arguments:
jvm_args: -javaagent:D:\IntelliJ IDEA 2022.3\lib\idea_rt.jar=51175:D:\IntelliJ IDEA 2022.3\bin -Dfile.encoding=UTF-8 
java_command: com.yt.server.Test
java_class_path (initial): E:\aaa\spring-native-ytserver-gradle-high\out\production\classes;E:\aaa\spring-native-ytserver-gradle-high\out\production\resources;E:\aaa\spring-native-ytserver-gradle-high\out\aot\classes;E:\aaa\spring-native-ytserver-gradle-high\out\aot\resources;D:\gradle\caches\modules-2\files-2.1\org.springframework.boot\spring-boot-starter-web\3.0.2\3f6a2cb4cb11bac3611f5a95e234589eb190dd29\spring-boot-starter-web-3.0.2.jar;D:\gradle\caches\modules-2\files-2.1\org.mybatis.spring.boot\mybatis-spring-boot-starter\3.0.1\24dc6d5ea60fe36c0310681c16a25e9c7d9c45ce\mybatis-spring-boot-starter-3.0.1.jar;D:\gradle\caches\modules-2\files-2.1\ch.qos.logback\logback-classic\1.4.5\28e7dc0b208d6c3f15beefd73976e064b4ecfa9b\logback-classic-1.4.5.jar;D:\gradle\caches\modules-2\files-2.1\org.javassist\javassist\3.29.2-GA\6c32028609e5dd4a1b78e10fbcd122b09b3928b1\javassist-3.29.2-GA.jar;D:\gradle\caches\modules-2\files-2.1\com.github.pagehelper\pagehelper\5.3.2\a6b2439ba65b849dda324268fa121fe3584dad59\pagehelper-5.3.2.jar;D:\gradle\caches\modules-2\files-2.1\com.github.ggalmazor\lt_downsampling_java8\0.0.7\2e4eb07d59e717664c128edad0b443aa8abe4365\lt_downsampling_java8-0.0.7.jar;D:\gradle\caches\modules-2\files-2.1\com.fasterxml.jackson.core\jackson-databind\2.14.1\268524b9056cae1211b9f1f52560ef19347f4d17\jackson-databind-2.14.1.jar;D:\gradle\caches\modules-2\files-2.1\com.zaxxer\HikariCP\5.0.1\a74c7f0a37046846e88d54f7cb6ea6d565c65f9c\HikariCP-5.0.1.jar;D:\gradle\caches\modules-2\files-2.1\commons-io\commons-io\2.11.0\a2503f302b11ebde7ebc3df41daebe0e4eea3689\commons-io-2.11.0.jar;D:\gradle\caches\modules-2\files-2.1\commons-codec\commons-codec\1.15\49d94806b6e3dc933dacbd8acb0fdbab8ebd1e5d\commons-codec-1.15.jar;D:\gradle\caches\modules-2\files-2.1\org.apache.commons\commons-lang3\3.12.0\c6842c86792ff03b9f1d1fe2aab8dc23aa6c6f0e\commons-lang3-3.12.0.jar;D:\gradle\caches\modules-2\files-2.1\com.google.code.gson\gson\2.9.1\2cc2131b98ebfb04e2b2c7dfb84431f4045096b\gson-2.9.1.
Launcher Type: SUN_STANDARD

[Global flags]
     intx CICompilerCount                          = 4                                         {product} {ergonomic}
     uint ConcGCThreads                            = 3                                         {product} {ergonomic}
     uint G1ConcRefinementThreads                  = 10                                        {product} {ergonomic}
   size_t G1HeapRegionSize                         = 4194304                                   {product} {ergonomic}
    uintx GCDrainStackTargetSize                   = 64                                        {product} {ergonomic}
   size_t InitialHeapSize                          = 532676608                                 {product} {ergonomic}
   size_t MarkStackSize                            = 4194304                                   {product} {ergonomic}
   size_t MaxHeapSize                              = 8522825728                                {product} {ergonomic}
   size_t MaxNewSize                               = 5112856576                                {product} {ergonomic}
   size_t MinHeapDeltaBytes                        = 4194304                                   {product} {ergonomic}
   size_t MinHeapSize                              = 8388608                                   {product} {ergonomic}
    uintx NonNMethodCodeHeapSize                   = 5839372                                {pd product} {ergonomic}
    uintx NonProfiledCodeHeapSize                  = 122909434                              {pd product} {ergonomic}
    uintx ProfiledCodeHeapSize                     = 122909434                              {pd product} {ergonomic}
    uintx ReservedCodeCacheSize                    = 251658240                              {pd product} {ergonomic}
     bool SegmentedCodeCache                       = true                                      {product} {ergonomic}
   size_t SoftMaxHeapSize                          = 8522825728                             {manageable} {ergonomic}
     bool UseCompressedClassPointers               = true                           {product lp64_product} {ergonomic}
     bool UseCompressedOops                        = true                           {product lp64_product} {ergonomic}
     bool UseG1GC                                  = true                                      {product} {ergonomic}
     bool UseLargePagesIndividualAllocation        = false                                  {pd product} {ergonomic}

Logging:
Log output configuration:
 #0: stdout all=warning uptime,level,tags
 #1: stderr all=off uptime,level,tags

Environment Variables:
JAVA_HOME=E:\jdk11\bin333
PATH=D:\vmware\bin\;C:\Windows\system32;C:\Windows;C:\Windows\System32\Wbem;C:\Windows\System32\WindowsPowerShell\v1.0\;C:\Windows\System32\OpenSSH\;C:\Program Files (x86)\Microsoft Visual Studio\2022\BuildTools\VC\Tools\MSVC\14.29.30133\bin\HostX64\x64;F:\xshell6\;G:\VMware Workstation\bin\;C:\Windows\system32;C:\Windows;C:\Windows\System32\Wbem;C:\Windows\System32\WindowsPowerShell\v1.0\;C:\Windows\System32\OpenSSH\;C:\Program Files (x86)\NVIDIA Corporation\PhysX\Common;C:\Program Files\NVIDIA Corporation\NVIDIA NvDLISR;E:\Git\cmd;C:\Program Files\TortoiseSVN\bin;E:\graalvm\graalvm-ce-java17-22.3.0\bin;C:\Program Files (x86)\Windows Kits\10\Include\10.0.18362.0\ucrt;C:\Program Files (x86)\Windows Kits\10\Include\10.0.18362.0\um;C:\Program Files (x86)\Windows Kits\10\Include\10.0.18362.0\shared;C:\Program Files (x86)\Windows Kits\10\Include\10.0.18362.0\cppwinrt;C:\Program Files (x86)\Windows Kits\10\Include\10.0.18362.0\winrt;C:\Program Files (x86)\Microsoft Visual Studio\2022\BuildTools\VC\Tools\MSVC\14.29.30133\include;C:\Program Files (x86)\Windows Kits\10\Lib\10.0.18362.0\um\x64;C:\Program Files (x86)\Windows Kits\10\Lib\10.0.18362.0\ucrt\x64;C:\Program Files (x86)\Microsoft Visual Studio\2022\BuildTools\VC\Tools\MSVC\14.29.30133\lib\x64;E:\apache-maven-3.8.4\bin;C:\Users\Administrator\AppData\Roaming\npm;D:\gradle\bin;C:\Program Files\Docker\Docker\resources\bin;C:\TDengine;D:\Git\cmd;E:\mingGw\mingw64\bin;E:\xtrabackup\xtrabackup-1.6.32bit;C:\Program Files\nodejs\;E:\jdk11\bin333;D:\xshell\;C:\Program Files (x86)\Windows Kits\10\Windows Performance Toolkit\;E:\adb\platform-tools;C:\Users\Administrator\AppData\Local\Programs\Python\Python311\Scripts\;C:\Users\Administrator\AppData\Local\Programs\Python\Python311\;C:\Users\Administrator\AppData\Local\Microsoft\WindowsApps;D:\IntelliJ IDEA 2022.3\bin;D:\Microsoft VS Code\bin
USERNAME=Administrator
OS=Windows_NT
PROCESSOR_IDENTIFIER=Intel64 Family 6 Model 151 Stepping 5, GenuineIntel



---------------  S Y S T E M  ---------------

OS:
 Windows 10 , 64 bit Build 19041 (10.0.19041.1348)
OS uptime: 0 days 0:09 hours

CPU: total 12 (initial active 12) (6 cores per cpu, 2 threads per core) family 6 model 151 stepping 5 microcode 0x1f, cx8, cmov, fxsr, ht, mmx, 3dnowpref, sse, sse2, sse3, ssse3, sse4.1, sse4.2, popcnt, lzcnt, tsc, tscinvbit, avx, avx2, aes, erms, clmul, bmi1, bmi2, adx, sha, fma, vzeroupper, clflush, clflushopt, clwb

Memory: 4k page, system-wide physical 32509M (22731M free)
TotalPageFile size 65277M (AvailPageFile size 53598M)
current process WorkingSet (physical memory assigned to process): 57M, peak: 57M
current process commit charge ("private bytes"): 622M, peak: 622M

vm_info: Java HotSpot(TM) 64-Bit Server VM (17.0.5+9-LTS-191) for windows-amd64 JRE (17.0.5+9-LTS-191), built on Sep 13 2022 17:31:43 by "mach5one" with MS VC++ 16.8 / 16.9 (VS2019)

END.
